----------------------------------------
Begin PBS Prologue Fri Jan  6 18:03:42 EST 2017 1483743822
Job ID:		75668162.gm-1r16-n04.guillimin.clumeq.ca
Username:	akashi
Group:		rck-371-01
Nodes:		sw-4r03-n53
End PBS Prologue Fri Jan  6 18:03:42 EST 2017 1483743822
----------------------------------------
Unsteady: 100000 1 0 0 vanleer 0.2 0.2 1
Euler1d: Using Van Leer numerical flux.
Euler1d: No slope reconstruction to be used.
MUSCLReconstruction: Using Van Albada limiter
Euler1d: Using MUSCL face reconstruction.
Euler1dExplicit: Using 1-stage TVD RK scheme; loaded coefficients.
Euler1dExplicit: run(): Step 0 - Time = 0
Euler1dExplicit: run(): Step 10 - Time = 1.48922e-05
Euler1dExplicit: run(): Step 20 - Time = 2.86333e-05
Euler1dExplicit: run(): Step 30 - Time = 4.19455e-05
Euler1dExplicit: run(): Step 40 - Time = 5.50908e-05
Euler1dExplicit: run(): Step 50 - Time = 6.81936e-05
Euler1dExplicit: run(): Step 60 - Time = 8.12931e-05
Euler1dExplicit: run(): Step 70 - Time = 9.43926e-05
Euler1dExplicit: run(): Step 80 - Time = 0.000107492
Euler1dExplicit: run(): Step 90 - Time = 0.000120592
Euler1dExplicit: run(): Step 100 - Time = 0.000133691
Euler1dExplicit: run(): Step 110 - Time = 0.000146791
Euler1dExplicit: run(): Step 120 - Time = 0.00015989
Euler1dExplicit: run(): Step 130 - Time = 0.00017299
Euler1dExplicit: run(): Step 140 - Time = 0.000186089
Euler1dExplicit: run(): Step 150 - Time = 0.000199189
Euler1dExplicit: run(): Step 160 - Time = 0.000212288
Euler1dExplicit: run(): Step 170 - Time = 0.000225388
Euler1dExplicit: run(): Step 180 - Time = 0.000238488
Euler1dExplicit: run(): Step 190 - Time = 0.000251587
Euler1dExplicit: run(): Step 200 - Time = 0.000264687
Euler1dExplicit: run(): Step 210 - Time = 0.000277786
Euler1dExplicit: run(): Step 220 - Time = 0.000290886
Euler1dExplicit: run(): Step 230 - Time = 0.000303985
Euler1dExplicit: run(): Step 240 - Time = 0.000317085
Euler1dExplicit: run(): Step 250 - Time = 0.000330184
Euler1dExplicit: run(): Step 260 - Time = 0.000343284
Euler1dExplicit: run(): Step 270 - Time = 0.000356383
Euler1dExplicit: run(): Step 280 - Time = 0.000369483
Euler1dExplicit: run(): Step 290 - Time = 0.000382582
Euler1dExplicit: run(): Step 300 - Time = 0.000395682
Euler1dExplicit: run(): Step 310 - Time = 0.000408781
Euler1dExplicit: run(): Step 320 - Time = 0.000421881
Euler1dExplicit: run(): Step 330 - Time = 0.000434981
Euler1dExplicit: run(): Step 340 - Time = 0.00044808
Euler1dExplicit: run(): Step 350 - Time = 0.00046118
Euler1dExplicit: run(): Step 360 - Time = 0.000474279
Euler1dExplicit: run(): Step 370 - Time = 0.000487379
Euler1dExplicit: run(): Step 380 - Time = 0.000500478
Euler1dExplicit: run(): Step 390 - Time = 0.000513578
Euler1dExplicit: run(): Step 400 - Time = 0.000526677
Euler1dExplicit: run(): Step 410 - Time = 0.000539777
Euler1dExplicit: run(): Step 420 - Time = 0.000552876
Euler1dExplicit: run(): Step 430 - Time = 0.000565976
Euler1dExplicit: run(): Step 440 - Time = 0.000579075
Euler1dExplicit: run(): Step 450 - Time = 0.000592175
Euler1dExplicit: run(): Step 460 - Time = 0.000605275
Euler1dExplicit: run(): Step 470 - Time = 0.000618374
Euler1dExplicit: run(): Step 480 - Time = 0.000631474
Euler1dExplicit: run(): Step 490 - Time = 0.000644573
Euler1dExplicit: run(): Step 500 - Time = 0.000657673
Euler1dExplicit: run(): Step 510 - Time = 0.000670772
Euler1dExplicit: run(): Step 520 - Time = 0.000683872
Euler1dExplicit: run(): Step 530 - Time = 0.000696971
Euler1dExplicit: run(): Step 540 - Time = 0.000710071
Euler1dExplicit: run(): Step 550 - Time = 0.00072317
Euler1dExplicit: run(): Step 560 - Time = 0.00073627
Euler1dExplicit: run(): Step 570 - Time = 0.000749369
Euler1dExplicit: run(): Step 580 - Time = 0.000762469
Euler1dExplicit: run(): Step 590 - Time = 0.000775569
Euler1dExplicit: run(): Step 600 - Time = 0.000788668
Euler1dExplicit: run(): Step 610 - Time = 0.000801768
Euler1dExplicit: run(): Step 620 - Time = 0.000814867
Euler1dExplicit: run(): Step 630 - Time = 0.000827967
Euler1dExplicit: run(): Step 640 - Time = 0.000841066
Euler1dExplicit: run(): Step 650 - Time = 0.000854166
Euler1dExplicit: run(): Step 660 - Time = 0.000867265
Euler1dExplicit: run(): Step 670 - Time = 0.000880365
Euler1dExplicit: run(): Step 680 - Time = 0.000893464
Euler1dExplicit: run(): Step 690 - Time = 0.000906564
Euler1dExplicit: run(): Step 700 - Time = 0.000919663
Euler1dExplicit: run(): Step 710 - Time = 0.000932763
Euler1dExplicit: run(): Step 720 - Time = 0.000945862
Euler1dExplicit: run(): Step 730 - Time = 0.000958962
Euler1dExplicit: run(): Step 740 - Time = 0.000972062
Euler1dExplicit: run(): Step 750 - Time = 0.000985161
Euler1dExplicit: run(): Step 760 - Time = 0.000998261
Euler1dExplicit: run(): Step 770 - Time = 0.00101136
Euler1dExplicit: run(): Step 780 - Time = 0.00102446
Euler1dExplicit: run(): Step 790 - Time = 0.00103756
Euler1dExplicit: run(): Step 800 - Time = 0.00105066
Euler1dExplicit: run(): Step 810 - Time = 0.00106376
Euler1dExplicit: run(): Step 820 - Time = 0.00107686
Euler1dExplicit: run(): Step 830 - Time = 0.00108996
Euler1dExplicit: run(): Step 840 - Time = 0.00110306
Euler1dExplicit: run(): Step 850 - Time = 0.00111616
Euler1dExplicit: run(): Step 860 - Time = 0.00112926
Euler1dExplicit: run(): Step 870 - Time = 0.00114236
Euler1dExplicit: run(): Step 880 - Time = 0.00115546
Euler1dExplicit: run(): Step 890 - Time = 0.00116855
Euler1dExplicit: run(): Step 900 - Time = 0.00118165
Euler1dExplicit: run(): Step 910 - Time = 0.00119475
Euler1dExplicit: run(): Step 920 - Time = 0.00120785
Euler1dExplicit: run(): Step 930 - Time = 0.00122095
Euler1dExplicit: run(): Step 940 - Time = 0.00123405
Euler1dExplicit: run(): Step 950 - Time = 0.00124715
Euler1dExplicit: run(): Step 960 - Time = 0.00126025
Euler1dExplicit: run(): Step 970 - Time = 0.00127335
Euler1dExplicit: run(): Step 980 - Time = 0.00128645
Euler1dExplicit: run(): Step 990 - Time = 0.00129955
Euler1dExplicit: run(): Step 1000 - Time = 0.00131265
Euler1dExplicit: run(): Step 1010 - Time = 0.00132575
Euler1dExplicit: run(): Step 1020 - Time = 0.00133885
Euler1dExplicit: run(): Step 1030 - Time = 0.00135195
Euler1dExplicit: run(): Step 1040 - Time = 0.00136505
Euler1dExplicit: run(): Step 1050 - Time = 0.00137815
Euler1dExplicit: run(): Step 1060 - Time = 0.00139125
Euler1dExplicit: run(): Step 1070 - Time = 0.00140435
Euler1dExplicit: run(): Step 1080 - Time = 0.00141745
Euler1dExplicit: run(): Step 1090 - Time = 0.00143055
Euler1dExplicit: run(): Step 1100 - Time = 0.00144364
Euler1dExplicit: run(): Step 1110 - Time = 0.00145674
Euler1dExplicit: run(): Step 1120 - Time = 0.00146984
Euler1dExplicit: run(): Step 1130 - Time = 0.00148294
Euler1dExplicit: run(): Step 1140 - Time = 0.00149604
Euler1dExplicit: run(): Step 1150 - Time = 0.00150914
Euler1dExplicit: run(): Step 1160 - Time = 0.00152224
Euler1dExplicit: run(): Step 1170 - Time = 0.00153534
Euler1dExplicit: run(): Step 1180 - Time = 0.00154844
Euler1dExplicit: run(): Step 1190 - Time = 0.00156154
Euler1dExplicit: run(): Step 1200 - Time = 0.00157464
Euler1dExplicit: run(): Step 1210 - Time = 0.00158774
Euler1dExplicit: run(): Step 1220 - Time = 0.00160084
Euler1dExplicit: run(): Step 1230 - Time = 0.00161394
Euler1dExplicit: run(): Step 1240 - Time = 0.00162704
Euler1dExplicit: run(): Step 1250 - Time = 0.00164014
Euler1dExplicit: run(): Step 1260 - Time = 0.00165324
Euler1dExplicit: run(): Step 1270 - Time = 0.00166634
Euler1dExplicit: run(): Step 1280 - Time = 0.00167944
Euler1dExplicit: run(): Step 1290 - Time = 0.00169254
Euler1dExplicit: run(): Step 1300 - Time = 0.00170564
Euler1dExplicit: run(): Step 1310 - Time = 0.00171874
Euler1dExplicit: run(): Step 1320 - Time = 0.00173183
Euler1dExplicit: run(): Step 1330 - Time = 0.00174493
Euler1dExplicit: run(): Step 1340 - Time = 0.00175803
Euler1dExplicit: run(): Step 1350 - Time = 0.00177113
Euler1dExplicit: run(): Step 1360 - Time = 0.00178423
Euler1dExplicit: run(): Step 1370 - Time = 0.00179733
Euler1dExplicit: run(): Step 1380 - Time = 0.00181043
Euler1dExplicit: run(): Step 1390 - Time = 0.00182353
Euler1dExplicit: run(): Step 1400 - Time = 0.00183663
Euler1dExplicit: run(): Step 1410 - Time = 0.00184973
Euler1dExplicit: run(): Step 1420 - Time = 0.00186283
Euler1dExplicit: run(): Step 1430 - Time = 0.00187593
Euler1dExplicit: run(): Step 1440 - Time = 0.00188903
Euler1dExplicit: run(): Step 1450 - Time = 0.00190213
Euler1dExplicit: run(): Step 1460 - Time = 0.00191523
Euler1dExplicit: run(): Step 1470 - Time = 0.00192833
Euler1dExplicit: run(): Step 1480 - Time = 0.00194143
Euler1dExplicit: run(): Step 1490 - Time = 0.00195453
Euler1dExplicit: run(): Step 1500 - Time = 0.00196763
Euler1dExplicit: run(): Step 1510 - Time = 0.00198073
Euler1dExplicit: run(): Step 1520 - Time = 0.00199383
Euler1dExplicit: run(): Step 1530 - Time = 0.00200692
Euler1dExplicit: run(): Step 1540 - Time = 0.00202002
Euler1dExplicit: run(): Step 1550 - Time = 0.00203312
Euler1dExplicit: run(): Step 1560 - Time = 0.00204622
Euler1dExplicit: run(): Step 1570 - Time = 0.00205932
Euler1dExplicit: run(): Step 1580 - Time = 0.00207242
Euler1dExplicit: run(): Step 1590 - Time = 0.00208552
Euler1dExplicit: run(): Step 1600 - Time = 0.00209862
Euler1dExplicit: run(): Step 1610 - Time = 0.00211172
Euler1dExplicit: run(): Step 1620 - Time = 0.00212482
Euler1dExplicit: run(): Step 1630 - Time = 0.00213792
Euler1dExplicit: run(): Step 1640 - Time = 0.00215102
Euler1dExplicit: run(): Step 1650 - Time = 0.00216412
Euler1dExplicit: run(): Step 1660 - Time = 0.00217722
Euler1dExplicit: run(): Step 1670 - Time = 0.00219032
Euler1dExplicit: run(): Step 1680 - Time = 0.00220342
Euler1dExplicit: run(): Step 1690 - Time = 0.00221652
Euler1dExplicit: run(): Step 1700 - Time = 0.00222962
Euler1dExplicit: run(): Step 1710 - Time = 0.00224272
Euler1dExplicit: run(): Step 1720 - Time = 0.00225582
Euler1dExplicit: run(): Step 1730 - Time = 0.00226892
Euler1dExplicit: run(): Step 1740 - Time = 0.00228202
Euler1dExplicit: run(): Step 1750 - Time = 0.00229511
Euler1dExplicit: run(): Step 1760 - Time = 0.00230821
Euler1dExplicit: run(): Step 1770 - Time = 0.00232131
Euler1dExplicit: run(): Step 1780 - Time = 0.00233441
Euler1dExplicit: run(): Step 1790 - Time = 0.00234751
Euler1dExplicit: run(): Step 1800 - Time = 0.00236061
Euler1dExplicit: run(): Step 1810 - Time = 0.00237371
Euler1dExplicit: run(): Step 1820 - Time = 0.00238681
Euler1dExplicit: run(): Step 1830 - Time = 0.00239991
Euler1dExplicit: run(): Step 1840 - Time = 0.00241301
Euler1dExplicit: run(): Step 1850 - Time = 0.00242611
Euler1dExplicit: run(): Step 1860 - Time = 0.00243921
Euler1dExplicit: run(): Step 1870 - Time = 0.00245231
Euler1dExplicit: run(): Step 1880 - Time = 0.00246541
Euler1dExplicit: run(): Step 1890 - Time = 0.00247851
Euler1dExplicit: run(): Step 1900 - Time = 0.00249161
Euler1dExplicit: run(): Step 1910 - Time = 0.00250471
Euler1dExplicit: run(): Step 1920 - Time = 0.00251781
Euler1dExplicit: run(): Step 1930 - Time = 0.00253091
Euler1dExplicit: run(): Step 1940 - Time = 0.00254401
Euler1dExplicit: run(): Step 1950 - Time = 0.00255711
Euler1dExplicit: run(): Step 1960 - Time = 0.0025702
Euler1dExplicit: run(): Step 1970 - Time = 0.0025833
Euler1dExplicit: run(): Step 1980 - Time = 0.0025964
Euler1dExplicit: run(): Step 1990 - Time = 0.0026095
Euler1dExplicit: run(): Step 2000 - Time = 0.0026226
Euler1dExplicit: run(): Step 2010 - Time = 0.0026357
Euler1dExplicit: run(): Step 2020 - Time = 0.0026488
Euler1dExplicit: run(): Step 2030 - Time = 0.0026619
Euler1dExplicit: run(): Step 2040 - Time = 0.002675
Euler1dExplicit: run(): Step 2050 - Time = 0.0026881
Euler1dExplicit: run(): Step 2060 - Time = 0.0027012
Euler1dExplicit: run(): Step 2070 - Time = 0.0027143
Euler1dExplicit: run(): Step 2080 - Time = 0.0027274
Euler1dExplicit: run(): Step 2090 - Time = 0.0027405
Euler1dExplicit: run(): Step 2100 - Time = 0.0027536
Euler1dExplicit: run(): Step 2110 - Time = 0.0027667
Euler1dExplicit: run(): Step 2120 - Time = 0.0027798
Euler1dExplicit: run(): Step 2130 - Time = 0.0027929
Euler1dExplicit: run(): Step 2140 - Time = 0.002806
Euler1dExplicit: run(): Step 2150 - Time = 0.0028191
Euler1dExplicit: run(): Step 2160 - Time = 0.0028322
Euler1dExplicit: run(): Step 2170 - Time = 0.0028453
Euler1dExplicit: run(): Step 2180 - Time = 0.00285839
Euler1dExplicit: run(): Step 2190 - Time = 0.00287149
Euler1dExplicit: run(): Step 2200 - Time = 0.00288459
Euler1dExplicit: run(): Step 2210 - Time = 0.00289769
Euler1dExplicit: run(): Step 2220 - Time = 0.00291079
Euler1dExplicit: run(): Step 2230 - Time = 0.00292389
Euler1dExplicit: run(): Step 2240 - Time = 0.00293699
Euler1dExplicit: run(): Step 2250 - Time = 0.00295009
Euler1dExplicit: run(): Step 2260 - Time = 0.00296319
Euler1dExplicit: run(): Step 2270 - Time = 0.00297629
Euler1dExplicit: run(): Step 2280 - Time = 0.00298939
Euler1dExplicit: run(): Step 2290 - Time = 0.00300249
Euler1dExplicit: run(): Step 2300 - Time = 0.00301559
Euler1dExplicit: run(): Step 2310 - Time = 0.00302869
Euler1dExplicit: run(): Step 2320 - Time = 0.00304179
Euler1dExplicit: run(): Step 2330 - Time = 0.00305489
Euler1dExplicit: run(): Step 2340 - Time = 0.00306799
Euler1dExplicit: run(): Step 2350 - Time = 0.00308109
Euler1dExplicit: run(): Step 2360 - Time = 0.00309419
Euler1dExplicit: run(): Step 2370 - Time = 0.00310729
Euler1dExplicit: run(): Step 2380 - Time = 0.00312039
Euler1dExplicit: run(): Step 2390 - Time = 0.00313349
Euler1dExplicit: run(): Step 2400 - Time = 0.00314658
Euler1dExplicit: run(): Step 2410 - Time = 0.00315968
Euler1dExplicit: run(): Step 2420 - Time = 0.00317278
Euler1dExplicit: run(): Step 2430 - Time = 0.00318588
Euler1dExplicit: run(): Step 2440 - Time = 0.00319898
Euler1dExplicit: run(): Step 2450 - Time = 0.00321208
Euler1dExplicit: run(): Step 2460 - Time = 0.00322518
Euler1dExplicit: run(): Step 2470 - Time = 0.00323828
Euler1dExplicit: run(): Step 2480 - Time = 0.00325138
Euler1dExplicit: run(): Step 2490 - Time = 0.00326448
Euler1dExplicit: run(): Step 2500 - Time = 0.00327758
Euler1dExplicit: run(): Step 2510 - Time = 0.00329068
Euler1dExplicit: run(): Step 2520 - Time = 0.00330378
Euler1dExplicit: run(): Step 2530 - Time = 0.00331688
Euler1dExplicit: run(): Step 2540 - Time = 0.00332998
Euler1dExplicit: run(): Step 2550 - Time = 0.00334308
Euler1dExplicit: run(): Step 2560 - Time = 0.00335618
Euler1dExplicit: run(): Step 2570 - Time = 0.00336928
Euler1dExplicit: run(): Step 2580 - Time = 0.00338238
Euler1dExplicit: run(): Step 2590 - Time = 0.00339548
Euler1dExplicit: run(): Step 2600 - Time = 0.00340858
Euler1dExplicit: run(): Step 2610 - Time = 0.00342167
Euler1dExplicit: run(): Step 2620 - Time = 0.00343477
Euler1dExplicit: run(): Step 2630 - Time = 0.00344787
Euler1dExplicit: run(): Step 2640 - Time = 0.00346097
Euler1dExplicit: run(): Step 2650 - Time = 0.00347407
Euler1dExplicit: run(): Step 2660 - Time = 0.00348717
Euler1dExplicit: run(): Step 2670 - Time = 0.00350027
Euler1dExplicit: run(): Step 2680 - Time = 0.00351337
Euler1dExplicit: run(): Step 2690 - Time = 0.00352647
Euler1dExplicit: run(): Step 2700 - Time = 0.00353957
Euler1dExplicit: run(): Step 2710 - Time = 0.00355267
Euler1dExplicit: run(): Step 2720 - Time = 0.00356577
Euler1dExplicit: run(): Step 2730 - Time = 0.00357887
Euler1dExplicit: run(): Step 2740 - Time = 0.00359197
Euler1dExplicit: run(): Step 2750 - Time = 0.00360507
Euler1dExplicit: run(): Step 2760 - Time = 0.00361817
Euler1dExplicit: run(): Step 2770 - Time = 0.00363127
Euler1dExplicit: run(): Step 2780 - Time = 0.00364437
Euler1dExplicit: run(): Step 2790 - Time = 0.00365747
Euler1dExplicit: run(): Step 2800 - Time = 0.00367057
Euler1dExplicit: run(): Step 2810 - Time = 0.00368367
Euler1dExplicit: run(): Step 2820 - Time = 0.00369677
Euler1dExplicit: run(): Step 2830 - Time = 0.00370986
Euler1dExplicit: run(): Step 2840 - Time = 0.00372296
Euler1dExplicit: run(): Step 2850 - Time = 0.00373606
Euler1dExplicit: run(): Step 2860 - Time = 0.00374916
Euler1dExplicit: run(): Step 2870 - Time = 0.00376226
Euler1dExplicit: run(): Step 2880 - Time = 0.00377536
Euler1dExplicit: run(): Step 2890 - Time = 0.00378846
Euler1dExplicit: run(): Step 2900 - Time = 0.00380156
Euler1dExplicit: run(): Step 2910 - Time = 0.00381466
Euler1dExplicit: run(): Step 2920 - Time = 0.00382776
Euler1dExplicit: run(): Step 2930 - Time = 0.00384086
Euler1dExplicit: run(): Step 2940 - Time = 0.00385396
Euler1dExplicit: run(): Step 2950 - Time = 0.00386706
Euler1dExplicit: run(): Step 2960 - Time = 0.00388016
Euler1dExplicit: run(): Step 2970 - Time = 0.00389326
Euler1dExplicit: run(): Step 2980 - Time = 0.00390636
Euler1dExplicit: run(): Step 2990 - Time = 0.00391946
Euler1dExplicit: run(): Step 3000 - Time = 0.00393256
Euler1dExplicit: run(): Step 3010 - Time = 0.00394566
Euler1dExplicit: run(): Step 3020 - Time = 0.00395876
Euler1dExplicit: run(): Step 3030 - Time = 0.00397186
Euler1dExplicit: run(): Step 3040 - Time = 0.00398495
Euler1dExplicit: run(): Step 3050 - Time = 0.00399805
Euler1dExplicit: run(): Step 3060 - Time = 0.00401115
Euler1dExplicit: run(): Step 3070 - Time = 0.00402425
Euler1dExplicit: run(): Step 3080 - Time = 0.00403735
Euler1dExplicit: run(): Step 3090 - Time = 0.00405045
Euler1dExplicit: run(): Step 3100 - Time = 0.00406355
Euler1dExplicit: run(): Step 3110 - Time = 0.00407665
Euler1dExplicit: run(): Step 3120 - Time = 0.00408975
Euler1dExplicit: run(): Step 3130 - Time = 0.00410285
Euler1dExplicit: run(): Step 3140 - Time = 0.00411595
Euler1dExplicit: run(): Step 3150 - Time = 0.00412905
Euler1dExplicit: run(): Step 3160 - Time = 0.00414215
Euler1dExplicit: run(): Step 3170 - Time = 0.00415525
Euler1dExplicit: run(): Step 3180 - Time = 0.00416835
Euler1dExplicit: run(): Step 3190 - Time = 0.00418145
Euler1dExplicit: run(): Step 3200 - Time = 0.00419455
Euler1dExplicit: run(): Step 3210 - Time = 0.00420765
Euler1dExplicit: run(): Step 3220 - Time = 0.00422075
Euler1dExplicit: run(): Step 3230 - Time = 0.00423385
Euler1dExplicit: run(): Step 3240 - Time = 0.00424695
Euler1dExplicit: run(): Step 3250 - Time = 0.00426005
Euler1dExplicit: run(): Step 3260 - Time = 0.00427314
Euler1dExplicit: run(): Step 3270 - Time = 0.00428624
Euler1dExplicit: run(): Step 3280 - Time = 0.00429934
Euler1dExplicit: run(): Step 3290 - Time = 0.00431244
Euler1dExplicit: run(): Step 3300 - Time = 0.00432554
Euler1dExplicit: run(): Step 3310 - Time = 0.00433864
Euler1dExplicit: run(): Step 3320 - Time = 0.00435174
Euler1dExplicit: run(): Step 3330 - Time = 0.00436484
Euler1dExplicit: run(): Step 3340 - Time = 0.00437794
Euler1dExplicit: run(): Step 3350 - Time = 0.00439104
Euler1dExplicit: run(): Step 3360 - Time = 0.00440414
Euler1dExplicit: run(): Step 3370 - Time = 0.00441724
Euler1dExplicit: run(): Step 3380 - Time = 0.00443034
Euler1dExplicit: run(): Step 3390 - Time = 0.00444344
Euler1dExplicit: run(): Step 3400 - Time = 0.00445654
Euler1dExplicit: run(): Step 3410 - Time = 0.00446964
Euler1dExplicit: run(): Step 3420 - Time = 0.00448274
Euler1dExplicit: run(): Step 3430 - Time = 0.00449584
Euler1dExplicit: run(): Step 3440 - Time = 0.00450894
Euler1dExplicit: run(): Step 3450 - Time = 0.00452204
Euler1dExplicit: run(): Step 3460 - Time = 0.00453514
Euler1dExplicit: run(): Step 3470 - Time = 0.00454823
Euler1dExplicit: run(): Step 3480 - Time = 0.00456133
Euler1dExplicit: run(): Step 3490 - Time = 0.00457443
Euler1dExplicit: run(): Step 3500 - Time = 0.00458753
Euler1dExplicit: run(): Step 3510 - Time = 0.00460063
Euler1dExplicit: run(): Step 3520 - Time = 0.00461373
Euler1dExplicit: run(): Step 3530 - Time = 0.00462683
Euler1dExplicit: run(): Step 3540 - Time = 0.00463993
Euler1dExplicit: run(): Step 3550 - Time = 0.00465303
Euler1dExplicit: run(): Step 3560 - Time = 0.00466613
Euler1dExplicit: run(): Step 3570 - Time = 0.00467923
Euler1dExplicit: run(): Step 3580 - Time = 0.00469233
Euler1dExplicit: run(): Step 3590 - Time = 0.00470543
Euler1dExplicit: run(): Step 3600 - Time = 0.00471853
Euler1dExplicit: run(): Step 3610 - Time = 0.00473163
Euler1dExplicit: run(): Step 3620 - Time = 0.00474473
Euler1dExplicit: run(): Step 3630 - Time = 0.00475783
Euler1dExplicit: run(): Step 3640 - Time = 0.00477093
Euler1dExplicit: run(): Step 3650 - Time = 0.00478403
Euler1dExplicit: run(): Step 3660 - Time = 0.00479713
Euler1dExplicit: run(): Step 3670 - Time = 0.00481023
Euler1dExplicit: run(): Step 3680 - Time = 0.00482333
Euler1dExplicit: run(): Step 3690 - Time = 0.00483642
Euler1dExplicit: run(): Step 3700 - Time = 0.00484952
Euler1dExplicit: run(): Step 3710 - Time = 0.00486262
Euler1dExplicit: run(): Step 3720 - Time = 0.00487572
Euler1dExplicit: run(): Step 3730 - Time = 0.00488882
Euler1dExplicit: run(): Step 3740 - Time = 0.00490192
Euler1dExplicit: run(): Step 3750 - Time = 0.00491502
Euler1dExplicit: run(): Step 3760 - Time = 0.00492812
Euler1dExplicit: run(): Step 3770 - Time = 0.00494122
Euler1dExplicit: run(): Step 3780 - Time = 0.00495432
Euler1dExplicit: run(): Step 3790 - Time = 0.00496742
Euler1dExplicit: run(): Step 3800 - Time = 0.00498052
Euler1dExplicit: run(): Step 3810 - Time = 0.00499362
Euler1dExplicit: run(): Step 3820 - Time = 0.00500672
Euler1dExplicit: run(): Step 3830 - Time = 0.00501982
Euler1dExplicit: run(): Step 3840 - Time = 0.00503292
Euler1dExplicit: run(): Step 3850 - Time = 0.00504602
Euler1dExplicit: run(): Step 3860 - Time = 0.00505912
Euler1dExplicit: run(): Step 3870 - Time = 0.00507222
Euler1dExplicit: run(): Step 3880 - Time = 0.00508532
Euler1dExplicit: run(): Step 3890 - Time = 0.00509842
Euler1dExplicit: run(): Step 3900 - Time = 0.00511151
Euler1dExplicit: run(): Step 3910 - Time = 0.00512461
Euler1dExplicit: run(): Step 3920 - Time = 0.00513771
Euler1dExplicit: run(): Step 3930 - Time = 0.00515081
Euler1dExplicit: run(): Step 3940 - Time = 0.00516391
Euler1dExplicit: run(): Step 3950 - Time = 0.00517701
Euler1dExplicit: run(): Step 3960 - Time = 0.00519011
Euler1dExplicit: run(): Step 3970 - Time = 0.00520321
Euler1dExplicit: run(): Step 3980 - Time = 0.00521631
Euler1dExplicit: run(): Step 3990 - Time = 0.00522941
Euler1dExplicit: run(): Step 4000 - Time = 0.00524251
Euler1dExplicit: run(): Step 4010 - Time = 0.00525561
Euler1dExplicit: run(): Step 4020 - Time = 0.00526871
Euler1dExplicit: run(): Step 4030 - Time = 0.00528181
Euler1dExplicit: run(): Step 4040 - Time = 0.00529491
Euler1dExplicit: run(): Step 4050 - Time = 0.00530801
Euler1dExplicit: run(): Step 4060 - Time = 0.00532111
Euler1dExplicit: run(): Step 4070 - Time = 0.00533421
Euler1dExplicit: run(): Step 4080 - Time = 0.00534731
Euler1dExplicit: run(): Step 4090 - Time = 0.00536041
Euler1dExplicit: run(): Step 4100 - Time = 0.00537351
Euler1dExplicit: run(): Step 4110 - Time = 0.00538661
Euler1dExplicit: run(): Step 4120 - Time = 0.0053997
Euler1dExplicit: run(): Step 4130 - Time = 0.0054128
Euler1dExplicit: run(): Step 4140 - Time = 0.0054259
Euler1dExplicit: run(): Step 4150 - Time = 0.005439
Euler1dExplicit: run(): Step 4160 - Time = 0.0054521
Euler1dExplicit: run(): Step 4170 - Time = 0.0054652
Euler1dExplicit: run(): Step 4180 - Time = 0.0054783
Euler1dExplicit: run(): Step 4190 - Time = 0.0054914
Euler1dExplicit: run(): Step 4200 - Time = 0.0055045
Euler1dExplicit: run(): Step 4210 - Time = 0.0055176
Euler1dExplicit: run(): Step 4220 - Time = 0.0055307
Euler1dExplicit: run(): Step 4230 - Time = 0.0055438
Euler1dExplicit: run(): Step 4240 - Time = 0.0055569
Euler1dExplicit: run(): Step 4250 - Time = 0.00557
Euler1dExplicit: run(): Step 4260 - Time = 0.0055831
Euler1dExplicit: run(): Step 4270 - Time = 0.0055962
Euler1dExplicit: run(): Step 4280 - Time = 0.0056093
Euler1dExplicit: run(): Step 4290 - Time = 0.0056224
Euler1dExplicit: run(): Step 4300 - Time = 0.0056355
Euler1dExplicit: run(): Step 4310 - Time = 0.0056486
Euler1dExplicit: run(): Step 4320 - Time = 0.0056617
Euler1dExplicit: run(): Step 4330 - Time = 0.0056748
Euler1dExplicit: run(): Step 4340 - Time = 0.00568789
Euler1dExplicit: run(): Step 4350 - Time = 0.00570099
Euler1dExplicit: run(): Step 4360 - Time = 0.00571409
Euler1dExplicit: run(): Step 4370 - Time = 0.00572719
Euler1dExplicit: run(): Step 4380 - Time = 0.00574029
Euler1dExplicit: run(): Step 4390 - Time = 0.00575339
Euler1dExplicit: run(): Step 4400 - Time = 0.00576649
Euler1dExplicit: run(): Step 4410 - Time = 0.00577959
Euler1dExplicit: run(): Step 4420 - Time = 0.00579269
Euler1dExplicit: run(): Step 4430 - Time = 0.00580579
Euler1dExplicit: run(): Step 4440 - Time = 0.00581889
Euler1dExplicit: run(): Step 4450 - Time = 0.00583199
Euler1dExplicit: run(): Step 4460 - Time = 0.00584509
Euler1dExplicit: run(): Step 4470 - Time = 0.00585819
Euler1dExplicit: run(): Step 4480 - Time = 0.00587129
Euler1dExplicit: run(): Step 4490 - Time = 0.00588439
Euler1dExplicit: run(): Step 4500 - Time = 0.00589749
Euler1dExplicit: run(): Step 4510 - Time = 0.00591059
Euler1dExplicit: run(): Step 4520 - Time = 0.00592369
Euler1dExplicit: run(): Step 4530 - Time = 0.00593679
Euler1dExplicit: run(): Step 4540 - Time = 0.00594989
Euler1dExplicit: run(): Step 4550 - Time = 0.00596298
Euler1dExplicit: run(): Step 4560 - Time = 0.00597608
Euler1dExplicit: run(): Step 4570 - Time = 0.00598918
Euler1dExplicit: run(): Step 4580 - Time = 0.00600228
Euler1dExplicit: run(): Step 4590 - Time = 0.00601538
Euler1dExplicit: run(): Step 4600 - Time = 0.00602848
Euler1dExplicit: run(): Step 4610 - Time = 0.00604158
Euler1dExplicit: run(): Step 4620 - Time = 0.00605468
Euler1dExplicit: run(): Step 4630 - Time = 0.00606778
Euler1dExplicit: run(): Step 4640 - Time = 0.00608088
Euler1dExplicit: run(): Step 4650 - Time = 0.00609398
Euler1dExplicit: run(): Step 4660 - Time = 0.00610708
Euler1dExplicit: run(): Step 4670 - Time = 0.00612018
Euler1dExplicit: run(): Step 4680 - Time = 0.00613328
Euler1dExplicit: run(): Step 4690 - Time = 0.00614638
Euler1dExplicit: run(): Step 4700 - Time = 0.00615948
Euler1dExplicit: run(): Step 4710 - Time = 0.00617258
Euler1dExplicit: run(): Step 4720 - Time = 0.00618568
Euler1dExplicit: run(): Step 4730 - Time = 0.00619878
Euler1dExplicit: run(): Step 4740 - Time = 0.00621188
Euler1dExplicit: run(): Step 4750 - Time = 0.00622498
Euler1dExplicit: run(): Step 4760 - Time = 0.00623808
Euler1dExplicit: run(): Step 4770 - Time = 0.00625117
Euler1dExplicit: run(): Step 4780 - Time = 0.00626427
Euler1dExplicit: run(): Step 4790 - Time = 0.00627737
Euler1dExplicit: run(): Step 4800 - Time = 0.00629047
Euler1dExplicit: run(): Step 4810 - Time = 0.00630357
Euler1dExplicit: run(): Step 4820 - Time = 0.00631667
Euler1dExplicit: run(): Step 4830 - Time = 0.00632977
Euler1dExplicit: run(): Step 4840 - Time = 0.00634287
Euler1dExplicit: run(): Step 4850 - Time = 0.00635597
Euler1dExplicit: run(): Step 4860 - Time = 0.00636907
Euler1dExplicit: run(): Step 4870 - Time = 0.00638217
Euler1dExplicit: run(): Step 4880 - Time = 0.00639527
Euler1dExplicit: run(): Step 4890 - Time = 0.00640837
Euler1dExplicit: run(): Step 4900 - Time = 0.00642147
Euler1dExplicit: run(): Step 4910 - Time = 0.00643457
Euler1dExplicit: run(): Step 4920 - Time = 0.00644767
Euler1dExplicit: run(): Step 4930 - Time = 0.00646077
Euler1dExplicit: run(): Step 4940 - Time = 0.00647387
Euler1dExplicit: run(): Step 4950 - Time = 0.00648697
Euler1dExplicit: run(): Step 4960 - Time = 0.00650007
Euler1dExplicit: run(): Step 4970 - Time = 0.00651317
Euler1dExplicit: run(): Step 4980 - Time = 0.00652626
Euler1dExplicit: run(): Step 4990 - Time = 0.00653936
Euler1dExplicit: run(): Step 5000 - Time = 0.00655246
Euler1dExplicit: run(): Step 5010 - Time = 0.00656556
Euler1dExplicit: run(): Step 5020 - Time = 0.00657866
Euler1dExplicit: run(): Step 5030 - Time = 0.00659176
Euler1dExplicit: run(): Step 5040 - Time = 0.00660486
Euler1dExplicit: run(): Step 5050 - Time = 0.00661796
Euler1dExplicit: run(): Step 5060 - Time = 0.00663106
Euler1dExplicit: run(): Step 5070 - Time = 0.00664416
Euler1dExplicit: run(): Step 5080 - Time = 0.00665726
Euler1dExplicit: run(): Step 5090 - Time = 0.00667036
Euler1dExplicit: run(): Step 5100 - Time = 0.00668346
Euler1dExplicit: run(): Step 5110 - Time = 0.00669656
Euler1dExplicit: run(): Step 5120 - Time = 0.00670966
Euler1dExplicit: run(): Step 5130 - Time = 0.00672276
Euler1dExplicit: run(): Step 5140 - Time = 0.00673586
Euler1dExplicit: run(): Step 5150 - Time = 0.00674896
Euler1dExplicit: run(): Step 5160 - Time = 0.00676206
Euler1dExplicit: run(): Step 5170 - Time = 0.00677516
Euler1dExplicit: run(): Step 5180 - Time = 0.00678826
Euler1dExplicit: run(): Step 5190 - Time = 0.00680136
Euler1dExplicit: run(): Step 5200 - Time = 0.00681445
Euler1dExplicit: run(): Step 5210 - Time = 0.00682755
Euler1dExplicit: run(): Step 5220 - Time = 0.00684065
Euler1dExplicit: run(): Step 5230 - Time = 0.00685375
Euler1dExplicit: run(): Step 5240 - Time = 0.00686685
Euler1dExplicit: run(): Step 5250 - Time = 0.00687995
Euler1dExplicit: run(): Step 5260 - Time = 0.00689305
Euler1dExplicit: run(): Step 5270 - Time = 0.00690615
Euler1dExplicit: run(): Step 5280 - Time = 0.00691925
Euler1dExplicit: run(): Step 5290 - Time = 0.00693235
Euler1dExplicit: run(): Step 5300 - Time = 0.00694545
Euler1dExplicit: run(): Step 5310 - Time = 0.00695855
Euler1dExplicit: run(): Step 5320 - Time = 0.00697165
Euler1dExplicit: run(): Step 5330 - Time = 0.00698475
Euler1dExplicit: run(): Step 5340 - Time = 0.00699785
Euler1dExplicit: run(): Step 5350 - Time = 0.00701095
Euler1dExplicit: run(): Step 5360 - Time = 0.00702405
Euler1dExplicit: run(): Step 5370 - Time = 0.00703715
Euler1dExplicit: run(): Step 5380 - Time = 0.00705025
Euler1dExplicit: run(): Step 5390 - Time = 0.00706335
Euler1dExplicit: run(): Step 5400 - Time = 0.00707645
Euler1dExplicit: run(): Step 5410 - Time = 0.00708954
Euler1dExplicit: run(): Step 5420 - Time = 0.00710264
Euler1dExplicit: run(): Step 5430 - Time = 0.00711574
Euler1dExplicit: run(): Step 5440 - Time = 0.00712884
Euler1dExplicit: run(): Step 5450 - Time = 0.00714194
Euler1dExplicit: run(): Step 5460 - Time = 0.00715504
Euler1dExplicit: run(): Step 5470 - Time = 0.00716814
Euler1dExplicit: run(): Step 5480 - Time = 0.00718124
Euler1dExplicit: run(): Step 5490 - Time = 0.00719434
Euler1dExplicit: run(): Step 5500 - Time = 0.00720744
Euler1dExplicit: run(): Step 5510 - Time = 0.00722054
Euler1dExplicit: run(): Step 5520 - Time = 0.00723364
Euler1dExplicit: run(): Step 5530 - Time = 0.00724674
Euler1dExplicit: run(): Step 5540 - Time = 0.00725984
Euler1dExplicit: run(): Step 5550 - Time = 0.00727294
Euler1dExplicit: run(): Step 5560 - Time = 0.00728604
Euler1dExplicit: run(): Step 5570 - Time = 0.00729914
Euler1dExplicit: run(): Step 5580 - Time = 0.00731224
Euler1dExplicit: run(): Step 5590 - Time = 0.00732534
Euler1dExplicit: run(): Step 5600 - Time = 0.00733844
Euler1dExplicit: run(): Step 5610 - Time = 0.00735154
Euler1dExplicit: run(): Step 5620 - Time = 0.00736464
Euler1dExplicit: run(): Step 5630 - Time = 0.00737773
Euler1dExplicit: run(): Step 5640 - Time = 0.00739083
Euler1dExplicit: run(): Step 5650 - Time = 0.00740393
Euler1dExplicit: run(): Step 5660 - Time = 0.00741703
Euler1dExplicit: run(): Step 5670 - Time = 0.00743013
Euler1dExplicit: run(): Step 5680 - Time = 0.00744323
Euler1dExplicit: run(): Step 5690 - Time = 0.00745633
Euler1dExplicit: run(): Step 5700 - Time = 0.00746943
Euler1dExplicit: run(): Step 5710 - Time = 0.00748253
Euler1dExplicit: run(): Step 5720 - Time = 0.00749563
Euler1dExplicit: run(): Step 5730 - Time = 0.00750873
Euler1dExplicit: run(): Step 5740 - Time = 0.00752183
Euler1dExplicit: run(): Step 5750 - Time = 0.00753493
Euler1dExplicit: run(): Step 5760 - Time = 0.00754803
Euler1dExplicit: run(): Step 5770 - Time = 0.00756113
Euler1dExplicit: run(): Step 5780 - Time = 0.00757423
Euler1dExplicit: run(): Step 5790 - Time = 0.00758733
Euler1dExplicit: run(): Step 5800 - Time = 0.00760043
Euler1dExplicit: run(): Step 5810 - Time = 0.00761353
Euler1dExplicit: run(): Step 5820 - Time = 0.00762663
Euler1dExplicit: run(): Step 5830 - Time = 0.00763973
Euler1dExplicit: run(): Step 5840 - Time = 0.00765282
Euler1dExplicit: run(): Step 5850 - Time = 0.00766592
Euler1dExplicit: run(): Step 5860 - Time = 0.00767902
Euler1dExplicit: run(): Step 5870 - Time = 0.00769212
Euler1dExplicit: run(): Step 5880 - Time = 0.00770522
Euler1dExplicit: run(): Step 5890 - Time = 0.00771832
Euler1dExplicit: run(): Step 5900 - Time = 0.00773142
Euler1dExplicit: run(): Step 5910 - Time = 0.00774452
Euler1dExplicit: run(): Step 5920 - Time = 0.00775762
Euler1dExplicit: run(): Step 5930 - Time = 0.00777072
Euler1dExplicit: run(): Step 5940 - Time = 0.00778382
Euler1dExplicit: run(): Step 5950 - Time = 0.00779692
Euler1dExplicit: run(): Step 5960 - Time = 0.00781002
Euler1dExplicit: run(): Step 5970 - Time = 0.00782312
Euler1dExplicit: run(): Step 5980 - Time = 0.00783622
Euler1dExplicit: run(): Step 5990 - Time = 0.00784932
Euler1dExplicit: run(): Step 6000 - Time = 0.00786242
Euler1dExplicit: run(): Step 6010 - Time = 0.00787552
Euler1dExplicit: run(): Step 6020 - Time = 0.00788862
Euler1dExplicit: run(): Step 6030 - Time = 0.00790172
Euler1dExplicit: run(): Step 6040 - Time = 0.00791482
Euler1dExplicit: run(): Step 6050 - Time = 0.00792792
Euler1dExplicit: run(): Step 6060 - Time = 0.00794101
Euler1dExplicit: run(): Step 6070 - Time = 0.00795411
Euler1dExplicit: run(): Step 6080 - Time = 0.00796721
Euler1dExplicit: run(): Step 6090 - Time = 0.00798031
Euler1dExplicit: run(): Step 6100 - Time = 0.00799341
Euler1dExplicit: run(): Step 6110 - Time = 0.00800651
Euler1dExplicit: run(): Step 6120 - Time = 0.00801961
Euler1dExplicit: run(): Step 6130 - Time = 0.00803271
Euler1dExplicit: run(): Step 6140 - Time = 0.00804581
Euler1dExplicit: run(): Step 6150 - Time = 0.00805891
Euler1dExplicit: run(): Step 6160 - Time = 0.00807201
Euler1dExplicit: run(): Step 6170 - Time = 0.00808511
Euler1dExplicit: run(): Step 6180 - Time = 0.00809821
Euler1dExplicit: run(): Step 6190 - Time = 0.00811131
Euler1dExplicit: run(): Step 6200 - Time = 0.00812441
Euler1dExplicit: run(): Step 6210 - Time = 0.00813751
Euler1dExplicit: run(): Step 6220 - Time = 0.00815061
Euler1dExplicit: run(): Step 6230 - Time = 0.00816371
Euler1dExplicit: run(): Step 6240 - Time = 0.00817681
Euler1dExplicit: run(): Step 6250 - Time = 0.00818991
Euler1dExplicit: run(): Step 6260 - Time = 0.00820301
Euler1dExplicit: run(): Step 6270 - Time = 0.00821611
Euler1dExplicit: run(): Step 6280 - Time = 0.0082292
Euler1dExplicit: run(): Step 6290 - Time = 0.0082423
Euler1dExplicit: run(): Step 6300 - Time = 0.0082554
Euler1dExplicit: run(): Step 6310 - Time = 0.0082685
Euler1dExplicit: run(): Step 6320 - Time = 0.0082816
Euler1dExplicit: run(): Step 6330 - Time = 0.0082947
Euler1dExplicit: run(): Step 6340 - Time = 0.0083078
Euler1dExplicit: run(): Step 6350 - Time = 0.0083209
Euler1dExplicit: run(): Step 6360 - Time = 0.008334
Euler1dExplicit: run(): Step 6370 - Time = 0.0083471
Euler1dExplicit: run(): Step 6380 - Time = 0.0083602
Euler1dExplicit: run(): Step 6390 - Time = 0.0083733
Euler1dExplicit: run(): Step 6400 - Time = 0.0083864
Euler1dExplicit: run(): Step 6410 - Time = 0.0083995
Euler1dExplicit: run(): Step 6420 - Time = 0.0084126
Euler1dExplicit: run(): Step 6430 - Time = 0.0084257
Euler1dExplicit: run(): Step 6440 - Time = 0.0084388
Euler1dExplicit: run(): Step 6450 - Time = 0.0084519
Euler1dExplicit: run(): Step 6460 - Time = 0.008465
Euler1dExplicit: run(): Step 6470 - Time = 0.0084781
Euler1dExplicit: run(): Step 6480 - Time = 0.0084912
Euler1dExplicit: run(): Step 6490 - Time = 0.00850429
Euler1dExplicit: run(): Step 6500 - Time = 0.00851739
Euler1dExplicit: run(): Step 6510 - Time = 0.00853049
Euler1dExplicit: run(): Step 6520 - Time = 0.00854359
Euler1dExplicit: run(): Step 6530 - Time = 0.00855669
Euler1dExplicit: run(): Step 6540 - Time = 0.00856979
Euler1dExplicit: run(): Step 6550 - Time = 0.00858289
Euler1dExplicit: run(): Step 6560 - Time = 0.00859599
Euler1dExplicit: run(): Step 6570 - Time = 0.00860909
Euler1dExplicit: run(): Step 6580 - Time = 0.00862219
Euler1dExplicit: run(): Step 6590 - Time = 0.00863529
Euler1dExplicit: run(): Step 6600 - Time = 0.00864839
Euler1dExplicit: run(): Step 6610 - Time = 0.00866149
Euler1dExplicit: run(): Step 6620 - Time = 0.00867459
Euler1dExplicit: run(): Step 6630 - Time = 0.00868769
Euler1dExplicit: run(): Step 6640 - Time = 0.00870079
Euler1dExplicit: run(): Step 6650 - Time = 0.00871389
Euler1dExplicit: run(): Step 6660 - Time = 0.00872699
Euler1dExplicit: run(): Step 6670 - Time = 0.00874009
Euler1dExplicit: run(): Step 6680 - Time = 0.00875319
Euler1dExplicit: run(): Step 6690 - Time = 0.00876629
Euler1dExplicit: run(): Step 6700 - Time = 0.00877939
Euler1dExplicit: run(): Step 6710 - Time = 0.00879248
Euler1dExplicit: run(): Step 6720 - Time = 0.00880558
Euler1dExplicit: run(): Step 6730 - Time = 0.00881868
Euler1dExplicit: run(): Step 6740 - Time = 0.00883178
Euler1dExplicit: run(): Step 6750 - Time = 0.00884488
Euler1dExplicit: run(): Step 6760 - Time = 0.00885798
Euler1dExplicit: run(): Step 6770 - Time = 0.00887108
Euler1dExplicit: run(): Step 6780 - Time = 0.00888418
Euler1dExplicit: run(): Step 6790 - Time = 0.00889728
Euler1dExplicit: run(): Step 6800 - Time = 0.00891038
Euler1dExplicit: run(): Step 6810 - Time = 0.00892348
Euler1dExplicit: run(): Step 6820 - Time = 0.00893658
Euler1dExplicit: run(): Step 6830 - Time = 0.00894968
Euler1dExplicit: run(): Step 6840 - Time = 0.00896278
Euler1dExplicit: run(): Step 6850 - Time = 0.00897588
Euler1dExplicit: run(): Step 6860 - Time = 0.00898898
Euler1dExplicit: run(): Step 6870 - Time = 0.00900208
Euler1dExplicit: run(): Step 6880 - Time = 0.00901518
Euler1dExplicit: run(): Step 6890 - Time = 0.00902828
Euler1dExplicit: run(): Step 6900 - Time = 0.00904138
Euler1dExplicit: run(): Step 6910 - Time = 0.00905448
Euler1dExplicit: run(): Step 6920 - Time = 0.00906757
Euler1dExplicit: run(): Step 6930 - Time = 0.00908067
Euler1dExplicit: run(): Step 6940 - Time = 0.00909377
Euler1dExplicit: run(): Step 6950 - Time = 0.00910687
Euler1dExplicit: run(): Step 6960 - Time = 0.00911997
Euler1dExplicit: run(): Step 6970 - Time = 0.00913307
Euler1dExplicit: run(): Step 6980 - Time = 0.00914617
Euler1dExplicit: run(): Step 6990 - Time = 0.00915927
Euler1dExplicit: run(): Step 7000 - Time = 0.00917237
Euler1dExplicit: run(): Step 7010 - Time = 0.00918547
Euler1dExplicit: run(): Step 7020 - Time = 0.00919857
Euler1dExplicit: run(): Step 7030 - Time = 0.00921167
Euler1dExplicit: run(): Step 7040 - Time = 0.00922477
Euler1dExplicit: run(): Step 7050 - Time = 0.00923787
Euler1dExplicit: run(): Step 7060 - Time = 0.00925097
Euler1dExplicit: run(): Step 7070 - Time = 0.00926407
Euler1dExplicit: run(): Step 7080 - Time = 0.00927717
Euler1dExplicit: run(): Step 7090 - Time = 0.00929027
Euler1dExplicit: run(): Step 7100 - Time = 0.00930337
Euler1dExplicit: run(): Step 7110 - Time = 0.00931647
Euler1dExplicit: run(): Step 7120 - Time = 0.00932957
Euler1dExplicit: run(): Step 7130 - Time = 0.00934267
Euler1dExplicit: run(): Step 7140 - Time = 0.00935576
Euler1dExplicit: run(): Step 7150 - Time = 0.00936886
Euler1dExplicit: run(): Step 7160 - Time = 0.00938196
Euler1dExplicit: run(): Step 7170 - Time = 0.00939506
Euler1dExplicit: run(): Step 7180 - Time = 0.00940816
Euler1dExplicit: run(): Step 7190 - Time = 0.00942126
Euler1dExplicit: run(): Step 7200 - Time = 0.00943436
Euler1dExplicit: run(): Step 7210 - Time = 0.00944746
Euler1dExplicit: run(): Step 7220 - Time = 0.00946056
Euler1dExplicit: run(): Step 7230 - Time = 0.00947366
Euler1dExplicit: run(): Step 7240 - Time = 0.00948676
Euler1dExplicit: run(): Step 7250 - Time = 0.00949986
Euler1dExplicit: run(): Step 7260 - Time = 0.00951296
Euler1dExplicit: run(): Step 7270 - Time = 0.00952606
Euler1dExplicit: run(): Step 7280 - Time = 0.00953916
Euler1dExplicit: run(): Step 7290 - Time = 0.00955226
Euler1dExplicit: run(): Step 7300 - Time = 0.00956536
Euler1dExplicit: run(): Step 7310 - Time = 0.00957846
Euler1dExplicit: run(): Step 7320 - Time = 0.00959156
Euler1dExplicit: run(): Step 7330 - Time = 0.00960466
Euler1dExplicit: run(): Step 7340 - Time = 0.00961776
Euler1dExplicit: run(): Step 7350 - Time = 0.00963085
Euler1dExplicit: run(): Step 7360 - Time = 0.00964395
Euler1dExplicit: run(): Step 7370 - Time = 0.00965705
Euler1dExplicit: run(): Step 7380 - Time = 0.00967015
Euler1dExplicit: run(): Step 7390 - Time = 0.00968325
Euler1dExplicit: run(): Step 7400 - Time = 0.00969635
Euler1dExplicit: run(): Step 7410 - Time = 0.00970945
Euler1dExplicit: run(): Step 7420 - Time = 0.00972255
Euler1dExplicit: run(): Step 7430 - Time = 0.00973565
Euler1dExplicit: run(): Step 7440 - Time = 0.00974875
Euler1dExplicit: run(): Step 7450 - Time = 0.00976185
Euler1dExplicit: run(): Step 7460 - Time = 0.00977495
Euler1dExplicit: run(): Step 7470 - Time = 0.00978805
Euler1dExplicit: run(): Step 7480 - Time = 0.00980115
Euler1dExplicit: run(): Step 7490 - Time = 0.00981425
Euler1dExplicit: run(): Step 7500 - Time = 0.00982735
Euler1dExplicit: run(): Step 7510 - Time = 0.00984045
Euler1dExplicit: run(): Step 7520 - Time = 0.00985355
Euler1dExplicit: run(): Step 7530 - Time = 0.00986665
Euler1dExplicit: run(): Step 7540 - Time = 0.00987975
Euler1dExplicit: run(): Step 7550 - Time = 0.00989285
Euler1dExplicit: run(): Step 7560 - Time = 0.00990595
Euler1dExplicit: run(): Step 7570 - Time = 0.00991904
Euler1dExplicit: run(): Step 7580 - Time = 0.00993214
Euler1dExplicit: run(): Step 7590 - Time = 0.00994524
Euler1dExplicit: run(): Step 7600 - Time = 0.00995834
Euler1dExplicit: run(): Step 7610 - Time = 0.00997144
Euler1dExplicit: run(): Step 7620 - Time = 0.00998454
Euler1dExplicit: run(): Step 7630 - Time = 0.00999764
Euler1dExplicit: run(): Step 7640 - Time = 0.0100107
Euler1dExplicit: run(): Step 7650 - Time = 0.0100238
Euler1dExplicit: run(): Step 7660 - Time = 0.0100369
Euler1dExplicit: run(): Step 7670 - Time = 0.01005
Euler1dExplicit: run(): Step 7680 - Time = 0.0100631
Euler1dExplicit: run(): Step 7690 - Time = 0.0100762
Euler1dExplicit: run(): Step 7700 - Time = 0.0100893
Euler1dExplicit: run(): Step 7710 - Time = 0.0101024
Euler1dExplicit: run(): Step 7720 - Time = 0.0101155
Euler1dExplicit: run(): Step 7730 - Time = 0.0101286
Euler1dExplicit: run(): Step 7740 - Time = 0.0101417
Euler1dExplicit: run(): Step 7750 - Time = 0.0101548
Euler1dExplicit: run(): Step 7760 - Time = 0.0101679
Euler1dExplicit: run(): Step 7770 - Time = 0.010181
Euler1dExplicit: run(): Step 7780 - Time = 0.0101941
Euler1dExplicit: run(): Step 7790 - Time = 0.0102072
Euler1dExplicit: run(): Step 7800 - Time = 0.0102203
Euler1dExplicit: run(): Step 7810 - Time = 0.0102334
Euler1dExplicit: run(): Step 7820 - Time = 0.0102465
Euler1dExplicit: run(): Step 7830 - Time = 0.0102596
Euler1dExplicit: run(): Step 7840 - Time = 0.0102727
Euler1dExplicit: run(): Step 7850 - Time = 0.0102858
Euler1dExplicit: run(): Step 7860 - Time = 0.0102989
Euler1dExplicit: run(): Step 7870 - Time = 0.010312
Euler1dExplicit: run(): Step 7880 - Time = 0.0103251
Euler1dExplicit: run(): Step 7890 - Time = 0.0103382
Euler1dExplicit: run(): Step 7900 - Time = 0.0103513
Euler1dExplicit: run(): Step 7910 - Time = 0.0103644
Euler1dExplicit: run(): Step 7920 - Time = 0.0103775
Euler1dExplicit: run(): Step 7930 - Time = 0.0103906
Euler1dExplicit: run(): Step 7940 - Time = 0.0104037
Euler1dExplicit: run(): Step 7950 - Time = 0.0104168
Euler1dExplicit: run(): Step 7960 - Time = 0.0104299
Euler1dExplicit: run(): Step 7970 - Time = 0.010443
Euler1dExplicit: run(): Step 7980 - Time = 0.0104561
Euler1dExplicit: run(): Step 7990 - Time = 0.0104692
Euler1dExplicit: run(): Step 8000 - Time = 0.0104823
Euler1dExplicit: run(): Step 8010 - Time = 0.0104954
Euler1dExplicit: run(): Step 8020 - Time = 0.0105085
Euler1dExplicit: run(): Step 8030 - Time = 0.0105216
Euler1dExplicit: run(): Step 8040 - Time = 0.0105347
Euler1dExplicit: run(): Step 8050 - Time = 0.0105478
Euler1dExplicit: run(): Step 8060 - Time = 0.0105609
Euler1dExplicit: run(): Step 8070 - Time = 0.010574
Euler1dExplicit: run(): Step 8080 - Time = 0.0105871
Euler1dExplicit: run(): Step 8090 - Time = 0.0106002
Euler1dExplicit: run(): Step 8100 - Time = 0.0106133
Euler1dExplicit: run(): Step 8110 - Time = 0.0106264
Euler1dExplicit: run(): Step 8120 - Time = 0.0106395
Euler1dExplicit: run(): Step 8130 - Time = 0.0106526
Euler1dExplicit: run(): Step 8140 - Time = 0.0106657
Euler1dExplicit: run(): Step 8150 - Time = 0.0106788
Euler1dExplicit: run(): Step 8160 - Time = 0.0106919
Euler1dExplicit: run(): Step 8170 - Time = 0.010705
Euler1dExplicit: run(): Step 8180 - Time = 0.0107181
Euler1dExplicit: run(): Step 8190 - Time = 0.0107312
Euler1dExplicit: run(): Step 8200 - Time = 0.0107443
Euler1dExplicit: run(): Step 8210 - Time = 0.0107574
Euler1dExplicit: run(): Step 8220 - Time = 0.0107705
Euler1dExplicit: run(): Step 8230 - Time = 0.0107836
Euler1dExplicit: run(): Step 8240 - Time = 0.0107967
Euler1dExplicit: run(): Step 8250 - Time = 0.0108098
Euler1dExplicit: run(): Step 8260 - Time = 0.0108229
Euler1dExplicit: run(): Step 8270 - Time = 0.010836
Euler1dExplicit: run(): Step 8280 - Time = 0.0108491
Euler1dExplicit: run(): Step 8290 - Time = 0.0108622
Euler1dExplicit: run(): Step 8300 - Time = 0.0108753
Euler1dExplicit: run(): Step 8310 - Time = 0.0108884
Euler1dExplicit: run(): Step 8320 - Time = 0.0109015
Euler1dExplicit: run(): Step 8330 - Time = 0.0109146
Euler1dExplicit: run(): Step 8340 - Time = 0.0109277
Euler1dExplicit: run(): Step 8350 - Time = 0.0109408
Euler1dExplicit: run(): Step 8360 - Time = 0.0109539
Euler1dExplicit: run(): Step 8370 - Time = 0.010967
Euler1dExplicit: run(): Step 8380 - Time = 0.0109801
Euler1dExplicit: run(): Step 8390 - Time = 0.0109932
Euler1dExplicit: run(): Step 8400 - Time = 0.0110063
Euler1dExplicit: run(): Step 8410 - Time = 0.0110194
Euler1dExplicit: run(): Step 8420 - Time = 0.0110325
Euler1dExplicit: run(): Step 8430 - Time = 0.0110456
Euler1dExplicit: run(): Step 8440 - Time = 0.0110587
Euler1dExplicit: run(): Step 8450 - Time = 0.0110718
Euler1dExplicit: run(): Step 8460 - Time = 0.0110849
Euler1dExplicit: run(): Step 8470 - Time = 0.011098
Euler1dExplicit: run(): Step 8480 - Time = 0.0111111
Euler1dExplicit: run(): Step 8490 - Time = 0.0111242
Euler1dExplicit: run(): Step 8500 - Time = 0.0111373
Euler1dExplicit: run(): Step 8510 - Time = 0.0111504
Euler1dExplicit: run(): Step 8520 - Time = 0.0111635
Euler1dExplicit: run(): Step 8530 - Time = 0.0111766
Euler1dExplicit: run(): Step 8540 - Time = 0.0111897
Euler1dExplicit: run(): Step 8550 - Time = 0.0112028
Euler1dExplicit: run(): Step 8560 - Time = 0.0112159
Euler1dExplicit: run(): Step 8570 - Time = 0.011229
Euler1dExplicit: run(): Step 8580 - Time = 0.0112421
Euler1dExplicit: run(): Step 8590 - Time = 0.0112552
Euler1dExplicit: run(): Step 8600 - Time = 0.0112683
Euler1dExplicit: run(): Step 8610 - Time = 0.0112814
Euler1dExplicit: run(): Step 8620 - Time = 0.0112945
Euler1dExplicit: run(): Step 8630 - Time = 0.0113076
Euler1dExplicit: run(): Step 8640 - Time = 0.0113207
Euler1dExplicit: run(): Step 8650 - Time = 0.0113338
Euler1dExplicit: run(): Step 8660 - Time = 0.0113469
Euler1dExplicit: run(): Step 8670 - Time = 0.01136
Euler1dExplicit: run(): Step 8680 - Time = 0.0113731
Euler1dExplicit: run(): Step 8690 - Time = 0.0113862
Euler1dExplicit: run(): Step 8700 - Time = 0.0113993
Euler1dExplicit: run(): Step 8710 - Time = 0.0114124
Euler1dExplicit: run(): Step 8720 - Time = 0.0114255
Euler1dExplicit: run(): Step 8730 - Time = 0.0114386
Euler1dExplicit: run(): Step 8740 - Time = 0.0114517
Euler1dExplicit: run(): Step 8750 - Time = 0.0114648
Euler1dExplicit: run(): Step 8760 - Time = 0.0114779
Euler1dExplicit: run(): Step 8770 - Time = 0.011491
Euler1dExplicit: run(): Step 8780 - Time = 0.0115041
Euler1dExplicit: run(): Step 8790 - Time = 0.0115172
Euler1dExplicit: run(): Step 8800 - Time = 0.0115303
Euler1dExplicit: run(): Step 8810 - Time = 0.0115434
Euler1dExplicit: run(): Step 8820 - Time = 0.0115565
Euler1dExplicit: run(): Step 8830 - Time = 0.0115696
Euler1dExplicit: run(): Step 8840 - Time = 0.0115827
Euler1dExplicit: run(): Step 8850 - Time = 0.0115958
Euler1dExplicit: run(): Step 8860 - Time = 0.0116089
Euler1dExplicit: run(): Step 8870 - Time = 0.011622
Euler1dExplicit: run(): Step 8880 - Time = 0.0116351
Euler1dExplicit: run(): Step 8890 - Time = 0.0116482
Euler1dExplicit: run(): Step 8900 - Time = 0.0116613
Euler1dExplicit: run(): Step 8910 - Time = 0.0116744
Euler1dExplicit: run(): Step 8920 - Time = 0.0116875
Euler1dExplicit: run(): Step 8930 - Time = 0.0117006
Euler1dExplicit: run(): Step 8940 - Time = 0.0117137
Euler1dExplicit: run(): Step 8950 - Time = 0.0117268
Euler1dExplicit: run(): Step 8960 - Time = 0.0117399
Euler1dExplicit: run(): Step 8970 - Time = 0.011753
Euler1dExplicit: run(): Step 8980 - Time = 0.0117661
Euler1dExplicit: run(): Step 8990 - Time = 0.0117792
Euler1dExplicit: run(): Step 9000 - Time = 0.0117923
Euler1dExplicit: run(): Step 9010 - Time = 0.0118054
Euler1dExplicit: run(): Step 9020 - Time = 0.0118185
Euler1dExplicit: run(): Step 9030 - Time = 0.0118316
Euler1dExplicit: run(): Step 9040 - Time = 0.0118447
Euler1dExplicit: run(): Step 9050 - Time = 0.0118578
Euler1dExplicit: run(): Step 9060 - Time = 0.0118709
Euler1dExplicit: run(): Step 9070 - Time = 0.011884
Euler1dExplicit: run(): Step 9080 - Time = 0.0118971
Euler1dExplicit: run(): Step 9090 - Time = 0.0119102
Euler1dExplicit: run(): Step 9100 - Time = 0.0119233
Euler1dExplicit: run(): Step 9110 - Time = 0.0119364
Euler1dExplicit: run(): Step 9120 - Time = 0.0119495
Euler1dExplicit: run(): Step 9130 - Time = 0.0119626
Euler1dExplicit: run(): Step 9140 - Time = 0.0119757
Euler1dExplicit: run(): Step 9150 - Time = 0.0119888
Euler1dExplicit: run(): Step 9160 - Time = 0.0120019
Euler1dExplicit: run(): Step 9170 - Time = 0.012015
Euler1dExplicit: run(): Step 9180 - Time = 0.0120281
Euler1dExplicit: run(): Step 9190 - Time = 0.0120412
Euler1dExplicit: run(): Step 9200 - Time = 0.0120543
Euler1dExplicit: run(): Step 9210 - Time = 0.0120674
Euler1dExplicit: run(): Step 9220 - Time = 0.0120805
Euler1dExplicit: run(): Step 9230 - Time = 0.0120936
Euler1dExplicit: run(): Step 9240 - Time = 0.0121067
Euler1dExplicit: run(): Step 9250 - Time = 0.0121198
Euler1dExplicit: run(): Step 9260 - Time = 0.0121329
Euler1dExplicit: run(): Step 9270 - Time = 0.012146
Euler1dExplicit: run(): Step 9280 - Time = 0.0121591
Euler1dExplicit: run(): Step 9290 - Time = 0.0121722
Euler1dExplicit: run(): Step 9300 - Time = 0.0121853
Euler1dExplicit: run(): Step 9310 - Time = 0.0121984
Euler1dExplicit: run(): Step 9320 - Time = 0.0122115
Euler1dExplicit: run(): Step 9330 - Time = 0.0122246
Euler1dExplicit: run(): Step 9340 - Time = 0.0122377
Euler1dExplicit: run(): Step 9350 - Time = 0.0122508
Euler1dExplicit: run(): Step 9360 - Time = 0.0122639
Euler1dExplicit: run(): Step 9370 - Time = 0.012277
Euler1dExplicit: run(): Step 9380 - Time = 0.0122901
Euler1dExplicit: run(): Step 9390 - Time = 0.0123032
Euler1dExplicit: run(): Step 9400 - Time = 0.0123163
Euler1dExplicit: run(): Step 9410 - Time = 0.0123294
Euler1dExplicit: run(): Step 9420 - Time = 0.0123425
Euler1dExplicit: run(): Step 9430 - Time = 0.0123556
Euler1dExplicit: run(): Step 9440 - Time = 0.0123687
Euler1dExplicit: run(): Step 9450 - Time = 0.0123818
Euler1dExplicit: run(): Step 9460 - Time = 0.0123949
Euler1dExplicit: run(): Step 9470 - Time = 0.012408
Euler1dExplicit: run(): Step 9480 - Time = 0.0124211
Euler1dExplicit: run(): Step 9490 - Time = 0.0124342
Euler1dExplicit: run(): Step 9500 - Time = 0.0124473
Euler1dExplicit: run(): Step 9510 - Time = 0.0124604
Euler1dExplicit: run(): Step 9520 - Time = 0.0124735
Euler1dExplicit: run(): Step 9530 - Time = 0.0124866
Euler1dExplicit: run(): Step 9540 - Time = 0.0124997
Euler1dExplicit: run(): Step 9550 - Time = 0.0125128
Euler1dExplicit: run(): Step 9560 - Time = 0.0125259
Euler1dExplicit: run(): Step 9570 - Time = 0.012539
Euler1dExplicit: run(): Step 9580 - Time = 0.0125521
Euler1dExplicit: run(): Step 9590 - Time = 0.0125652
Euler1dExplicit: run(): Step 9600 - Time = 0.0125783
Euler1dExplicit: run(): Step 9610 - Time = 0.0125914
Euler1dExplicit: run(): Step 9620 - Time = 0.0126044
Euler1dExplicit: run(): Step 9630 - Time = 0.0126175
Euler1dExplicit: run(): Step 9640 - Time = 0.0126306
Euler1dExplicit: run(): Step 9650 - Time = 0.0126437
Euler1dExplicit: run(): Step 9660 - Time = 0.0126568
Euler1dExplicit: run(): Step 9670 - Time = 0.0126699
Euler1dExplicit: run(): Step 9680 - Time = 0.012683
Euler1dExplicit: run(): Step 9690 - Time = 0.0126961
Euler1dExplicit: run(): Step 9700 - Time = 0.0127092
Euler1dExplicit: run(): Step 9710 - Time = 0.0127223
Euler1dExplicit: run(): Step 9720 - Time = 0.0127354
Euler1dExplicit: run(): Step 9730 - Time = 0.0127485
Euler1dExplicit: run(): Step 9740 - Time = 0.0127616
Euler1dExplicit: run(): Step 9750 - Time = 0.0127747
Euler1dExplicit: run(): Step 9760 - Time = 0.0127878
Euler1dExplicit: run(): Step 9770 - Time = 0.0128009
Euler1dExplicit: run(): Step 9780 - Time = 0.012814
Euler1dExplicit: run(): Step 9790 - Time = 0.0128271
Euler1dExplicit: run(): Step 9800 - Time = 0.0128402
Euler1dExplicit: run(): Step 9810 - Time = 0.0128533
Euler1dExplicit: run(): Step 9820 - Time = 0.0128664
Euler1dExplicit: run(): Step 9830 - Time = 0.0128795
Euler1dExplicit: run(): Step 9840 - Time = 0.0128926
Euler1dExplicit: run(): Step 9850 - Time = 0.0129057
Euler1dExplicit: run(): Step 9860 - Time = 0.0129188
Euler1dExplicit: run(): Step 9870 - Time = 0.0129319
Euler1dExplicit: run(): Step 9880 - Time = 0.012945
Euler1dExplicit: run(): Step 9890 - Time = 0.0129581
Euler1dExplicit: run(): Step 9900 - Time = 0.0129712
Euler1dExplicit: run(): Step 9910 - Time = 0.0129843
Euler1dExplicit: run(): Step 9920 - Time = 0.0129974
Euler1dExplicit: run(): Step 9930 - Time = 0.0130105
Euler1dExplicit: run(): Step 9940 - Time = 0.0130236
Euler1dExplicit: run(): Step 9950 - Time = 0.0130367
Euler1dExplicit: run(): Step 9960 - Time = 0.0130498
Euler1dExplicit: run(): Step 9970 - Time = 0.0130629
Euler1dExplicit: run(): Step 9980 - Time = 0.013076
Euler1dExplicit: run(): Step 9990 - Time = 0.0130891
Euler1dExplicit: run(): Step 10000 - Time = 0.0131022
Euler1dExplicit: run(): Step 10010 - Time = 0.0131153
Euler1dExplicit: run(): Step 10020 - Time = 0.0131284
Euler1dExplicit: run(): Step 10030 - Time = 0.0131415
Euler1dExplicit: run(): Step 10040 - Time = 0.0131546
Euler1dExplicit: run(): Step 10050 - Time = 0.0131677
Euler1dExplicit: run(): Step 10060 - Time = 0.0131808
Euler1dExplicit: run(): Step 10070 - Time = 0.0131939
Euler1dExplicit: run(): Step 10080 - Time = 0.013207
Euler1dExplicit: run(): Step 10090 - Time = 0.0132201
Euler1dExplicit: run(): Step 10100 - Time = 0.0132332
Euler1dExplicit: run(): Step 10110 - Time = 0.0132463
Euler1dExplicit: run(): Step 10120 - Time = 0.0132594
Euler1dExplicit: run(): Step 10130 - Time = 0.0132725
Euler1dExplicit: run(): Step 10140 - Time = 0.0132856
Euler1dExplicit: run(): Step 10150 - Time = 0.0132987
Euler1dExplicit: run(): Step 10160 - Time = 0.0133118
Euler1dExplicit: run(): Step 10170 - Time = 0.0133249
Euler1dExplicit: run(): Step 10180 - Time = 0.013338
Euler1dExplicit: run(): Step 10190 - Time = 0.0133511
Euler1dExplicit: run(): Step 10200 - Time = 0.0133642
Euler1dExplicit: run(): Step 10210 - Time = 0.0133773
Euler1dExplicit: run(): Step 10220 - Time = 0.0133904
Euler1dExplicit: run(): Step 10230 - Time = 0.0134035
Euler1dExplicit: run(): Step 10240 - Time = 0.0134166
Euler1dExplicit: run(): Step 10250 - Time = 0.0134297
Euler1dExplicit: run(): Step 10260 - Time = 0.0134428
Euler1dExplicit: run(): Step 10270 - Time = 0.0134559
Euler1dExplicit: run(): Step 10280 - Time = 0.013469
Euler1dExplicit: run(): Step 10290 - Time = 0.0134821
Euler1dExplicit: run(): Step 10300 - Time = 0.0134952
Euler1dExplicit: run(): Step 10310 - Time = 0.0135083
Euler1dExplicit: run(): Step 10320 - Time = 0.0135214
Euler1dExplicit: run(): Step 10330 - Time = 0.0135345
Euler1dExplicit: run(): Step 10340 - Time = 0.0135476
Euler1dExplicit: run(): Step 10350 - Time = 0.0135607
Euler1dExplicit: run(): Step 10360 - Time = 0.0135738
Euler1dExplicit: run(): Step 10370 - Time = 0.0135869
Euler1dExplicit: run(): Step 10380 - Time = 0.0136
Euler1dExplicit: run(): Step 10390 - Time = 0.0136131
Euler1dExplicit: run(): Step 10400 - Time = 0.0136262
Euler1dExplicit: run(): Step 10410 - Time = 0.0136393
Euler1dExplicit: run(): Step 10420 - Time = 0.0136524
Euler1dExplicit: run(): Step 10430 - Time = 0.0136655
Euler1dExplicit: run(): Step 10440 - Time = 0.0136786
Euler1dExplicit: run(): Step 10450 - Time = 0.0136917
Euler1dExplicit: run(): Step 10460 - Time = 0.0137048
Euler1dExplicit: run(): Step 10470 - Time = 0.0137179
Euler1dExplicit: run(): Step 10480 - Time = 0.013731
Euler1dExplicit: run(): Step 10490 - Time = 0.0137441
Euler1dExplicit: run(): Step 10500 - Time = 0.0137572
Euler1dExplicit: run(): Step 10510 - Time = 0.0137703
Euler1dExplicit: run(): Step 10520 - Time = 0.0137834
Euler1dExplicit: run(): Step 10530 - Time = 0.0137965
Euler1dExplicit: run(): Step 10540 - Time = 0.0138096
Euler1dExplicit: run(): Step 10550 - Time = 0.0138227
Euler1dExplicit: run(): Step 10560 - Time = 0.0138358
Euler1dExplicit: run(): Step 10570 - Time = 0.0138489
Euler1dExplicit: run(): Step 10580 - Time = 0.013862
Euler1dExplicit: run(): Step 10590 - Time = 0.0138751
Euler1dExplicit: run(): Step 10600 - Time = 0.0138882
Euler1dExplicit: run(): Step 10610 - Time = 0.0139013
Euler1dExplicit: run(): Step 10620 - Time = 0.0139144
Euler1dExplicit: run(): Step 10630 - Time = 0.0139275
Euler1dExplicit: run(): Step 10640 - Time = 0.0139406
Euler1dExplicit: run(): Step 10650 - Time = 0.0139537
Euler1dExplicit: run(): Step 10660 - Time = 0.0139668
Euler1dExplicit: run(): Step 10670 - Time = 0.0139799
Euler1dExplicit: run(): Step 10680 - Time = 0.013993
Euler1dExplicit: run(): Step 10690 - Time = 0.0140061
Euler1dExplicit: run(): Step 10700 - Time = 0.0140192
Euler1dExplicit: run(): Step 10710 - Time = 0.0140323
Euler1dExplicit: run(): Step 10720 - Time = 0.0140454
Euler1dExplicit: run(): Step 10730 - Time = 0.0140585
Euler1dExplicit: run(): Step 10740 - Time = 0.0140716
Euler1dExplicit: run(): Step 10750 - Time = 0.0140847
Euler1dExplicit: run(): Step 10760 - Time = 0.0140978
Euler1dExplicit: run(): Step 10770 - Time = 0.0141109
Euler1dExplicit: run(): Step 10780 - Time = 0.014124
Euler1dExplicit: run(): Step 10790 - Time = 0.0141371
Euler1dExplicit: run(): Step 10800 - Time = 0.0141502
Euler1dExplicit: run(): Step 10810 - Time = 0.0141633
Euler1dExplicit: run(): Step 10820 - Time = 0.0141764
Euler1dExplicit: run(): Step 10830 - Time = 0.0141895
Euler1dExplicit: run(): Step 10840 - Time = 0.0142026
Euler1dExplicit: run(): Step 10850 - Time = 0.0142157
Euler1dExplicit: run(): Step 10860 - Time = 0.0142288
Euler1dExplicit: run(): Step 10870 - Time = 0.0142419
Euler1dExplicit: run(): Step 10880 - Time = 0.014255
Euler1dExplicit: run(): Step 10890 - Time = 0.0142681
Euler1dExplicit: run(): Step 10900 - Time = 0.0142812
Euler1dExplicit: run(): Step 10910 - Time = 0.0142943
Euler1dExplicit: run(): Step 10920 - Time = 0.0143074
Euler1dExplicit: run(): Step 10930 - Time = 0.0143205
Euler1dExplicit: run(): Step 10940 - Time = 0.0143336
Euler1dExplicit: run(): Step 10950 - Time = 0.0143467
Euler1dExplicit: run(): Step 10960 - Time = 0.0143598
Euler1dExplicit: run(): Step 10970 - Time = 0.0143729
Euler1dExplicit: run(): Step 10980 - Time = 0.014386
Euler1dExplicit: run(): Step 10990 - Time = 0.0143991
Euler1dExplicit: run(): Step 11000 - Time = 0.0144122
Euler1dExplicit: run(): Step 11010 - Time = 0.0144253
Euler1dExplicit: run(): Step 11020 - Time = 0.0144384
Euler1dExplicit: run(): Step 11030 - Time = 0.0144515
Euler1dExplicit: run(): Step 11040 - Time = 0.0144646
Euler1dExplicit: run(): Step 11050 - Time = 0.0144777
Euler1dExplicit: run(): Step 11060 - Time = 0.0144908
Euler1dExplicit: run(): Step 11070 - Time = 0.0145039
Euler1dExplicit: run(): Step 11080 - Time = 0.014517
Euler1dExplicit: run(): Step 11090 - Time = 0.0145301
Euler1dExplicit: run(): Step 11100 - Time = 0.0145432
Euler1dExplicit: run(): Step 11110 - Time = 0.0145563
Euler1dExplicit: run(): Step 11120 - Time = 0.0145694
Euler1dExplicit: run(): Step 11130 - Time = 0.0145825
Euler1dExplicit: run(): Step 11140 - Time = 0.0145956
Euler1dExplicit: run(): Step 11150 - Time = 0.0146087
Euler1dExplicit: run(): Step 11160 - Time = 0.0146218
Euler1dExplicit: run(): Step 11170 - Time = 0.0146349
Euler1dExplicit: run(): Step 11180 - Time = 0.014648
Euler1dExplicit: run(): Step 11190 - Time = 0.0146611
Euler1dExplicit: run(): Step 11200 - Time = 0.0146742
Euler1dExplicit: run(): Step 11210 - Time = 0.0146873
Euler1dExplicit: run(): Step 11220 - Time = 0.0147004
Euler1dExplicit: run(): Step 11230 - Time = 0.0147135
Euler1dExplicit: run(): Step 11240 - Time = 0.0147266
Euler1dExplicit: run(): Step 11250 - Time = 0.0147397
Euler1dExplicit: run(): Step 11260 - Time = 0.0147528
Euler1dExplicit: run(): Step 11270 - Time = 0.0147659
Euler1dExplicit: run(): Step 11280 - Time = 0.014779
Euler1dExplicit: run(): Step 11290 - Time = 0.0147921
Euler1dExplicit: run(): Step 11300 - Time = 0.0148052
Euler1dExplicit: run(): Step 11310 - Time = 0.0148183
Euler1dExplicit: run(): Step 11320 - Time = 0.0148314
Euler1dExplicit: run(): Step 11330 - Time = 0.0148445
Euler1dExplicit: run(): Step 11340 - Time = 0.0148576
Euler1dExplicit: run(): Step 11350 - Time = 0.0148707
Euler1dExplicit: run(): Step 11360 - Time = 0.0148838
Euler1dExplicit: run(): Step 11370 - Time = 0.0148969
Euler1dExplicit: run(): Step 11380 - Time = 0.01491
Euler1dExplicit: run(): Step 11390 - Time = 0.0149231
Euler1dExplicit: run(): Step 11400 - Time = 0.0149362
Euler1dExplicit: run(): Step 11410 - Time = 0.0149493
Euler1dExplicit: run(): Step 11420 - Time = 0.0149624
Euler1dExplicit: run(): Step 11430 - Time = 0.0149755
Euler1dExplicit: run(): Step 11440 - Time = 0.0149886
Euler1dExplicit: run(): Step 11450 - Time = 0.0150017
Euler1dExplicit: run(): Step 11460 - Time = 0.0150148
Euler1dExplicit: run(): Step 11470 - Time = 0.0150279
Euler1dExplicit: run(): Step 11480 - Time = 0.015041
Euler1dExplicit: run(): Step 11490 - Time = 0.0150541
Euler1dExplicit: run(): Step 11500 - Time = 0.0150672
Euler1dExplicit: run(): Step 11510 - Time = 0.0150803
Euler1dExplicit: run(): Step 11520 - Time = 0.0150934
Euler1dExplicit: run(): Step 11530 - Time = 0.0151065
Euler1dExplicit: run(): Step 11540 - Time = 0.0151196
Euler1dExplicit: run(): Step 11550 - Time = 0.0151327
Euler1dExplicit: run(): Step 11560 - Time = 0.0151458
Euler1dExplicit: run(): Step 11570 - Time = 0.0151589
Euler1dExplicit: run(): Step 11580 - Time = 0.015172
Euler1dExplicit: run(): Step 11590 - Time = 0.0151851
Euler1dExplicit: run(): Step 11600 - Time = 0.0151982
Euler1dExplicit: run(): Step 11610 - Time = 0.0152113
Euler1dExplicit: run(): Step 11620 - Time = 0.0152244
Euler1dExplicit: run(): Step 11630 - Time = 0.0152375
Euler1dExplicit: run(): Step 11640 - Time = 0.0152506
Euler1dExplicit: run(): Step 11650 - Time = 0.0152637
Euler1dExplicit: run(): Step 11660 - Time = 0.0152768
Euler1dExplicit: run(): Step 11670 - Time = 0.0152899
Euler1dExplicit: run(): Step 11680 - Time = 0.015303
Euler1dExplicit: run(): Step 11690 - Time = 0.0153161
Euler1dExplicit: run(): Step 11700 - Time = 0.0153292
Euler1dExplicit: run(): Step 11710 - Time = 0.0153423
Euler1dExplicit: run(): Step 11720 - Time = 0.0153554
Euler1dExplicit: run(): Step 11730 - Time = 0.0153685
Euler1dExplicit: run(): Step 11740 - Time = 0.0153816
Euler1dExplicit: run(): Step 11750 - Time = 0.0153947
Euler1dExplicit: run(): Step 11760 - Time = 0.0154078
Euler1dExplicit: run(): Step 11770 - Time = 0.0154208
Euler1dExplicit: run(): Step 11780 - Time = 0.0154339
Euler1dExplicit: run(): Step 11790 - Time = 0.015447
Euler1dExplicit: run(): Step 11800 - Time = 0.0154601
Euler1dExplicit: run(): Step 11810 - Time = 0.0154732
Euler1dExplicit: run(): Step 11820 - Time = 0.0154863
Euler1dExplicit: run(): Step 11830 - Time = 0.0154994
Euler1dExplicit: run(): Step 11840 - Time = 0.0155125
Euler1dExplicit: run(): Step 11850 - Time = 0.0155256
Euler1dExplicit: run(): Step 11860 - Time = 0.0155387
Euler1dExplicit: run(): Step 11870 - Time = 0.0155518
Euler1dExplicit: run(): Step 11880 - Time = 0.0155649
Euler1dExplicit: run(): Step 11890 - Time = 0.015578
Euler1dExplicit: run(): Step 11900 - Time = 0.0155911
Euler1dExplicit: run(): Step 11910 - Time = 0.0156042
Euler1dExplicit: run(): Step 11920 - Time = 0.0156173
Euler1dExplicit: run(): Step 11930 - Time = 0.0156304
Euler1dExplicit: run(): Step 11940 - Time = 0.0156435
Euler1dExplicit: run(): Step 11950 - Time = 0.0156566
Euler1dExplicit: run(): Step 11960 - Time = 0.0156697
Euler1dExplicit: run(): Step 11970 - Time = 0.0156828
Euler1dExplicit: run(): Step 11980 - Time = 0.0156959
Euler1dExplicit: run(): Step 11990 - Time = 0.015709
Euler1dExplicit: run(): Step 12000 - Time = 0.0157221
Euler1dExplicit: run(): Step 12010 - Time = 0.0157352
Euler1dExplicit: run(): Step 12020 - Time = 0.0157483
Euler1dExplicit: run(): Step 12030 - Time = 0.0157614
Euler1dExplicit: run(): Step 12040 - Time = 0.0157745
Euler1dExplicit: run(): Step 12050 - Time = 0.0157876
Euler1dExplicit: run(): Step 12060 - Time = 0.0158007
Euler1dExplicit: run(): Step 12070 - Time = 0.0158138
Euler1dExplicit: run(): Step 12080 - Time = 0.0158269
Euler1dExplicit: run(): Step 12090 - Time = 0.01584
Euler1dExplicit: run(): Step 12100 - Time = 0.0158531
Euler1dExplicit: run(): Step 12110 - Time = 0.0158662
Euler1dExplicit: run(): Step 12120 - Time = 0.0158793
Euler1dExplicit: run(): Step 12130 - Time = 0.0158924
Euler1dExplicit: run(): Step 12140 - Time = 0.0159055
Euler1dExplicit: run(): Step 12150 - Time = 0.0159186
Euler1dExplicit: run(): Step 12160 - Time = 0.0159317
Euler1dExplicit: run(): Step 12170 - Time = 0.0159448
Euler1dExplicit: run(): Step 12180 - Time = 0.0159579
Euler1dExplicit: run(): Step 12190 - Time = 0.015971
Euler1dExplicit: run(): Step 12200 - Time = 0.0159841
Euler1dExplicit: run(): Step 12210 - Time = 0.0159972
Euler1dExplicit: run(): Step 12220 - Time = 0.0160103
Euler1dExplicit: run(): Step 12230 - Time = 0.0160234
Euler1dExplicit: run(): Step 12240 - Time = 0.0160365
Euler1dExplicit: run(): Step 12250 - Time = 0.0160496
Euler1dExplicit: run(): Step 12260 - Time = 0.0160627
Euler1dExplicit: run(): Step 12270 - Time = 0.0160758
Euler1dExplicit: run(): Step 12280 - Time = 0.0160889
Euler1dExplicit: run(): Step 12290 - Time = 0.016102
Euler1dExplicit: run(): Step 12300 - Time = 0.0161151
Euler1dExplicit: run(): Step 12310 - Time = 0.0161282
Euler1dExplicit: run(): Step 12320 - Time = 0.0161413
Euler1dExplicit: run(): Step 12330 - Time = 0.0161544
Euler1dExplicit: run(): Step 12340 - Time = 0.0161675
Euler1dExplicit: run(): Step 12350 - Time = 0.0161806
Euler1dExplicit: run(): Step 12360 - Time = 0.0161937
Euler1dExplicit: run(): Step 12370 - Time = 0.0162068
Euler1dExplicit: run(): Step 12380 - Time = 0.0162199
Euler1dExplicit: run(): Step 12390 - Time = 0.016233
Euler1dExplicit: run(): Step 12400 - Time = 0.0162461
Euler1dExplicit: run(): Step 12410 - Time = 0.0162592
Euler1dExplicit: run(): Step 12420 - Time = 0.0162723
Euler1dExplicit: run(): Step 12430 - Time = 0.0162854
Euler1dExplicit: run(): Step 12440 - Time = 0.0162985
Euler1dExplicit: run(): Step 12450 - Time = 0.0163116
Euler1dExplicit: run(): Step 12460 - Time = 0.0163247
Euler1dExplicit: run(): Step 12470 - Time = 0.0163378
Euler1dExplicit: run(): Step 12480 - Time = 0.0163509
Euler1dExplicit: run(): Step 12490 - Time = 0.016364
Euler1dExplicit: run(): Step 12500 - Time = 0.0163771
Euler1dExplicit: run(): Step 12510 - Time = 0.0163902
Euler1dExplicit: run(): Step 12520 - Time = 0.0164033
Euler1dExplicit: run(): Step 12530 - Time = 0.0164164
Euler1dExplicit: run(): Step 12540 - Time = 0.0164295
Euler1dExplicit: run(): Step 12550 - Time = 0.0164426
Euler1dExplicit: run(): Step 12560 - Time = 0.0164557
Euler1dExplicit: run(): Step 12570 - Time = 0.0164688
Euler1dExplicit: run(): Step 12580 - Time = 0.0164819
Euler1dExplicit: run(): Step 12590 - Time = 0.016495
Euler1dExplicit: run(): Step 12600 - Time = 0.0165081
Euler1dExplicit: run(): Step 12610 - Time = 0.0165212
Euler1dExplicit: run(): Step 12620 - Time = 0.0165343
Euler1dExplicit: run(): Step 12630 - Time = 0.0165474
Euler1dExplicit: run(): Step 12640 - Time = 0.0165605
Euler1dExplicit: run(): Step 12650 - Time = 0.0165736
Euler1dExplicit: run(): Step 12660 - Time = 0.0165867
Euler1dExplicit: run(): Step 12670 - Time = 0.0165998
Euler1dExplicit: run(): Step 12680 - Time = 0.0166129
Euler1dExplicit: run(): Step 12690 - Time = 0.016626
Euler1dExplicit: run(): Step 12700 - Time = 0.0166391
Euler1dExplicit: run(): Step 12710 - Time = 0.0166522
Euler1dExplicit: run(): Step 12720 - Time = 0.0166653
Euler1dExplicit: run(): Step 12730 - Time = 0.0166784
Euler1dExplicit: run(): Step 12740 - Time = 0.0166915
Euler1dExplicit: run(): Step 12750 - Time = 0.0167046
Euler1dExplicit: run(): Step 12760 - Time = 0.0167177
Euler1dExplicit: run(): Step 12770 - Time = 0.0167308
Euler1dExplicit: run(): Step 12780 - Time = 0.0167439
Euler1dExplicit: run(): Step 12790 - Time = 0.016757
Euler1dExplicit: run(): Step 12800 - Time = 0.0167701
Euler1dExplicit: run(): Step 12810 - Time = 0.0167832
Euler1dExplicit: run(): Step 12820 - Time = 0.0167963
Euler1dExplicit: run(): Step 12830 - Time = 0.0168094
Euler1dExplicit: run(): Step 12840 - Time = 0.0168225
Euler1dExplicit: run(): Step 12850 - Time = 0.0168356
Euler1dExplicit: run(): Step 12860 - Time = 0.0168487
Euler1dExplicit: run(): Step 12870 - Time = 0.0168618
Euler1dExplicit: run(): Step 12880 - Time = 0.0168749
Euler1dExplicit: run(): Step 12890 - Time = 0.016888
Euler1dExplicit: run(): Step 12900 - Time = 0.0169011
Euler1dExplicit: run(): Step 12910 - Time = 0.0169142
Euler1dExplicit: run(): Step 12920 - Time = 0.0169273
Euler1dExplicit: run(): Step 12930 - Time = 0.0169404
Euler1dExplicit: run(): Step 12940 - Time = 0.0169535
Euler1dExplicit: run(): Step 12950 - Time = 0.0169666
Euler1dExplicit: run(): Step 12960 - Time = 0.0169797
Euler1dExplicit: run(): Step 12970 - Time = 0.0169928
Euler1dExplicit: run(): Step 12980 - Time = 0.0170059
Euler1dExplicit: run(): Step 12990 - Time = 0.017019
Euler1dExplicit: run(): Step 13000 - Time = 0.0170321
Euler1dExplicit: run(): Step 13010 - Time = 0.0170452
Euler1dExplicit: run(): Step 13020 - Time = 0.0170583
Euler1dExplicit: run(): Step 13030 - Time = 0.0170714
Euler1dExplicit: run(): Step 13040 - Time = 0.0170845
Euler1dExplicit: run(): Step 13050 - Time = 0.0170976
Euler1dExplicit: run(): Step 13060 - Time = 0.0171107
Euler1dExplicit: run(): Step 13070 - Time = 0.0171238
Euler1dExplicit: run(): Step 13080 - Time = 0.0171369
Euler1dExplicit: run(): Step 13090 - Time = 0.01715
Euler1dExplicit: run(): Step 13100 - Time = 0.0171631
Euler1dExplicit: run(): Step 13110 - Time = 0.0171762
Euler1dExplicit: run(): Step 13120 - Time = 0.0171893
Euler1dExplicit: run(): Step 13130 - Time = 0.0172024
Euler1dExplicit: run(): Step 13140 - Time = 0.0172155
Euler1dExplicit: run(): Step 13150 - Time = 0.0172286
Euler1dExplicit: run(): Step 13160 - Time = 0.0172417
Euler1dExplicit: run(): Step 13170 - Time = 0.0172548
Euler1dExplicit: run(): Step 13180 - Time = 0.0172679
Euler1dExplicit: run(): Step 13190 - Time = 0.017281
Euler1dExplicit: run(): Step 13200 - Time = 0.0172941
Euler1dExplicit: run(): Step 13210 - Time = 0.0173072
Euler1dExplicit: run(): Step 13220 - Time = 0.0173203
Euler1dExplicit: run(): Step 13230 - Time = 0.0173334
Euler1dExplicit: run(): Step 13240 - Time = 0.0173465
Euler1dExplicit: run(): Step 13250 - Time = 0.0173596
Euler1dExplicit: run(): Step 13260 - Time = 0.0173727
Euler1dExplicit: run(): Step 13270 - Time = 0.0173858
Euler1dExplicit: run(): Step 13280 - Time = 0.0173989
Euler1dExplicit: run(): Step 13290 - Time = 0.017412
Euler1dExplicit: run(): Step 13300 - Time = 0.0174251
Euler1dExplicit: run(): Step 13310 - Time = 0.0174382
Euler1dExplicit: run(): Step 13320 - Time = 0.0174513
Euler1dExplicit: run(): Step 13330 - Time = 0.0174644
Euler1dExplicit: run(): Step 13340 - Time = 0.0174775
Euler1dExplicit: run(): Step 13350 - Time = 0.0174906
Euler1dExplicit: run(): Step 13360 - Time = 0.0175037
Euler1dExplicit: run(): Step 13370 - Time = 0.0175168
Euler1dExplicit: run(): Step 13380 - Time = 0.0175299
Euler1dExplicit: run(): Step 13390 - Time = 0.017543
Euler1dExplicit: run(): Step 13400 - Time = 0.0175561
Euler1dExplicit: run(): Step 13410 - Time = 0.0175692
Euler1dExplicit: run(): Step 13420 - Time = 0.0175823
Euler1dExplicit: run(): Step 13430 - Time = 0.0175954
Euler1dExplicit: run(): Step 13440 - Time = 0.0176085
Euler1dExplicit: run(): Step 13450 - Time = 0.0176216
Euler1dExplicit: run(): Step 13460 - Time = 0.0176347
Euler1dExplicit: run(): Step 13470 - Time = 0.0176478
Euler1dExplicit: run(): Step 13480 - Time = 0.0176609
Euler1dExplicit: run(): Step 13490 - Time = 0.017674
Euler1dExplicit: run(): Step 13500 - Time = 0.0176871
Euler1dExplicit: run(): Step 13510 - Time = 0.0177002
Euler1dExplicit: run(): Step 13520 - Time = 0.0177133
Euler1dExplicit: run(): Step 13530 - Time = 0.0177264
Euler1dExplicit: run(): Step 13540 - Time = 0.0177395
Euler1dExplicit: run(): Step 13550 - Time = 0.0177526
Euler1dExplicit: run(): Step 13560 - Time = 0.0177657
Euler1dExplicit: run(): Step 13570 - Time = 0.0177788
Euler1dExplicit: run(): Step 13580 - Time = 0.0177919
Euler1dExplicit: run(): Step 13590 - Time = 0.017805
Euler1dExplicit: run(): Step 13600 - Time = 0.0178181
Euler1dExplicit: run(): Step 13610 - Time = 0.0178312
Euler1dExplicit: run(): Step 13620 - Time = 0.0178443
Euler1dExplicit: run(): Step 13630 - Time = 0.0178574
Euler1dExplicit: run(): Step 13640 - Time = 0.0178705
Euler1dExplicit: run(): Step 13650 - Time = 0.0178836
Euler1dExplicit: run(): Step 13660 - Time = 0.0178967
Euler1dExplicit: run(): Step 13670 - Time = 0.0179098
Euler1dExplicit: run(): Step 13680 - Time = 0.0179229
Euler1dExplicit: run(): Step 13690 - Time = 0.017936
Euler1dExplicit: run(): Step 13700 - Time = 0.0179491
Euler1dExplicit: run(): Step 13710 - Time = 0.0179622
Euler1dExplicit: run(): Step 13720 - Time = 0.0179753
Euler1dExplicit: run(): Step 13730 - Time = 0.0179884
Euler1dExplicit: run(): Step 13740 - Time = 0.0180015
Euler1dExplicit: run(): Step 13750 - Time = 0.0180146
Euler1dExplicit: run(): Step 13760 - Time = 0.0180277
Euler1dExplicit: run(): Step 13770 - Time = 0.0180408
Euler1dExplicit: run(): Step 13780 - Time = 0.0180539
Euler1dExplicit: run(): Step 13790 - Time = 0.018067
Euler1dExplicit: run(): Step 13800 - Time = 0.0180801
Euler1dExplicit: run(): Step 13810 - Time = 0.0180932
Euler1dExplicit: run(): Step 13820 - Time = 0.0181063
Euler1dExplicit: run(): Step 13830 - Time = 0.0181194
Euler1dExplicit: run(): Step 13840 - Time = 0.0181325
Euler1dExplicit: run(): Step 13850 - Time = 0.0181456
Euler1dExplicit: run(): Step 13860 - Time = 0.0181587
Euler1dExplicit: run(): Step 13870 - Time = 0.0181718
Euler1dExplicit: run(): Step 13880 - Time = 0.0181849
Euler1dExplicit: run(): Step 13890 - Time = 0.018198
Euler1dExplicit: run(): Step 13900 - Time = 0.0182111
Euler1dExplicit: run(): Step 13910 - Time = 0.0182242
Euler1dExplicit: run(): Step 13920 - Time = 0.0182373
Euler1dExplicit: run(): Step 13930 - Time = 0.0182503
Euler1dExplicit: run(): Step 13940 - Time = 0.0182634
Euler1dExplicit: run(): Step 13950 - Time = 0.0182765
Euler1dExplicit: run(): Step 13960 - Time = 0.0182896
Euler1dExplicit: run(): Step 13970 - Time = 0.0183027
Euler1dExplicit: run(): Step 13980 - Time = 0.0183158
Euler1dExplicit: run(): Step 13990 - Time = 0.0183289
Euler1dExplicit: run(): Step 14000 - Time = 0.018342
Euler1dExplicit: run(): Step 14010 - Time = 0.0183551
Euler1dExplicit: run(): Step 14020 - Time = 0.0183682
Euler1dExplicit: run(): Step 14030 - Time = 0.0183813
Euler1dExplicit: run(): Step 14040 - Time = 0.0183944
Euler1dExplicit: run(): Step 14050 - Time = 0.0184075
Euler1dExplicit: run(): Step 14060 - Time = 0.0184206
Euler1dExplicit: run(): Step 14070 - Time = 0.0184337
Euler1dExplicit: run(): Step 14080 - Time = 0.0184468
Euler1dExplicit: run(): Step 14090 - Time = 0.0184599
Euler1dExplicit: run(): Step 14100 - Time = 0.018473
Euler1dExplicit: run(): Step 14110 - Time = 0.0184861
Euler1dExplicit: run(): Step 14120 - Time = 0.0184992
Euler1dExplicit: run(): Step 14130 - Time = 0.0185123
Euler1dExplicit: run(): Step 14140 - Time = 0.0185254
Euler1dExplicit: run(): Step 14150 - Time = 0.0185385
Euler1dExplicit: run(): Step 14160 - Time = 0.0185516
Euler1dExplicit: run(): Step 14170 - Time = 0.0185647
Euler1dExplicit: run(): Step 14180 - Time = 0.0185778
Euler1dExplicit: run(): Step 14190 - Time = 0.0185909
Euler1dExplicit: run(): Step 14200 - Time = 0.018604
Euler1dExplicit: run(): Step 14210 - Time = 0.0186171
Euler1dExplicit: run(): Step 14220 - Time = 0.0186302
Euler1dExplicit: run(): Step 14230 - Time = 0.0186433
Euler1dExplicit: run(): Step 14240 - Time = 0.0186564
Euler1dExplicit: run(): Step 14250 - Time = 0.0186695
Euler1dExplicit: run(): Step 14260 - Time = 0.0186826
Euler1dExplicit: run(): Step 14270 - Time = 0.0186957
Euler1dExplicit: run(): Step 14280 - Time = 0.0187088
Euler1dExplicit: run(): Step 14290 - Time = 0.0187219
Euler1dExplicit: run(): Step 14300 - Time = 0.018735
Euler1dExplicit: run(): Step 14310 - Time = 0.0187481
Euler1dExplicit: run(): Step 14320 - Time = 0.0187612
Euler1dExplicit: run(): Step 14330 - Time = 0.0187743
Euler1dExplicit: run(): Step 14340 - Time = 0.0187874
Euler1dExplicit: run(): Step 14350 - Time = 0.0188005
Euler1dExplicit: run(): Step 14360 - Time = 0.0188136
Euler1dExplicit: run(): Step 14370 - Time = 0.0188267
Euler1dExplicit: run(): Step 14380 - Time = 0.0188398
Euler1dExplicit: run(): Step 14390 - Time = 0.0188529
Euler1dExplicit: run(): Step 14400 - Time = 0.018866
Euler1dExplicit: run(): Step 14410 - Time = 0.0188791
Euler1dExplicit: run(): Step 14420 - Time = 0.0188922
Euler1dExplicit: run(): Step 14430 - Time = 0.0189053
Euler1dExplicit: run(): Step 14440 - Time = 0.0189184
Euler1dExplicit: run(): Step 14450 - Time = 0.0189315
Euler1dExplicit: run(): Step 14460 - Time = 0.0189446
Euler1dExplicit: run(): Step 14470 - Time = 0.0189577
Euler1dExplicit: run(): Step 14480 - Time = 0.0189708
Euler1dExplicit: run(): Step 14490 - Time = 0.0189839
Euler1dExplicit: run(): Step 14500 - Time = 0.018997
Euler1dExplicit: run(): Step 14510 - Time = 0.0190101
Euler1dExplicit: run(): Step 14520 - Time = 0.0190232
Euler1dExplicit: run(): Step 14530 - Time = 0.0190363
Euler1dExplicit: run(): Step 14540 - Time = 0.0190494
Euler1dExplicit: run(): Step 14550 - Time = 0.0190625
Euler1dExplicit: run(): Step 14560 - Time = 0.0190756
Euler1dExplicit: run(): Step 14570 - Time = 0.0190887
Euler1dExplicit: run(): Step 14580 - Time = 0.0191018
Euler1dExplicit: run(): Step 14590 - Time = 0.0191149
Euler1dExplicit: run(): Step 14600 - Time = 0.019128
Euler1dExplicit: run(): Step 14610 - Time = 0.0191411
Euler1dExplicit: run(): Step 14620 - Time = 0.0191542
Euler1dExplicit: run(): Step 14630 - Time = 0.0191673
Euler1dExplicit: run(): Step 14640 - Time = 0.0191804
Euler1dExplicit: run(): Step 14650 - Time = 0.0191935
Euler1dExplicit: run(): Step 14660 - Time = 0.0192066
Euler1dExplicit: run(): Step 14670 - Time = 0.0192197
Euler1dExplicit: run(): Step 14680 - Time = 0.0192328
Euler1dExplicit: run(): Step 14690 - Time = 0.0192459
Euler1dExplicit: run(): Step 14700 - Time = 0.019259
Euler1dExplicit: run(): Step 14710 - Time = 0.0192721
Euler1dExplicit: run(): Step 14720 - Time = 0.0192852
Euler1dExplicit: run(): Step 14730 - Time = 0.0192983
Euler1dExplicit: run(): Step 14740 - Time = 0.0193114
Euler1dExplicit: run(): Step 14750 - Time = 0.0193245
Euler1dExplicit: run(): Step 14760 - Time = 0.0193376
Euler1dExplicit: run(): Step 14770 - Time = 0.0193507
Euler1dExplicit: run(): Step 14780 - Time = 0.0193638
Euler1dExplicit: run(): Step 14790 - Time = 0.0193769
Euler1dExplicit: run(): Step 14800 - Time = 0.01939
Euler1dExplicit: run(): Step 14810 - Time = 0.0194031
Euler1dExplicit: run(): Step 14820 - Time = 0.0194162
Euler1dExplicit: run(): Step 14830 - Time = 0.0194293
Euler1dExplicit: run(): Step 14840 - Time = 0.0194424
Euler1dExplicit: run(): Step 14850 - Time = 0.0194555
Euler1dExplicit: run(): Step 14860 - Time = 0.0194686
Euler1dExplicit: run(): Step 14870 - Time = 0.0194817
Euler1dExplicit: run(): Step 14880 - Time = 0.0194948
Euler1dExplicit: run(): Step 14890 - Time = 0.0195079
Euler1dExplicit: run(): Step 14900 - Time = 0.019521
Euler1dExplicit: run(): Step 14910 - Time = 0.0195341
Euler1dExplicit: run(): Step 14920 - Time = 0.0195472
Euler1dExplicit: run(): Step 14930 - Time = 0.0195603
Euler1dExplicit: run(): Step 14940 - Time = 0.0195734
Euler1dExplicit: run(): Step 14950 - Time = 0.0195865
Euler1dExplicit: run(): Step 14960 - Time = 0.0195996
Euler1dExplicit: run(): Step 14970 - Time = 0.0196127
Euler1dExplicit: run(): Step 14980 - Time = 0.0196258
Euler1dExplicit: run(): Step 14990 - Time = 0.0196389
Euler1dExplicit: run(): Step 15000 - Time = 0.019652
Euler1dExplicit: run(): Step 15010 - Time = 0.0196651
Euler1dExplicit: run(): Step 15020 - Time = 0.0196782
Euler1dExplicit: run(): Step 15030 - Time = 0.0196913
Euler1dExplicit: run(): Step 15040 - Time = 0.0197044
Euler1dExplicit: run(): Step 15050 - Time = 0.0197175
Euler1dExplicit: run(): Step 15060 - Time = 0.0197306
Euler1dExplicit: run(): Step 15070 - Time = 0.0197437
Euler1dExplicit: run(): Step 15080 - Time = 0.0197568
Euler1dExplicit: run(): Step 15090 - Time = 0.0197699
Euler1dExplicit: run(): Step 15100 - Time = 0.019783
Euler1dExplicit: run(): Step 15110 - Time = 0.0197961
Euler1dExplicit: run(): Step 15120 - Time = 0.0198092
Euler1dExplicit: run(): Step 15130 - Time = 0.0198223
Euler1dExplicit: run(): Step 15140 - Time = 0.0198354
Euler1dExplicit: run(): Step 15150 - Time = 0.0198485
Euler1dExplicit: run(): Step 15160 - Time = 0.0198616
Euler1dExplicit: run(): Step 15170 - Time = 0.0198747
Euler1dExplicit: run(): Step 15180 - Time = 0.0198878
Euler1dExplicit: run(): Step 15190 - Time = 0.0199009
Euler1dExplicit: run(): Step 15200 - Time = 0.019914
Euler1dExplicit: run(): Step 15210 - Time = 0.0199271
Euler1dExplicit: run(): Step 15220 - Time = 0.0199402
Euler1dExplicit: run(): Step 15230 - Time = 0.0199533
Euler1dExplicit: run(): Step 15240 - Time = 0.0199664
Euler1dExplicit: run(): Step 15250 - Time = 0.0199795
Euler1dExplicit: run(): Step 15260 - Time = 0.0199926
Euler1dExplicit: run(): Step 15270 - Time = 0.0200057
Euler1dExplicit: run(): Step 15280 - Time = 0.0200188
Euler1dExplicit: run(): Step 15290 - Time = 0.0200319
Euler1dExplicit: run(): Step 15300 - Time = 0.020045
Euler1dExplicit: run(): Step 15310 - Time = 0.0200581
Euler1dExplicit: run(): Step 15320 - Time = 0.0200712
Euler1dExplicit: run(): Step 15330 - Time = 0.0200843
Euler1dExplicit: run(): Step 15340 - Time = 0.0200974
Euler1dExplicit: run(): Step 15350 - Time = 0.0201105
Euler1dExplicit: run(): Step 15360 - Time = 0.0201236
Euler1dExplicit: run(): Step 15370 - Time = 0.0201367
Euler1dExplicit: run(): Step 15380 - Time = 0.0201498
Euler1dExplicit: run(): Step 15390 - Time = 0.0201629
Euler1dExplicit: run(): Step 15400 - Time = 0.020176
Euler1dExplicit: run(): Step 15410 - Time = 0.0201891
Euler1dExplicit: run(): Step 15420 - Time = 0.0202022
Euler1dExplicit: run(): Step 15430 - Time = 0.0202153
Euler1dExplicit: run(): Step 15440 - Time = 0.0202284
Euler1dExplicit: run(): Step 15450 - Time = 0.0202415
Euler1dExplicit: run(): Step 15460 - Time = 0.0202546
Euler1dExplicit: run(): Step 15470 - Time = 0.0202677
Euler1dExplicit: run(): Step 15480 - Time = 0.0202808
Euler1dExplicit: run(): Step 15490 - Time = 0.0202939
Euler1dExplicit: run(): Step 15500 - Time = 0.020307
Euler1dExplicit: run(): Step 15510 - Time = 0.0203201
Euler1dExplicit: run(): Step 15520 - Time = 0.0203332
Euler1dExplicit: run(): Step 15530 - Time = 0.0203463
Euler1dExplicit: run(): Step 15540 - Time = 0.0203594
Euler1dExplicit: run(): Step 15550 - Time = 0.0203725
Euler1dExplicit: run(): Step 15560 - Time = 0.0203856
Euler1dExplicit: run(): Step 15570 - Time = 0.0203987
Euler1dExplicit: run(): Step 15580 - Time = 0.0204118
Euler1dExplicit: run(): Step 15590 - Time = 0.0204249
Euler1dExplicit: run(): Step 15600 - Time = 0.020438
Euler1dExplicit: run(): Step 15610 - Time = 0.0204511
Euler1dExplicit: run(): Step 15620 - Time = 0.0204642
Euler1dExplicit: run(): Step 15630 - Time = 0.0204773
Euler1dExplicit: run(): Step 15640 - Time = 0.0204904
Euler1dExplicit: run(): Step 15650 - Time = 0.0205035
Euler1dExplicit: run(): Step 15660 - Time = 0.0205166
Euler1dExplicit: run(): Step 15670 - Time = 0.0205297
Euler1dExplicit: run(): Step 15680 - Time = 0.0205428
Euler1dExplicit: run(): Step 15690 - Time = 0.0205559
Euler1dExplicit: run(): Step 15700 - Time = 0.020569
Euler1dExplicit: run(): Step 15710 - Time = 0.0205821
Euler1dExplicit: run(): Step 15720 - Time = 0.0205952
Euler1dExplicit: run(): Step 15730 - Time = 0.0206083
Euler1dExplicit: run(): Step 15740 - Time = 0.0206214
Euler1dExplicit: run(): Step 15750 - Time = 0.0206345
Euler1dExplicit: run(): Step 15760 - Time = 0.0206476
Euler1dExplicit: run(): Step 15770 - Time = 0.0206607
Euler1dExplicit: run(): Step 15780 - Time = 0.0206738
Euler1dExplicit: run(): Step 15790 - Time = 0.0206869
Euler1dExplicit: run(): Step 15800 - Time = 0.0207
Euler1dExplicit: run(): Step 15810 - Time = 0.0207131
Euler1dExplicit: run(): Step 15820 - Time = 0.0207262
Euler1dExplicit: run(): Step 15830 - Time = 0.0207393
Euler1dExplicit: run(): Step 15840 - Time = 0.0207524
Euler1dExplicit: run(): Step 15850 - Time = 0.0207655
Euler1dExplicit: run(): Step 15860 - Time = 0.0207786
Euler1dExplicit: run(): Step 15870 - Time = 0.0207917
Euler1dExplicit: run(): Step 15880 - Time = 0.0208048
Euler1dExplicit: run(): Step 15890 - Time = 0.0208179
Euler1dExplicit: run(): Step 15900 - Time = 0.020831
Euler1dExplicit: run(): Step 15910 - Time = 0.0208441
Euler1dExplicit: run(): Step 15920 - Time = 0.0208572
Euler1dExplicit: run(): Step 15930 - Time = 0.0208703
Euler1dExplicit: run(): Step 15940 - Time = 0.0208834
Euler1dExplicit: run(): Step 15950 - Time = 0.0208965
Euler1dExplicit: run(): Step 15960 - Time = 0.0209096
Euler1dExplicit: run(): Step 15970 - Time = 0.0209227
Euler1dExplicit: run(): Step 15980 - Time = 0.0209358
Euler1dExplicit: run(): Step 15990 - Time = 0.0209489
Euler1dExplicit: run(): Step 16000 - Time = 0.020962
Euler1dExplicit: run(): Step 16010 - Time = 0.0209751
Euler1dExplicit: run(): Step 16020 - Time = 0.0209882
Euler1dExplicit: run(): Step 16030 - Time = 0.0210013
Euler1dExplicit: run(): Step 16040 - Time = 0.0210144
Euler1dExplicit: run(): Step 16050 - Time = 0.0210275
Euler1dExplicit: run(): Step 16060 - Time = 0.0210406
Euler1dExplicit: run(): Step 16070 - Time = 0.0210537
Euler1dExplicit: run(): Step 16080 - Time = 0.0210667
Euler1dExplicit: run(): Step 16090 - Time = 0.0210798
Euler1dExplicit: run(): Step 16100 - Time = 0.0210929
Euler1dExplicit: run(): Step 16110 - Time = 0.021106
Euler1dExplicit: run(): Step 16120 - Time = 0.0211191
Euler1dExplicit: run(): Step 16130 - Time = 0.0211322
Euler1dExplicit: run(): Step 16140 - Time = 0.0211453
Euler1dExplicit: run(): Step 16150 - Time = 0.0211584
Euler1dExplicit: run(): Step 16160 - Time = 0.0211715
Euler1dExplicit: run(): Step 16170 - Time = 0.0211846
Euler1dExplicit: run(): Step 16180 - Time = 0.0211977
Euler1dExplicit: run(): Step 16190 - Time = 0.0212108
Euler1dExplicit: run(): Step 16200 - Time = 0.0212239
Euler1dExplicit: run(): Step 16210 - Time = 0.021237
Euler1dExplicit: run(): Step 16220 - Time = 0.0212501
Euler1dExplicit: run(): Step 16230 - Time = 0.0212632
Euler1dExplicit: run(): Step 16240 - Time = 0.0212763
Euler1dExplicit: run(): Step 16250 - Time = 0.0212894
Euler1dExplicit: run(): Step 16260 - Time = 0.0213025
Euler1dExplicit: run(): Step 16270 - Time = 0.0213156
Euler1dExplicit: run(): Step 16280 - Time = 0.0213287
Euler1dExplicit: run(): Step 16290 - Time = 0.0213418
Euler1dExplicit: run(): Step 16300 - Time = 0.0213549
Euler1dExplicit: run(): Step 16310 - Time = 0.021368
Euler1dExplicit: run(): Step 16320 - Time = 0.0213811
Euler1dExplicit: run(): Step 16330 - Time = 0.0213942
Euler1dExplicit: run(): Step 16340 - Time = 0.0214073
Euler1dExplicit: run(): Step 16350 - Time = 0.0214204
Euler1dExplicit: run(): Step 16360 - Time = 0.0214335
Euler1dExplicit: run(): Step 16370 - Time = 0.0214466
Euler1dExplicit: run(): Step 16380 - Time = 0.0214597
Euler1dExplicit: run(): Step 16390 - Time = 0.0214728
Euler1dExplicit: run(): Step 16400 - Time = 0.0214859
Euler1dExplicit: run(): Step 16410 - Time = 0.021499
Euler1dExplicit: run(): Step 16420 - Time = 0.0215121
Euler1dExplicit: run(): Step 16430 - Time = 0.0215252
Euler1dExplicit: run(): Step 16440 - Time = 0.0215383
Euler1dExplicit: run(): Step 16450 - Time = 0.0215514
Euler1dExplicit: run(): Step 16460 - Time = 0.0215645
Euler1dExplicit: run(): Step 16470 - Time = 0.0215776
Euler1dExplicit: run(): Step 16480 - Time = 0.0215907
Euler1dExplicit: run(): Step 16490 - Time = 0.0216038
Euler1dExplicit: run(): Step 16500 - Time = 0.0216169
Euler1dExplicit: run(): Step 16510 - Time = 0.02163
Euler1dExplicit: run(): Step 16520 - Time = 0.0216431
Euler1dExplicit: run(): Step 16530 - Time = 0.0216562
Euler1dExplicit: run(): Step 16540 - Time = 0.0216693
Euler1dExplicit: run(): Step 16550 - Time = 0.0216824
Euler1dExplicit: run(): Step 16560 - Time = 0.0216955
Euler1dExplicit: run(): Step 16570 - Time = 0.0217086
Euler1dExplicit: run(): Step 16580 - Time = 0.0217217
Euler1dExplicit: run(): Step 16590 - Time = 0.0217348
Euler1dExplicit: run(): Step 16600 - Time = 0.0217479
Euler1dExplicit: run(): Step 16610 - Time = 0.021761
Euler1dExplicit: run(): Step 16620 - Time = 0.0217741
Euler1dExplicit: run(): Step 16630 - Time = 0.0217872
Euler1dExplicit: run(): Step 16640 - Time = 0.0218003
Euler1dExplicit: run(): Step 16650 - Time = 0.0218134
Euler1dExplicit: run(): Step 16660 - Time = 0.0218265
Euler1dExplicit: run(): Step 16670 - Time = 0.0218396
Euler1dExplicit: run(): Step 16680 - Time = 0.0218527
Euler1dExplicit: run(): Step 16690 - Time = 0.0218658
Euler1dExplicit: run(): Step 16700 - Time = 0.0218789
Euler1dExplicit: run(): Step 16710 - Time = 0.021892
Euler1dExplicit: run(): Step 16720 - Time = 0.0219051
Euler1dExplicit: run(): Step 16730 - Time = 0.0219182
Euler1dExplicit: run(): Step 16740 - Time = 0.0219313
Euler1dExplicit: run(): Step 16750 - Time = 0.0219444
Euler1dExplicit: run(): Step 16760 - Time = 0.0219575
Euler1dExplicit: run(): Step 16770 - Time = 0.0219706
Euler1dExplicit: run(): Step 16780 - Time = 0.0219837
Euler1dExplicit: run(): Step 16790 - Time = 0.0219968
Euler1dExplicit: run(): Step 16800 - Time = 0.0220099
Euler1dExplicit: run(): Step 16810 - Time = 0.022023
Euler1dExplicit: run(): Step 16820 - Time = 0.0220361
Euler1dExplicit: run(): Step 16830 - Time = 0.0220492
Euler1dExplicit: run(): Step 16840 - Time = 0.0220623
Euler1dExplicit: run(): Step 16850 - Time = 0.0220754
Euler1dExplicit: run(): Step 16860 - Time = 0.0220885
Euler1dExplicit: run(): Step 16870 - Time = 0.0221016
Euler1dExplicit: run(): Step 16880 - Time = 0.0221147
Euler1dExplicit: run(): Step 16890 - Time = 0.0221278
Euler1dExplicit: run(): Step 16900 - Time = 0.0221409
Euler1dExplicit: run(): Step 16910 - Time = 0.022154
Euler1dExplicit: run(): Step 16920 - Time = 0.0221671
Euler1dExplicit: run(): Step 16930 - Time = 0.0221802
Euler1dExplicit: run(): Step 16940 - Time = 0.0221933
Euler1dExplicit: run(): Step 16950 - Time = 0.0222064
Euler1dExplicit: run(): Step 16960 - Time = 0.0222195
Euler1dExplicit: run(): Step 16970 - Time = 0.0222326
Euler1dExplicit: run(): Step 16980 - Time = 0.0222457
Euler1dExplicit: run(): Step 16990 - Time = 0.0222588
Euler1dExplicit: run(): Step 17000 - Time = 0.0222719
Euler1dExplicit: run(): Step 17010 - Time = 0.022285
Euler1dExplicit: run(): Step 17020 - Time = 0.0222981
Euler1dExplicit: run(): Step 17030 - Time = 0.0223112
Euler1dExplicit: run(): Step 17040 - Time = 0.0223243
Euler1dExplicit: run(): Step 17050 - Time = 0.0223374
Euler1dExplicit: run(): Step 17060 - Time = 0.0223505
Euler1dExplicit: run(): Step 17070 - Time = 0.0223636
Euler1dExplicit: run(): Step 17080 - Time = 0.0223767
Euler1dExplicit: run(): Step 17090 - Time = 0.0223898
Euler1dExplicit: run(): Step 17100 - Time = 0.0224029
Euler1dExplicit: run(): Step 17110 - Time = 0.022416
Euler1dExplicit: run(): Step 17120 - Time = 0.0224291
Euler1dExplicit: run(): Step 17130 - Time = 0.0224422
Euler1dExplicit: run(): Step 17140 - Time = 0.0224553
Euler1dExplicit: run(): Step 17150 - Time = 0.0224684
Euler1dExplicit: run(): Step 17160 - Time = 0.0224815
Euler1dExplicit: run(): Step 17170 - Time = 0.0224946
Euler1dExplicit: run(): Step 17180 - Time = 0.0225077
Euler1dExplicit: run(): Step 17190 - Time = 0.0225208
Euler1dExplicit: run(): Step 17200 - Time = 0.0225339
Euler1dExplicit: run(): Step 17210 - Time = 0.022547
Euler1dExplicit: run(): Step 17220 - Time = 0.0225601
Euler1dExplicit: run(): Step 17230 - Time = 0.0225732
Euler1dExplicit: run(): Step 17240 - Time = 0.0225863
Euler1dExplicit: run(): Step 17250 - Time = 0.0225994
Euler1dExplicit: run(): Step 17260 - Time = 0.0226125
Euler1dExplicit: run(): Step 17270 - Time = 0.0226256
Euler1dExplicit: run(): Step 17280 - Time = 0.0226387
Euler1dExplicit: run(): Step 17290 - Time = 0.0226518
Euler1dExplicit: run(): Step 17300 - Time = 0.0226649
Euler1dExplicit: run(): Step 17310 - Time = 0.022678
Euler1dExplicit: run(): Step 17320 - Time = 0.0226911
Euler1dExplicit: run(): Step 17330 - Time = 0.0227042
Euler1dExplicit: run(): Step 17340 - Time = 0.0227173
Euler1dExplicit: run(): Step 17350 - Time = 0.0227304
Euler1dExplicit: run(): Step 17360 - Time = 0.0227435
Euler1dExplicit: run(): Step 17370 - Time = 0.0227566
Euler1dExplicit: run(): Step 17380 - Time = 0.0227697
Euler1dExplicit: run(): Step 17390 - Time = 0.0227828
Euler1dExplicit: run(): Step 17400 - Time = 0.0227959
Euler1dExplicit: run(): Step 17410 - Time = 0.022809
Euler1dExplicit: run(): Step 17420 - Time = 0.0228221
Euler1dExplicit: run(): Step 17430 - Time = 0.0228352
Euler1dExplicit: run(): Step 17440 - Time = 0.0228483
Euler1dExplicit: run(): Step 17450 - Time = 0.0228614
Euler1dExplicit: run(): Step 17460 - Time = 0.0228745
Euler1dExplicit: run(): Step 17470 - Time = 0.0228876
Euler1dExplicit: run(): Step 17480 - Time = 0.0229007
Euler1dExplicit: run(): Step 17490 - Time = 0.0229138
Euler1dExplicit: run(): Step 17500 - Time = 0.0229269
Euler1dExplicit: run(): Step 17510 - Time = 0.02294
Euler1dExplicit: run(): Step 17520 - Time = 0.0229531
Euler1dExplicit: run(): Step 17530 - Time = 0.0229662
Euler1dExplicit: run(): Step 17540 - Time = 0.0229793
Euler1dExplicit: run(): Step 17550 - Time = 0.0229924
Euler1dExplicit: run(): Step 17560 - Time = 0.0230055
Euler1dExplicit: run(): Step 17570 - Time = 0.0230186
Euler1dExplicit: run(): Step 17580 - Time = 0.0230317
Euler1dExplicit: run(): Step 17590 - Time = 0.0230448
Euler1dExplicit: run(): Step 17600 - Time = 0.0230579
Euler1dExplicit: run(): Step 17610 - Time = 0.023071
Euler1dExplicit: run(): Step 17620 - Time = 0.0230841
Euler1dExplicit: run(): Step 17630 - Time = 0.0230972
Euler1dExplicit: run(): Step 17640 - Time = 0.0231103
Euler1dExplicit: run(): Step 17650 - Time = 0.0231234
Euler1dExplicit: run(): Step 17660 - Time = 0.0231365
Euler1dExplicit: run(): Step 17670 - Time = 0.0231496
Euler1dExplicit: run(): Step 17680 - Time = 0.0231627
Euler1dExplicit: run(): Step 17690 - Time = 0.0231758
Euler1dExplicit: run(): Step 17700 - Time = 0.0231889
Euler1dExplicit: run(): Step 17710 - Time = 0.023202
Euler1dExplicit: run(): Step 17720 - Time = 0.0232151
Euler1dExplicit: run(): Step 17730 - Time = 0.0232282
Euler1dExplicit: run(): Step 17740 - Time = 0.0232413
Euler1dExplicit: run(): Step 17750 - Time = 0.0232544
Euler1dExplicit: run(): Step 17760 - Time = 0.0232675
Euler1dExplicit: run(): Step 17770 - Time = 0.0232806
Euler1dExplicit: run(): Step 17780 - Time = 0.0232937
Euler1dExplicit: run(): Step 17790 - Time = 0.0233068
Euler1dExplicit: run(): Step 17800 - Time = 0.0233199
Euler1dExplicit: run(): Step 17810 - Time = 0.023333
Euler1dExplicit: run(): Step 17820 - Time = 0.0233461
Euler1dExplicit: run(): Step 17830 - Time = 0.0233592
Euler1dExplicit: run(): Step 17840 - Time = 0.0233723
Euler1dExplicit: run(): Step 17850 - Time = 0.0233854
Euler1dExplicit: run(): Step 17860 - Time = 0.0233985
Euler1dExplicit: run(): Step 17870 - Time = 0.0234116
Euler1dExplicit: run(): Step 17880 - Time = 0.0234247
Euler1dExplicit: run(): Step 17890 - Time = 0.0234378
Euler1dExplicit: run(): Step 17900 - Time = 0.0234509
Euler1dExplicit: run(): Step 17910 - Time = 0.023464
Euler1dExplicit: run(): Step 17920 - Time = 0.0234771
Euler1dExplicit: run(): Step 17930 - Time = 0.0234902
Euler1dExplicit: run(): Step 17940 - Time = 0.0235033
Euler1dExplicit: run(): Step 17950 - Time = 0.0235164
----------------------------------------
Begin PBS Epilogue Fri Jan  6 18:09:02 EST 2017 1483744142
Job ID:		75668162.gm-1r16-n04.guillimin.clumeq.ca
Username:	akashi
Group:		rck-371-01
Job Name:	sodst_acc_cpus
Session:	22059
Limits:		neednodes=1:ppn=16,nodes=1:ppn=16,pmem=3700mb,walltime=00:05:00
Resources:	cput=00:05:17,energy_used=0,mem=40288kb,vmem=82500kb,walltime=00:05:20
Queue:		sw2plus
Account:	rck-371-aa
Exit code:	-11
Nodes:	sw-4r03-n53
Killing leftovers...

End PBS Epilogue Fri Jan  6 18:09:02 EST 2017 1483744142
----------------------------------------
