
======== CPU profiling result (bottom up):
Time(%)      Time  Name
 49.98%  1169.69s  cudbgGetAPIVersion
 49.98%  1169.69s  | start_thread
 49.98%  1169.69s  |   clone
 16.51%  386.366s  cuMemcpyDtoHAsync_v2
 16.51%  386.366s  | __pgi_uacc_cuda_datadown1
 16.51%  386.366s  |   __pgi_uacc_datadown1
 16.51%  386.336s  |     do_datadown
 16.51%  386.326s  |     | __pgi_uacc_contig_recurse
 16.51%  386.326s  |     | | __pgi_uacc_contig_recurse
 16.51%  386.326s  |     | |   __pgi_uacc_contig_search
 16.51%  386.326s  |     | |     __pgi_uacc_datadownx
 16.51%  386.326s  |     | |       __pgi_uacc_datadowna
 16.51%  386.326s  |     | |         Euler1dExplicit::run(void)
 16.51%  386.326s  |     | |           main
  0.00%  10.029ms  |     | __pgi_uacc_contig_search
  0.00%  10.029ms  |     |   __pgi_uacc_datadownx
  0.00%  10.029ms  |     |     __pgi_uacc_datadowna
  0.00%  10.029ms  |     |       Euler1dExplicit::run(void)
  0.00%  10.029ms  |     |         main
  0.00%  30.087ms  |     __pgi_uacc_datadownx
  0.00%  30.087ms  |       __pgi_uacc_datadowna
  0.00%  30.087ms  |         Euler1dExplicit::run(void)
  0.00%  30.087ms  |           main
 10.14%  237.215s  __pgi_uacc_rb2_find
  4.69%  109.847s  | check_present
  4.67%  109.256s  | | __pgi_uacc_excontig_recurse
  4.67%  109.256s  | | | __pgi_uacc_excontig_recurse
  4.67%  109.256s  | | |   __pgi_uacc_excontig_search
  4.67%  109.256s  | | |     __pgi_uacc_present_search_locked
  2.02%  47.1762s  | | |       __pgi_uacc_dataoffb2
  1.37%  32.0526s  | | |       | Euler1dExplicit::run(void)
  1.37%  32.0526s  | | |       | | main
  0.65%  15.1237s  | | |       | Euler1d::apply_boundary_conditions(void)
  2.01%  47.1261s  | | |       __pgi_uacc_dataonb
  1.37%  32.0927s  | | |       | Euler1dExplicit::run(void)
  1.37%  32.0927s  | | |       | | main
  0.64%  15.0334s  | | |       | Euler1d::apply_boundary_conditions(void)
  0.64%  14.9532s  | | |       __pgi_uacc_present_search
  0.64%  14.9532s  | | |         __pgi_uacc_datadowna
  0.64%  14.9532s  | | |           Euler1dExplicit::run(void)
  0.64%  14.9532s  | | |             main
  0.03%  591.71ms  | | __pgi_uacc_excontig_search
  0.03%  591.71ms  | |   __pgi_uacc_present_search_locked
  0.01%  290.84ms  | |     __pgi_uacc_dataonb
  0.01%  120.35ms  | |     | MUSCLReconstruction::compute_face_values(void)
  0.00%  110.32ms  | |     | Euler1dExplicit::run(void)
  0.00%  110.32ms  | |     | | main
  0.00%  30.087ms  | |     | Euler1d::apply_boundary_conditions(void)
  0.00%  30.087ms  | |     | Euler1d::compute_inviscid_fluxes_cellwise(double**, double**, double**, double*)
  0.00%  30.087ms  | |     |   Euler1dExplicit::run(void)
  0.00%  30.087ms  | |     |     main
  0.01%  260.75ms  | |     __pgi_uacc_dataoffb2
  0.00%  90.261ms  | |     | Euler1dExplicit::run(void)
  0.00%  90.261ms  | |     | | main
  0.00%  60.174ms  | |     | MUSCLReconstruction::compute_face_values(void)
  0.00%  40.116ms  | |     | Euler1d::compute_source_term(double**, double**, double*)
  0.00%  40.116ms  | |     | Euler1d::compute_inviscid_fluxes_cellwise(double**, double**, double**, double*)
  0.00%  40.116ms  | |     | | Euler1dExplicit::run(void)
  0.00%  40.116ms  | |     | |   main
  0.00%  30.087ms  | |     | Euler1d::apply_boundary_conditions(void)
  0.00%  20.058ms  | |     __pgi_uacc_present_search
  0.00%  20.058ms  | |     | __pgi_uacc_datadowna
  0.00%  20.058ms  | |     |   Euler1dExplicit::run(void)
  0.00%  20.058ms  | |     |     main
  0.00%  10.029ms  | |     __pgi_uacc_cuda_setptr
  0.00%  10.029ms  | |     | __pgi_uacc_setptr
  0.00%  10.029ms  | |     |   __pgi_uacc_dataonb
  0.00%  10.029ms  | |     |     Euler1d::compute_inviscid_fluxes_cellwise(double**, double**, double**, double*)
  0.00%  10.029ms  | |     |       Euler1dExplicit::run(void)
  0.00%  10.029ms  | |     |         main
  0.00%  10.029ms  | |     __pgi_uacc_cuda_resetptr
  0.00%  10.029ms  | |       __pgi_uacc_resetptr
  0.00%  10.029ms  | |         __pgi_uacc_dataoffb2
  0.00%  10.029ms  | |           Euler1d::compute_inviscid_fluxes_cellwise(double**, double**, double**, double*)
  0.00%  10.029ms  | |             Euler1dExplicit::run(void)
  0.00%  10.029ms  | |               main
  1.94%  45.4713s  | do_delete
  1.94%  45.3109s  | | __pgi_uacc_excontig_recurse
  1.94%  45.3109s  | | | __pgi_uacc_excontig_recurse
  1.94%  45.3109s  | | |   __pgi_uacc_excontig_search
  1.94%  45.3109s  | | |     __pgi_uacc_delete
  1.94%  45.3109s  | | |       __pgi_uacc_dataoffb2
  1.31%  30.7388s  | | |         Euler1dExplicit::run(void)
  1.31%  30.7388s  | | |         | main
  0.62%  14.5721s  | | |         Euler1d::apply_boundary_conditions(void)
  0.01%  160.46ms  | | __pgi_uacc_excontig_search
  0.01%  160.46ms  | |   __pgi_uacc_delete
  0.01%  160.46ms  | |     __pgi_uacc_dataoffb2
  0.00%  70.203ms  | |       Euler1dExplicit::run(void)
  0.00%  70.203ms  | |       | main
  0.00%  40.116ms  | |       Euler1d::apply_boundary_conditions(void)
  0.00%  20.058ms  | |       MUSCLReconstruction::compute_face_values(void)
  0.00%  20.058ms  | |       Euler1d::compute_inviscid_fluxes_cellwise(double**, double**, double**, double*)
  0.00%  20.058ms  | |       | Euler1dExplicit::run(void)
  0.00%  20.058ms  | |       |   main
  0.00%  10.029ms  | |       Euler1d::compute_source_term(double**, double**, double*)
  1.91%   44.679s  | increment_present
  1.91%  44.5888s  | | __pgi_uacc_excontig_recurse
  1.91%  44.5888s  | | | __pgi_uacc_excontig_recurse
  1.91%  44.5888s  | | |   __pgi_uacc_excontig_search
  1.91%  44.5888s  | | |     __pgi_uacc_present_search_locked
  1.91%  44.5888s  | | |       __pgi_uacc_dataonb
  1.32%   30.809s  | | |         Euler1dExplicit::run(void)
  1.32%   30.809s  | | |         | main
  0.59%  13.7798s  | | |         Euler1d::apply_boundary_conditions(void)
  0.00%  90.261ms  | | __pgi_uacc_excontig_search
  0.00%  90.261ms  | |   __pgi_uacc_present_search_locked
  0.00%  90.261ms  | |     __pgi_uacc_dataonb
  0.00%  30.087ms  | |       Euler1d::compute_inviscid_fluxes_cellwise(double**, double**, double**, double*)
  0.00%  30.087ms  | |       | Euler1dExplicit::run(void)
  0.00%  30.087ms  | |       |   main
  0.00%  30.087ms  | |       Euler1dExplicit::run(void)
  0.00%  30.087ms  | |       | main
  0.00%  10.029ms  | |       Euler1d::apply_boundary_conditions(void)
  0.00%  10.029ms  | |       MUSCLReconstruction::compute_face_values(void)
  0.00%  10.029ms  | |       Euler1d::compute_source_term(double**, double**, double*)
  0.88%  20.6998s  | do_create
  0.88%  20.6998s  | | __pgi_uacc_excontig_recurse
  0.88%  20.6998s  | |   __pgi_uacc_excontig_recurse
  0.88%  20.6998s  | |     __pgi_uacc_excontig_search
  0.88%  20.6998s  | |       __pgi_uacc_create
  0.88%  20.6998s  | |         __pgi_uacc_dataonb
  0.88%  20.6998s  | |           Euler1d::compute_inviscid_fluxes_cellwise(double**, double**, double**, double*)
  0.88%  20.6998s  | |             Euler1dExplicit::run(void)
  0.88%  20.6998s  | |               main
  0.70%  16.4876s  | do_datadown
  0.70%  16.4876s  | | __pgi_uacc_contig_recurse
  0.70%  16.4876s  | |   __pgi_uacc_contig_recurse
  0.70%  16.4876s  | |     __pgi_uacc_contig_search
  0.70%  16.4876s  | |       __pgi_uacc_datadownx
  0.70%  16.4876s  | |         __pgi_uacc_datadowna
  0.70%  16.4876s  | |           Euler1dExplicit::run(void)
  0.70%  16.4876s  | |             main
  0.00%  20.058ms  | do_dataup
  0.00%  20.058ms  | | __pgi_uacc_contig_recurse
  0.00%  20.058ms  | |   __pgi_uacc_contig_recurse
  0.00%  20.058ms  | |     __pgi_uacc_contig_search
  0.00%  20.058ms  | |       __pgi_uacc_dataupx
  0.00%  20.058ms  | |         __pgi_uacc_dataonb
  0.00%  20.058ms  | |           Euler1dExplicit::run(void)
  0.00%  20.058ms  | |             main
  0.00%  10.029ms  | __pgi_uacc_excontig_recurse
  0.00%  10.029ms  |   __pgi_uacc_excontig_recurse
  0.00%  10.029ms  |     __pgi_uacc_excontig_search
  0.00%  10.029ms  |       __pgi_uacc_delete
  0.00%  10.029ms  |         __pgi_uacc_dataoffb2
  0.00%  10.029ms  |           Euler1dExplicit::run(void)
  0.00%  10.029ms  |             main
  8.83%  206.677s  cuEventRecord
  8.83%  206.677s  | __pgi_uacc_cuda_datadown1
  8.83%  206.677s  |   __pgi_uacc_datadown1
  8.83%  206.647s  |     do_datadown
  8.83%  206.617s  |     | __pgi_uacc_contig_recurse
  8.83%  206.617s  |     | | __pgi_uacc_contig_recurse
  8.83%  206.617s  |     | |   __pgi_uacc_contig_search
  8.83%  206.617s  |     | |     __pgi_uacc_datadownx
  8.83%  206.617s  |     | |       __pgi_uacc_datadowna
  8.83%  206.617s  |     | |         Euler1dExplicit::run(void)
  8.83%  206.617s  |     | |           main
  0.00%  30.087ms  |     | __pgi_uacc_contig_search
  0.00%  30.087ms  |     |   __pgi_uacc_datadownx
  0.00%  30.087ms  |     |     __pgi_uacc_datadowna
  0.00%  30.087ms  |     |       Euler1dExplicit::run(void)
  0.00%  30.087ms  |     |         main
  0.00%  30.087ms  |     __pgi_uacc_datadownx
  0.00%  30.087ms  |       __pgi_uacc_datadowna
  0.00%  30.087ms  |         Euler1dExplicit::run(void)
  0.00%  30.087ms  |           main
  7.17%  167.775s  cuEventSynchronize
  7.17%  167.775s  | __pgi_uacc_cuda_drain_down
  6.95%   162.69s  |   __pgi_uacc_cuda_wait
  6.95%   162.69s  |   | __pgi_uacc_updone
  6.95%   162.69s  |   |   Euler1dExplicit::run(void)
  6.95%   162.69s  |   |     main
  0.22%  5.08468s  |   __pgi_uacc_cuda_get_buffer
  0.22%  5.08468s  |     __pgi_uacc_cuda_datadown1
  0.22%  5.08468s  |       __pgi_uacc_datadown1
  0.22%  5.08468s  |         do_datadown
  0.22%  5.08468s  |           __pgi_uacc_contig_recurse
  0.22%  5.08468s  |             __pgi_uacc_contig_recurse
  0.22%  5.08468s  |               __pgi_uacc_contig_search
  0.22%  5.08468s  |                 __pgi_uacc_datadownx
  0.22%  5.08468s  |                   __pgi_uacc_datadowna
  0.22%  5.08468s  |                     Euler1dExplicit::run(void)
  0.22%  5.08468s  |                       main
  2.29%  53.5045s  __pgi_uacc_excontig_recurse
  1.32%  30.9394s  | __pgi_uacc_excontig_recurse
  1.32%  30.9394s  | | __pgi_uacc_excontig_search
  0.92%   21.452s  | |   __pgi_uacc_present_search_locked
  0.53%  12.4861s  | |   | __pgi_uacc_dataonb
  0.27%  6.31825s  | |   | | Euler1d::apply_boundary_conditions(void)
  0.26%  6.15778s  | |   | | Euler1dExplicit::run(void)
  0.26%  6.15778s  | |   | | | main
  0.00%  10.029ms  | |   | | MUSCLReconstruction::compute_face_values(void)
  0.32%   7.4114s  | |   | __pgi_uacc_dataoffb2
  0.12%  2.88834s  | |   | | Euler1dExplicit::run(void)
  0.12%  2.88834s  | |   | | | main
  0.12%  2.88834s  | |   | | Euler1d::apply_boundary_conditions(void)
  0.07%  1.63472s  | |   | | Euler1d::compute_inviscid_fluxes_cellwise(double**, double**, double**, double*)
  0.07%  1.63472s  | |   | |   Euler1dExplicit::run(void)
  0.07%  1.63472s  | |   | |     main
  0.07%  1.55449s  | |   | __pgi_uacc_present_search
  0.07%  1.55449s  | |   |   __pgi_uacc_datadowna
  0.07%  1.55449s  | |   |     Euler1dExplicit::run(void)
  0.07%  1.55449s  | |   |       main
  0.33%  7.73233s  | |   __pgi_uacc_delete
  0.33%  7.73233s  | |   | __pgi_uacc_dataoffb2
  0.14%  3.26944s  | |   |   Euler1dExplicit::run(void)
  0.14%  3.26944s  | |   |   | main
  0.12%  2.84823s  | |   |   Euler1d::apply_boundary_conditions(void)
  0.07%  1.61466s  | |   |   Euler1d::compute_inviscid_fluxes_cellwise(double**, double**, double**, double*)
  0.07%  1.61466s  | |   |     Euler1dExplicit::run(void)
  0.07%  1.61466s  | |   |       main
  0.07%  1.75507s  | |   __pgi_uacc_create
  0.07%  1.75507s  | |     __pgi_uacc_dataonb
  0.07%  1.75507s  | |       Euler1d::compute_inviscid_fluxes_cellwise(double**, double**, double**, double*)
  0.07%  1.75507s  | |         Euler1dExplicit::run(void)
  0.07%  1.75507s  | |           main
  0.96%  22.5652s  | __pgi_uacc_excontig_search
  0.68%  15.9561s  |   __pgi_uacc_present_search_locked
  0.37%  8.56474s  |   | __pgi_uacc_dataonb
  0.19%  4.35257s  |   | | Euler1dExplicit::run(void)
  0.19%  4.35257s  |   | | | main
  0.18%  4.21216s  |   | | Euler1d::apply_boundary_conditions(void)
  0.26%   6.1277s  |   | __pgi_uacc_dataoffb2
  0.12%  2.80811s  |   | | Euler1dExplicit::run(void)
  0.12%  2.80811s  |   | | | main
  0.10%  2.30666s  |   | | Euler1d::apply_boundary_conditions(void)
  0.04%  982.84ms  |   | | Euler1d::compute_inviscid_fluxes_cellwise(double**, double**, double**, double*)
  0.04%  982.84ms  |   | | | Euler1dExplicit::run(void)
  0.04%  982.84ms  |   | | |   main
  0.00%  20.058ms  |   | | MUSCLReconstruction::compute_face_values(void)
  0.00%  10.029ms  |   | | Euler1d::compute_source_term(double**, double**, double*)
  0.05%  1.26365s  |   | __pgi_uacc_present_search
  0.05%  1.26365s  |   |   __pgi_uacc_datadowna
  0.05%  1.26365s  |   |     Euler1dExplicit::run(void)
  0.05%  1.26365s  |   |       main
  0.22%  5.20503s  |   __pgi_uacc_delete
  0.22%  5.20503s  |   | __pgi_uacc_dataoffb2
  0.10%  2.33675s  |   |   Euler1dExplicit::run(void)
  0.10%  2.33675s  |   |   | main
  0.08%   1.8353s  |   |   Euler1d::apply_boundary_conditions(void)
  0.04%  1.03298s  |   |   Euler1d::compute_inviscid_fluxes_cellwise(double**, double**, double**, double*)
  0.04%  1.03298s  |   |     Euler1dExplicit::run(void)
  0.04%  1.03298s  |   |       main
  0.06%  1.40405s  |   __pgi_uacc_create
  0.06%  1.40405s  |     __pgi_uacc_dataonb
  0.06%  1.40405s  |       Euler1d::compute_inviscid_fluxes_cellwise(double**, double**, double**, double*)
  0.06%  1.40405s  |         Euler1dExplicit::run(void)
  0.06%  1.40405s  |           main
  1.88%   43.977s  cuStreamSynchronize
  1.88%   43.977s  | __pgi_uacc_cuda_wait
  1.42%  33.2159s  |   __pgi_uacc_computedone
  0.77%  17.9418s  |   | Euler1dExplicit::run(void)
  0.77%  17.9418s  |   | | main
  0.22%  5.14486s  |   | Euler1d::compute_inviscid_fluxes_cellwise(double**, double**, double**, double*)
  0.22%  5.14486s  |   | | Euler1dExplicit::run(void)
  0.22%  5.14486s  |   | |   main
  0.19%  4.39269s  |   | Euler1d::compute_source_term(double**, double**, double*)
  0.17%  3.90127s  |   | Euler1d::apply_boundary_conditions(void)
  0.08%   1.8353s  |   | MUSCLReconstruction::compute_face_values(void)
  0.46%  10.7611s  |   __pgi_uacc_updone
  0.46%  10.7611s  |     Euler1dExplicit::run(void)
  0.46%  10.7611s  |       main
  0.78%  18.2226s  check_present
  0.77%  18.1324s  | __pgi_uacc_excontig_recurse
  0.76%  17.6811s  | | __pgi_uacc_excontig_recurse
  0.76%  17.6811s  | | | __pgi_uacc_excontig_search
  0.76%  17.6811s  | | |   __pgi_uacc_present_search_locked
  0.34%  7.88277s  | | |     __pgi_uacc_dataoffb2
  0.20%  4.71361s  | | |     | Euler1dExplicit::run(void)
  0.20%  4.71361s  | | |     | | main
  0.12%  2.80811s  | | |     | Euler1d::apply_boundary_conditions(void)
  0.02%  361.04ms  | | |     | Euler1d::compute_inviscid_fluxes_cellwise(double**, double**, double**, double*)
  0.02%  361.04ms  | | |     |   Euler1dExplicit::run(void)
  0.02%  361.04ms  | | |     |     main
  0.30%  7.05036s  | | |     __pgi_uacc_dataonb
  0.19%  4.41274s  | | |     | Euler1dExplicit::run(void)
  0.19%  4.41274s  | | |     | | main
  0.11%  2.63762s  | | |     | Euler1d::apply_boundary_conditions(void)
  0.12%  2.74794s  | | |     __pgi_uacc_present_search
  0.12%  2.74794s  | | |       __pgi_uacc_datadowna
  0.12%  2.74794s  | | |         Euler1dExplicit::run(void)
  0.12%  2.74794s  | | |           main
  0.02%   451.3ms  | | __pgi_uacc_excontig_search
  0.02%   451.3ms  | |   __pgi_uacc_present_search_locked
  0.01%   240.7ms  | |     __pgi_uacc_dataoffb2
  0.00%  110.32ms  | |     | Euler1dExplicit::run(void)
  0.00%  110.32ms  | |     | | main
  0.00%  90.261ms  | |     | Euler1d::compute_inviscid_fluxes_cellwise(double**, double**, double**, double*)
  0.00%  90.261ms  | |     | | Euler1dExplicit::run(void)
  0.00%  90.261ms  | |     | |   main
  0.00%  30.087ms  | |     | Euler1d::apply_boundary_conditions(void)
  0.00%  10.029ms  | |     | Euler1d::compute_source_term(double**, double**, double*)
  0.01%  160.46ms  | |     __pgi_uacc_dataonb
  0.00%  100.29ms  | |     | Euler1d::apply_boundary_conditions(void)
  0.00%  60.174ms  | |     | Euler1dExplicit::run(void)
  0.00%  60.174ms  | |     |   main
  0.00%  50.145ms  | |     __pgi_uacc_present_search
  0.00%  50.145ms  | |       __pgi_uacc_datadowna
  0.00%  50.145ms  | |         Euler1dExplicit::run(void)
  0.00%  50.145ms  | |           main
  0.00%  90.261ms  | __pgi_uacc_excontig_search
  0.00%  90.261ms  |   __pgi_uacc_present_search_locked
  0.00%  50.145ms  |     __pgi_uacc_dataoffb2
  0.00%  20.058ms  |     | Euler1dExplicit::run(void)
  0.00%  20.058ms  |     | | main
  0.00%  20.058ms  |     | MUSCLReconstruction::compute_face_values(void)
  0.00%  10.029ms  |     | Euler1d::compute_inviscid_fluxes_cellwise(double**, double**, double**, double*)
  0.00%  10.029ms  |     |   Euler1dExplicit::run(void)
  0.00%  10.029ms  |     |     main
  0.00%  40.116ms  |     __pgi_uacc_dataonb
  0.00%  30.087ms  |       Euler1dExplicit::run(void)
  0.00%  30.087ms  |       | main
  0.00%  10.029ms  |       MUSCLReconstruction::compute_face_values(void)
  0.47%  11.1021s  do_delete
  0.47%  11.0419s  | __pgi_uacc_excontig_recurse
  0.46%  10.8714s  | | __pgi_uacc_excontig_recurse
  0.46%  10.8714s  | | | __pgi_uacc_excontig_search
  0.46%  10.8714s  | | |   __pgi_uacc_delete
  0.46%  10.8714s  | | |     __pgi_uacc_dataoffb2
  0.24%  5.72654s  | | |       Euler1dExplicit::run(void)
  0.24%  5.72654s  | | |       | main
  0.20%  4.73367s  | | |       Euler1d::apply_boundary_conditions(void)
  0.02%  411.19ms  | | |       Euler1d::compute_inviscid_fluxes_cellwise(double**, double**, double**, double*)
  0.02%  411.19ms  | | |         Euler1dExplicit::run(void)
  0.02%  411.19ms  | | |           main
  0.01%  170.49ms  | | __pgi_uacc_excontig_search
  0.01%  170.49ms  | |   __pgi_uacc_delete
  0.01%  170.49ms  | |     __pgi_uacc_dataoffb2
  0.00%  70.203ms  | |       Euler1d::compute_inviscid_fluxes_cellwise(double**, double**, double**, double*)
  0.00%  70.203ms  | |       | Euler1dExplicit::run(void)
  0.00%  70.203ms  | |       |   main
  0.00%  70.203ms  | |       Euler1d::apply_boundary_conditions(void)
  0.00%  20.058ms  | |       Euler1dExplicit::run(void)
  0.00%  20.058ms  | |       | main
  0.00%  10.029ms  | |       MUSCLReconstruction::compute_face_values(void)
  0.00%  60.174ms  | __pgi_uacc_excontig_search
  0.00%  60.174ms  |   __pgi_uacc_delete
  0.00%  60.174ms  |     __pgi_uacc_dataoffb2
  0.00%  20.058ms  |       Euler1d::compute_inviscid_fluxes_cellwise(double**, double**, double**, double*)
  0.00%  20.058ms  |       | Euler1dExplicit::run(void)
  0.00%  20.058ms  |       |   main
  0.00%  10.029ms  |       MUSCLReconstruction::compute_face_values(void)
  0.00%  10.029ms  |       Euler1d::compute_source_term(double**, double**, double*)
  0.00%  10.029ms  |       Euler1dExplicit::run(void)
  0.00%  10.029ms  |       | main
  0.00%  10.029ms  |       Euler1d::apply_boundary_conditions(void)
  0.38%  8.96589s  increment_present
  0.38%  8.90572s  | __pgi_uacc_excontig_recurse
  0.37%  8.69511s  | | __pgi_uacc_excontig_recurse
  0.37%  8.69511s  | | | __pgi_uacc_excontig_search
  0.37%  8.69511s  | | |   __pgi_uacc_present_search_locked
  0.37%  8.69511s  | | |     __pgi_uacc_dataonb
  0.23%  5.47581s  | | |       Euler1dExplicit::run(void)
  0.23%  5.47581s  | | |       | main
  0.14%   3.2193s  | | |       Euler1d::apply_boundary_conditions(void)
  0.01%  210.61ms  | | __pgi_uacc_excontig_search
  0.01%  210.61ms  | |   __pgi_uacc_present_search_locked
  0.01%  210.61ms  | |     __pgi_uacc_dataonb
  0.01%  140.41ms  | |       Euler1d::apply_boundary_conditions(void)
  0.00%  70.203ms  | |       Euler1dExplicit::run(void)
  0.00%  70.203ms  | |         main
  0.00%  60.174ms  | __pgi_uacc_excontig_search
  0.00%  60.174ms  |   __pgi_uacc_present_search_locked
  0.00%  60.174ms  |     __pgi_uacc_dataonb
  0.00%  30.087ms  |       Euler1dExplicit::run(void)
  0.00%  30.087ms  |       | main
  0.00%  10.029ms  |       MUSCLReconstruction::compute_face_values(void)
  0.00%  10.029ms  |       Euler1d::compute_source_term(double**, double**, double*)
  0.00%  10.029ms  |       Euler1d::compute_inviscid_fluxes_cellwise(double**, double**, double**, double*)
  0.00%  10.029ms  |         Euler1dExplicit::run(void)
  0.00%  10.029ms  |           main
  0.38%  8.81546s  __pgi_uacc_cuda_datadown1
  0.38%  8.81546s  | __pgi_uacc_datadown1
  0.38%  8.81546s  |   do_datadown
  0.38%  8.81546s  |     __pgi_uacc_contig_recurse
  0.38%  8.81546s  |       __pgi_uacc_contig_recurse
  0.38%  8.81546s  |         __pgi_uacc_contig_search
  0.38%  8.81546s  |           __pgi_uacc_datadownx
  0.38%  8.81546s  |             __pgi_uacc_datadowna
  0.38%  8.81546s  |               Euler1dExplicit::run(void)
  0.38%  8.81546s  |                 main
  0.16%  3.83106s  __pgi_uacc_cuda_download_event
  0.16%  3.80098s  | __pgi_uacc_cuda_datadown1
  0.16%  3.80098s  | | __pgi_uacc_datadown1
  0.16%  3.80098s  | |   do_datadown
  0.16%  3.80098s  | |     __pgi_uacc_contig_recurse
  0.16%  3.80098s  | |       __pgi_uacc_contig_recurse
  0.16%  3.80098s  | |         __pgi_uacc_contig_search
  0.16%  3.80098s  | |           __pgi_uacc_datadownx
  0.16%  3.80098s  | |             __pgi_uacc_datadowna
  0.16%  3.80098s  | |               Euler1dExplicit::run(void)
  0.16%  3.80098s  | |                 main
  0.00%  30.087ms  | __pgi_uacc_datadown1
  0.00%  30.087ms  |   do_datadown
  0.00%  30.087ms  |     __pgi_uacc_contig_recurse
  0.00%  30.087ms  |       __pgi_uacc_contig_recurse
  0.00%  30.087ms  |         __pgi_uacc_contig_search
  0.00%  30.087ms  |           __pgi_uacc_datadownx
  0.00%  30.087ms  |             __pgi_uacc_datadowna
  0.00%  30.087ms  |               Euler1dExplicit::run(void)
  0.00%  30.087ms  |                 main
  0.15%  3.48005s  __pgi_uacc_cuda_get_buffer
  0.15%  3.42991s  | __pgi_uacc_cuda_datadown1
  0.15%  3.42991s  | | __pgi_uacc_datadown1
  0.15%  3.42991s  | |   do_datadown
  0.15%  3.42991s  | |     __pgi_uacc_contig_recurse
  0.15%  3.42991s  | |       __pgi_uacc_contig_recurse
  0.15%  3.42991s  | |         __pgi_uacc_contig_search
  0.15%  3.42991s  | |           __pgi_uacc_datadownx
  0.15%  3.42991s  | |             __pgi_uacc_datadowna
  0.15%  3.42991s  | |               Euler1dExplicit::run(void)
  0.15%  3.42991s  | |                 main
  0.00%  50.145ms  | __pgi_uacc_datadown1
  0.00%  50.145ms  |   do_datadown
  0.00%  50.145ms  |     __pgi_uacc_contig_recurse
  0.00%  50.145ms  |       __pgi_uacc_contig_recurse
  0.00%  50.145ms  |         __pgi_uacc_contig_search
  0.00%  50.145ms  |           __pgi_uacc_datadownx
  0.00%  50.145ms  |             __pgi_uacc_datadowna
  0.00%  50.145ms  |               Euler1dExplicit::run(void)
  0.00%  50.145ms  |                 main
  0.15%  3.48005s  do_datadown
  0.15%  3.48005s  | __pgi_uacc_contig_recurse
  0.15%  3.47002s  |   __pgi_uacc_contig_recurse
  0.15%  3.47002s  |   | __pgi_uacc_contig_search
  0.15%  3.47002s  |   |   __pgi_uacc_datadownx
  0.15%  3.47002s  |   |     __pgi_uacc_datadowna
  0.15%  3.47002s  |   |       Euler1dExplicit::run(void)
  0.15%  3.47002s  |   |         main
  0.00%  10.029ms  |   __pgi_uacc_contig_search
  0.00%  10.029ms  |     __pgi_uacc_datadownx
  0.00%  10.029ms  |       __pgi_uacc_datadowna
  0.00%  10.029ms  |         Euler1dExplicit::run(void)
  0.00%  10.029ms  |           main
  0.10%  2.44707s  __pgi_uacc_move_buffer
  0.10%  2.44707s  | __pgi_uacc_cuda_drain_down
  0.10%  2.37686s  |   __pgi_uacc_cuda_wait
  0.10%  2.37686s  |   | __pgi_uacc_updone
  0.10%  2.37686s  |   |   Euler1dExplicit::run(void)
  0.10%  2.37686s  |   |     main
  0.00%  70.203ms  |   __pgi_uacc_cuda_get_buffer
  0.00%  70.203ms  |     __pgi_uacc_cuda_datadown1
  0.00%  70.203ms  |       __pgi_uacc_datadown1
  0.00%  70.203ms  |         do_datadown
  0.00%  70.203ms  |           __pgi_uacc_contig_recurse
  0.00%  70.203ms  |             __pgi_uacc_contig_recurse
  0.00%  70.203ms  |               __pgi_uacc_contig_search
  0.00%  70.203ms  |                 __pgi_uacc_datadownx
  0.00%  70.203ms  |                   __pgi_uacc_datadowna
  0.00%  70.203ms  |                     Euler1dExplicit::run(void)
  0.00%  70.203ms  |                       main
  0.08%  1.93559s  __pgi_uacc_cuda_pinned
  0.08%  1.77513s  | __pgi_uacc_cuda_datadown1
  0.08%  1.77513s  | | __pgi_uacc_datadown1
  0.08%  1.77513s  | |   do_datadown
  0.08%  1.77513s  | |     __pgi_uacc_contig_recurse
  0.08%  1.77513s  | |       __pgi_uacc_contig_recurse
  0.08%  1.77513s  | |         __pgi_uacc_contig_search
  0.08%  1.77513s  | |           __pgi_uacc_datadownx
  0.08%  1.77513s  | |             __pgi_uacc_datadowna
  0.08%  1.77513s  | |               Euler1dExplicit::run(void)
  0.08%  1.77513s  | |                 main
  0.01%  160.46ms  | __pgi_uacc_datadown1
  0.01%  160.46ms  |   do_datadown
  0.01%  160.46ms  |     __pgi_uacc_contig_recurse
  0.01%  160.46ms  |       __pgi_uacc_contig_recurse
  0.01%  160.46ms  |         __pgi_uacc_contig_search
  0.01%  160.46ms  |           __pgi_uacc_datadownx
  0.01%  160.46ms  |             __pgi_uacc_datadowna
  0.01%  160.46ms  |               Euler1dExplicit::run(void)
  0.01%  160.46ms  |                 main
  0.07%  1.74504s  do_create
  0.07%  1.74504s  | __pgi_uacc_excontig_recurse
  0.07%  1.68487s  |   __pgi_uacc_excontig_recurse
  0.07%  1.68487s  |   | __pgi_uacc_excontig_search
  0.07%  1.68487s  |   |   __pgi_uacc_create
  0.07%  1.68487s  |   |     __pgi_uacc_dataonb
  0.07%  1.68487s  |   |       Euler1d::compute_inviscid_fluxes_cellwise(double**, double**, double**, double*)
  0.07%  1.68487s  |   |         Euler1dExplicit::run(void)
  0.07%  1.68487s  |   |           main
  0.00%  60.174ms  |   __pgi_uacc_excontig_search
  0.00%  60.174ms  |     __pgi_uacc_create
  0.00%  60.174ms  |       __pgi_uacc_dataonb
  0.00%  60.174ms  |         Euler1d::compute_inviscid_fluxes_cellwise(double**, double**, double**, double*)
  0.00%  60.174ms  |           Euler1dExplicit::run(void)
  0.00%  60.174ms  |             main
  0.07%  1.62469s  __pgi_uacc_cuda_drain_down
  0.07%  1.59461s  | __pgi_uacc_cuda_wait
  0.07%  1.58458s  | | __pgi_uacc_updone
  0.07%  1.58458s  | | | Euler1dExplicit::run(void)
  0.07%  1.58458s  | | |   main
  0.00%  10.029ms  | | __pgi_uacc_computedone
  0.00%  10.029ms  | |   Euler1dExplicit::run(void)
  0.00%  10.029ms  | |     main
  0.00%  30.087ms  | __pgi_uacc_cuda_get_buffer
  0.00%  30.087ms  |   __pgi_uacc_cuda_datadown1
  0.00%  30.087ms  |     __pgi_uacc_datadown1
  0.00%  30.087ms  |       do_datadown
  0.00%  30.087ms  |         __pgi_uacc_contig_recurse
  0.00%  30.087ms  |           __pgi_uacc_contig_recurse
  0.00%  30.087ms  |             __pgi_uacc_contig_search
  0.00%  30.087ms  |               __pgi_uacc_datadownx
  0.00%  30.087ms  |                 __pgi_uacc_datadowna
  0.00%  30.087ms  |                   Euler1dExplicit::run(void)
  0.00%  30.087ms  |                     main
  0.07%  1.55449s  __pgi_uacc_contig_recurse
  0.04%  982.84ms  | __pgi_uacc_contig_recurse
  0.04%  982.84ms  | | __pgi_uacc_contig_search
  0.04%  982.84ms  | |   __pgi_uacc_datadownx
  0.04%  982.84ms  | |     __pgi_uacc_datadowna
  0.04%  982.84ms  | |       Euler1dExplicit::run(void)
  0.04%  982.84ms  | |         main
  0.02%  571.65ms  | __pgi_uacc_contig_search
  0.02%  571.65ms  |   __pgi_uacc_datadownx
  0.02%  571.65ms  |     __pgi_uacc_datadowna
  0.02%  571.65ms  |       Euler1dExplicit::run(void)
  0.02%  571.65ms  |         main
  0.06%  1.41408s  __pgi_uacc_cuda_download_return
  0.06%  1.41408s  | __pgi_uacc_cuda_drain_down
  0.06%  1.33385s  |   __pgi_uacc_cuda_wait
  0.06%  1.33385s  |   | __pgi_uacc_updone
  0.06%  1.33385s  |   |   Euler1dExplicit::run(void)
  0.06%  1.33385s  |   |     main
  0.00%  80.232ms  |   __pgi_uacc_cuda_get_buffer
  0.00%  80.232ms  |     __pgi_uacc_cuda_datadown1
  0.00%  80.232ms  |       __pgi_uacc_datadown1
  0.00%  80.232ms  |         do_datadown
  0.00%  80.232ms  |           __pgi_uacc_contig_recurse
  0.00%  80.232ms  |             __pgi_uacc_contig_recurse
  0.00%  80.232ms  |               __pgi_uacc_contig_search
  0.00%  80.232ms  |                 __pgi_uacc_datadownx
  0.00%  80.232ms  |                   __pgi_uacc_datadowna
  0.00%  80.232ms  |                     Euler1dExplicit::run(void)
  0.00%  80.232ms  |                       main
  0.06%  1.39403s  __pgi_uacc_datadown1
  0.06%  1.39403s  | do_datadown
  0.06%  1.39403s  |   __pgi_uacc_contig_recurse
  0.06%  1.39403s  |     __pgi_uacc_contig_recurse
  0.06%  1.39403s  |       __pgi_uacc_contig_search
  0.06%  1.39403s  |         __pgi_uacc_datadownx
  0.06%  1.39403s  |           __pgi_uacc_datadowna
  0.06%  1.39403s  |             Euler1dExplicit::run(void)
  0.06%  1.39403s  |               main
  0.05%  1.09316s  cuLaunchKernel
  0.05%  1.09316s  | __pgi_uacc_cuda_launch
  0.04%  892.58ms  |   __pgi_uacc_launch
  0.02%   451.3ms  |   | Euler1dExplicit::run(void)
  0.02%   451.3ms  |   | | main
  0.01%   240.7ms  |   | MUSCLReconstruction::compute_face_values(void)
  0.00%  80.232ms  |   | Euler1d::apply_boundary_conditions(void)
  0.00%  70.203ms  |   | Euler1d::compute_source_term(double**, double**, double*)
  0.00%  50.145ms  |   | Euler1d::compute_inviscid_fluxes_cellwise(double**, double**, double**, double*)
  0.00%  50.145ms  |   |   Euler1dExplicit::run(void)
  0.00%  50.145ms  |   |     main
  0.01%  200.58ms  |   __pgi_uacc_cudax_launch
  0.01%  200.58ms  |     __pgi_uacc_cuda_fill
  0.01%  200.58ms  |       __pgi_uacc_fill
  0.01%  200.58ms  |         do_fill
  0.01%  200.58ms  |           do_create
  0.01%  120.35ms  |             __pgi_uacc_excontig_recurse
  0.01%  120.35ms  |             | __pgi_uacc_excontig_recurse
  0.01%  120.35ms  |             |   __pgi_uacc_excontig_search
  0.01%  120.35ms  |             |     __pgi_uacc_create
  0.01%  120.35ms  |             |       __pgi_uacc_dataonb
  0.01%  120.35ms  |             |         Euler1dExplicit::run(void)
  0.01%  120.35ms  |             |           main
  0.00%  80.232ms  |             __pgi_uacc_excontig_search
  0.00%  80.232ms  |               __pgi_uacc_create
  0.00%  80.232ms  |                 __pgi_uacc_dataonb
  0.00%  80.232ms  |                   Euler1d::compute_inviscid_fluxes_cellwise(double**, double**, double**, double*)
  0.00%  80.232ms  |                     Euler1dExplicit::run(void)
  0.00%  80.232ms  |                       main
  0.03%  752.17ms  cuInit
  0.03%  752.17ms  | __pgi_uacc_cuda_init
  0.03%  752.17ms  |   __pgi_uacc_enumerate
  0.03%  752.17ms  |     __pgi_uacc_initialize
  0.03%  752.17ms  |       __pgi_uacc_dataenterstart
  0.03%  752.17ms  |         InviscidFlux::__complete_object_constructor__(void)
  0.02%  581.68ms  __pgiu_qnum
  0.02%  581.68ms  | __pgi_uacc_cuda_datadown1
  0.02%  581.68ms  |   __pgi_uacc_datadown1
  0.02%  581.68ms  |     do_datadown
  0.02%  581.68ms  |       __pgi_uacc_contig_recurse
  0.02%  581.68ms  |         __pgi_uacc_contig_recurse
  0.02%  581.68ms  |           __pgi_uacc_contig_search
  0.02%  581.68ms  |             __pgi_uacc_datadownx
  0.02%  581.68ms  |               __pgi_uacc_datadowna
  0.02%  581.68ms  |                 Euler1dExplicit::run(void)
  0.02%  581.68ms  |                   main
  0.02%  521.51ms  __c_mcopy1
  0.02%  521.51ms  | __pgi_uacc_cuda_drain_down
  0.02%  511.48ms  |   __pgi_uacc_cuda_wait
  0.02%  511.48ms  |   | __pgi_uacc_updone
  0.02%  511.48ms  |   |   Euler1dExplicit::run(void)
  0.02%  511.48ms  |   |     main
  0.00%  10.029ms  |   __pgi_uacc_cuda_get_buffer
  0.00%  10.029ms  |     __pgi_uacc_cuda_datadown1
  0.00%  10.029ms  |       __pgi_uacc_datadown1
  0.00%  10.029ms  |         do_datadown
  0.00%  10.029ms  |           __pgi_uacc_contig_recurse
  0.00%  10.029ms  |             __pgi_uacc_contig_recurse
  0.00%  10.029ms  |               __pgi_uacc_contig_search
  0.00%  10.029ms  |                 __pgi_uacc_datadownx
  0.00%  10.029ms  |                   __pgi_uacc_datadowna
  0.00%  10.029ms  |                     Euler1dExplicit::run(void)
  0.00%  10.029ms  |                       main
  0.01%  300.87ms  TrivialSlopeReconstruction::compute_slopes(void)
  0.01%  150.43ms  __pgi_uacc_present_search_locked
  0.00%  110.32ms  | __pgi_uacc_dataonb
  0.00%  70.203ms  | | Euler1dExplicit::run(void)
  0.00%  70.203ms  | | | main
  0.00%  10.029ms  | | Euler1d::compute_source_term(double**, double**, double*)
  0.00%  10.029ms  | | Euler1d::compute_inviscid_fluxes_cellwise(double**, double**, double**, double*)
  0.00%  10.029ms  | | | Euler1dExplicit::run(void)
  0.00%  10.029ms  | | |   main
  0.00%  10.029ms  | | MUSCLReconstruction::compute_face_values(void)
  0.00%  10.029ms  | | Euler1d::apply_boundary_conditions(void)
  0.00%  20.058ms  | __pgi_uacc_dataoffb2
  0.00%  10.029ms  | | Euler1dExplicit::run(void)
  0.00%  10.029ms  | | | main
  0.00%  10.029ms  | | MUSCLReconstruction::compute_face_values(void)
  0.00%  20.058ms  | __pgi_uacc_present_search
  0.00%  20.058ms  |   __pgi_uacc_datadowna
  0.00%  20.058ms  |     Euler1dExplicit::run(void)
  0.00%  20.058ms  |       main
  0.01%  140.41ms  __write_nocancel
  0.01%  140.41ms  | _IO_file_write@@GLIBC_2.2.5
  0.01%  140.41ms  |   _IO_do_write@@GLIBC_2.2.5
  0.01%  140.41ms  |     _IO_file_sync@@GLIBC_2.2.5
  0.01%  140.41ms  |       fflush
  0.01%  140.41ms  |         _ZNSo5flushEv
  0.01%  140.41ms  |           std::basic_ostream<char, char>& std::endl<char, std::char_traits<char>>(std::basic_ostream<char, char>&)
  0.01%  140.41ms  |             Euler1dExplicit::run(void)
  0.01%  140.41ms  |               main
  0.01%  130.38ms  Euler1d::compute_inviscid_fluxes_cellwise(double**, double**, double**, double*)
  0.01%  130.38ms  | Euler1dExplicit::run(void)
  0.01%  130.38ms  |   main
  0.01%  130.38ms  cuDevicePrimaryCtxRetain
  0.01%  130.38ms  | __pgi_uacc_cuda_initdev
  0.01%  130.38ms  |   __pgi_uacc_enumerate
  0.01%  130.38ms  |     __pgi_uacc_initialize
  0.01%  130.38ms  |       __pgi_uacc_dataenterstart
  0.01%  130.38ms  |         InviscidFlux::__complete_object_constructor__(void)
  0.00%  110.32ms  cuDevicePrimaryCtxRelease
  0.00%  110.32ms  | __pgi_uacc_cuda_release_buffer
  0.00%  110.32ms  |   exit
  0.00%  90.261ms  cuMemAlloc_v2
  0.00%  90.261ms  | __pgi_uacc_cuda_alloc
  0.00%  90.261ms  |   __pgi_uacc_alloc
  0.00%  90.261ms  |     do_create
  0.00%  90.261ms  |       __pgi_uacc_excontig_recurse
  0.00%  90.261ms  |         __pgi_uacc_excontig_recurse
  0.00%  90.261ms  |           __pgi_uacc_excontig_search
  0.00%  90.261ms  |             __pgi_uacc_create
  0.00%  90.261ms  |               __pgi_uacc_dataonb
  0.00%  90.261ms  |                 Euler1dExplicit::run(void)
  0.00%  90.261ms  |                   main
  0.00%  90.261ms  __pgi_uacc_dataoffb2
  0.00%  30.087ms  | Euler1d::apply_boundary_conditions(void)
  0.00%  20.058ms  | MUSCLReconstruction::compute_face_values(void)
  0.00%  20.058ms  | Euler1d::compute_inviscid_fluxes_cellwise(double**, double**, double**, double*)
  0.00%  20.058ms  | | Euler1dExplicit::run(void)
  0.00%  20.058ms  | |   main
  0.00%  20.058ms  | Euler1dExplicit::run(void)
  0.00%  20.058ms  |   main
  0.00%  70.203ms  __pgi_uacc_dataonb
  0.00%  20.058ms  | Euler1d::compute_inviscid_fluxes_cellwise(double**, double**, double**, double*)
  0.00%  20.058ms  | | Euler1dExplicit::run(void)
  0.00%  20.058ms  | |   main
  0.00%  20.058ms  | MUSCLReconstruction::compute_face_values(void)
  0.00%  20.058ms  | Euler1dExplicit::run(void)
  0.00%  20.058ms  | | main
  0.00%  10.029ms  | Euler1d::apply_boundary_conditions(void)
  0.00%  50.145ms  __pgi_uacc_cuda_launch
  0.00%  30.087ms  | __pgi_uacc_launch
  0.00%  20.058ms  | | MUSCLReconstruction::compute_face_values(void)
  0.00%  10.029ms  | | Euler1d::apply_boundary_conditions(void)
  0.00%  10.029ms  | __pgi_uacc_cudax_launch
  0.00%  10.029ms  | | __pgi_uacc_cuda_fill
  0.00%  10.029ms  | |   __pgi_uacc_fill
  0.00%  10.029ms  | |     do_fill
  0.00%  10.029ms  | |       do_create
  0.00%  10.029ms  | |         __pgi_uacc_excontig_search
  0.00%  10.029ms  | |           __pgi_uacc_create
  0.00%  10.029ms  | |             __pgi_uacc_dataonb
  0.00%  10.029ms  | |               Euler1d::compute_inviscid_fluxes_cellwise(double**, double**, double**, double*)
  0.00%  10.029ms  | |                 Euler1dExplicit::run(void)
  0.00%  10.029ms  | |                   main
  0.00%  10.029ms  | Euler1dExplicit::run(void)
  0.00%  10.029ms  |   main
  0.00%  50.145ms  __pgi_uacc_adjust
  0.00%  40.116ms  | __pgi_uacc_dataonb
  0.00%  30.087ms  | | Euler1dExplicit::run(void)
  0.00%  30.087ms  | | | main
  0.00%  10.029ms  | | MUSCLReconstruction::compute_face_values(void)
  0.00%  10.029ms  | __pgi_uacc_dataoffb2
  0.00%  10.029ms  |   Euler1dExplicit::run(void)
  0.00%  10.029ms  |     main
  0.00%  50.145ms  MUSCLReconstruction::compute_face_values(void)
  0.00%  50.145ms  rbtree_insert
  0.00%  50.145ms  | __pgi_uacc_rb_insert
  0.00%  50.145ms  |   __pgi_uacc_cuda_alloc
  0.00%  50.145ms  |     __pgi_uacc_alloc
  0.00%  50.145ms  |       do_create
  0.00%  40.116ms  |         __pgi_uacc_excontig_search
  0.00%  40.116ms  |         | __pgi_uacc_create
  0.00%  40.116ms  |         |   __pgi_uacc_dataonb
  0.00%  40.116ms  |         |     Euler1d::compute_inviscid_fluxes_cellwise(double**, double**, double**, double*)
  0.00%  40.116ms  |         |       Euler1dExplicit::run(void)
  0.00%  40.116ms  |         |         main
  0.00%  10.029ms  |         __pgi_uacc_excontig_recurse
  0.00%  10.029ms  |           __pgi_uacc_excontig_recurse
  0.00%  10.029ms  |             __pgi_uacc_excontig_search
  0.00%  10.029ms  |               __pgi_uacc_create
  0.00%  10.029ms  |                 __pgi_uacc_dataonb
  0.00%  10.029ms  |                   Euler1dExplicit::run(void)
  0.00%  10.029ms  |                     main
  0.00%  50.145ms  __pgi_uacc_delete
  0.00%  50.145ms  | __pgi_uacc_dataoffb2
  0.00%  20.058ms  |   MUSCLReconstruction::compute_face_values(void)
  0.00%  10.029ms  |   Euler1d::apply_boundary_conditions(void)
  0.00%  10.029ms  |   Euler1dExplicit::run(void)
  0.00%  10.029ms  |   | main
  0.00%  10.029ms  |   Euler1d::compute_inviscid_fluxes_cellwise(double**, double**, double**, double*)
  0.00%  10.029ms  |     Euler1dExplicit::run(void)
  0.00%  10.029ms  |       main
  0.00%  50.145ms  __pgi_uacc_excontig_search
  0.00%  40.116ms  | __pgi_uacc_present_search_locked
  0.00%  30.087ms  | | __pgi_uacc_dataonb
  0.00%  30.087ms  | | | Euler1dExplicit::run(void)
  0.00%  30.087ms  | | |   main
  0.00%  10.029ms  | | __pgi_uacc_dataoffb2
  0.00%  10.029ms  | |   Euler1dExplicit::run(void)
  0.00%  10.029ms  | |     main
  0.00%  10.029ms  | __pgi_uacc_delete
  0.00%  10.029ms  |   __pgi_uacc_dataoffb2
  0.00%  10.029ms  |     Euler1dExplicit::run(void)
  0.00%  10.029ms  |       main
  0.00%  30.087ms  __pgi_uacc_cuda_enter
  0.00%  30.087ms  | __pgi_uacc_enter
  0.00%  20.058ms  |   Euler1dExplicit::run(void)
  0.00%  20.058ms  |   | main
  0.00%  10.029ms  |   Euler1d::compute_source_term(double**, double**, double*)
  0.00%  30.087ms  __pgi_uacc_launch
  0.00%  10.029ms  | Euler1d::compute_inviscid_fluxes_cellwise(double**, double**, double**, double*)
  0.00%  10.029ms  | | Euler1dExplicit::run(void)
  0.00%  10.029ms  | |   main
  0.00%  10.029ms  | MUSCLReconstruction::compute_face_values(void)
  0.00%  10.029ms  | Euler1dExplicit::run(void)
  0.00%  10.029ms  |   main
  0.00%  20.058ms  __pgi_uacc_cuda_fill
  0.00%  10.029ms  | do_fill
  0.00%  10.029ms  | | do_create
  0.00%  10.029ms  | |   __pgi_uacc_excontig_search
  0.00%  10.029ms  | |     __pgi_uacc_create
  0.00%  10.029ms  | |       __pgi_uacc_dataonb
  0.00%  10.029ms  | |         Euler1d::compute_inviscid_fluxes_cellwise(double**, double**, double**, double*)
  0.00%  10.029ms  | |           Euler1dExplicit::run(void)
  0.00%  10.029ms  | |             main
  0.00%  10.029ms  | __pgi_uacc_fill
  0.00%  10.029ms  |   do_fill
  0.00%  10.029ms  |     do_create
  0.00%  10.029ms  |       __pgi_uacc_excontig_search
  0.00%  10.029ms  |         __pgi_uacc_create
  0.00%  10.029ms  |           __pgi_uacc_dataonb
  0.00%  10.029ms  |             Euler1d::compute_inviscid_fluxes_cellwise(double**, double**, double**, double*)
  0.00%  10.029ms  |               Euler1dExplicit::run(void)
  0.00%  10.029ms  |                 main
  0.00%  20.058ms  __pgi_uacc_shared
  0.00%  10.029ms  | __pgi_uacc_dataoffb2
  0.00%  10.029ms  | | Euler1dExplicit::run(void)
  0.00%  10.029ms  | |   main
  0.00%  10.029ms  | __pgi_uacc_dataonb
  0.00%  10.029ms  |   Euler1dExplicit::run(void)
  0.00%  10.029ms  |     main
  0.00%  20.058ms  Euler1dExplicit::run(void)
  0.00%  20.058ms  | main
  0.00%  20.058ms  __pgi_uacc_rb_find
  0.00%  20.058ms  | __pgi_uacc_cuda_free
  0.00%  20.058ms  |   __pgi_uacc_free
  0.00%  20.058ms  |     do_delete
  0.00%  20.058ms  |       __pgi_uacc_excontig_search
  0.00%  20.058ms  |         __pgi_uacc_delete
  0.00%  20.058ms  |           __pgi_uacc_dataoffb2
  0.00%  20.058ms  |             Euler1d::compute_inviscid_fluxes_cellwise(double**, double**, double**, double*)
  0.00%  20.058ms  |               Euler1dExplicit::run(void)
  0.00%  20.058ms  |                 main
  0.00%  20.058ms  malloc@@GLIBC_2.2.5
  0.00%  10.029ms  | Euler1dExplicit::run(void)
  0.00%  10.029ms  | | main
  0.00%  10.029ms  | Euler1d::apply_boundary_conditions(void)
  0.00%  20.058ms  __pgi_uacc_datadowna
  0.00%  20.058ms  | Euler1dExplicit::run(void)
  0.00%  20.058ms  |   main
  0.00%  20.058ms  __pgi_uacc_dataenterstart
  0.00%  10.029ms  | Euler1dExplicit::run(void)
  0.00%  10.029ms  | | main
  0.00%  10.029ms  | Euler1d::compute_source_term(double**, double**, double*)
  0.00%  10.029ms  cuMemcpyHtoDAsync_v2
  0.00%  10.029ms  | __pgi_uacc_cuda_dataup1
  0.00%  10.029ms  |   __pgi_uacc_dataup1
  0.00%  10.029ms  |     do_dataup
  0.00%  10.029ms  |       __pgi_uacc_contig_recurse
  0.00%  10.029ms  |         __pgi_uacc_contig_recurse
  0.00%  10.029ms  |           __pgi_uacc_contig_search
  0.00%  10.029ms  |             __pgi_uacc_dataupx
  0.00%  10.029ms  |               __pgi_uacc_dataonb
  0.00%  10.029ms  |                 Euler1dExplicit::run(void)
  0.00%  10.029ms  |                   main
  0.00%  10.029ms  __pgi_uacc_updone
  0.00%  10.029ms  | Euler1dExplicit::run(void)
  0.00%  10.029ms  |   main
  0.00%  10.029ms  __pgi_uacc_create
  0.00%  10.029ms  | __pgi_uacc_dataonb
  0.00%  10.029ms  |   Euler1d::compute_inviscid_fluxes_cellwise(double**, double**, double**, double*)
  0.00%  10.029ms  |     Euler1dExplicit::run(void)
  0.00%  10.029ms  |       main
  0.00%  10.029ms  rb_left_rotate
  0.00%  10.029ms  | rb_fixup
  0.00%  10.029ms  |   __pgi_uacc_rb2_delete
  0.00%  10.029ms  |     do_delete
  0.00%  10.029ms  |       __pgi_uacc_excontig_recurse
  0.00%  10.029ms  |         __pgi_uacc_excontig_recurse
  0.00%  10.029ms  |           __pgi_uacc_excontig_search
  0.00%  10.029ms  |             __pgi_uacc_delete
  0.00%  10.029ms  |               __pgi_uacc_dataoffb2
  0.00%  10.029ms  |                 Euler1dExplicit::run(void)
  0.00%  10.029ms  |                   main
  0.00%  10.029ms  cuMemFreeHost
  0.00%  10.029ms  | __pgi_uacc_cuda_free_device_buffers
  0.00%  10.029ms  |   __pgi_uacc_cuda_release_buffer
  0.00%  10.029ms  |     exit
  0.00%  10.029ms  __pgi_uacc_cuda_shared
  0.00%  10.029ms  | __pgi_uacc_shared
  0.00%  10.029ms  |   __pgi_uacc_dataoffb2
  0.00%  10.029ms  |     Euler1dExplicit::run(void)
  0.00%  10.029ms  |       main
  0.00%  10.029ms  __pgi_uacc_dataenterdone
  0.00%  10.029ms  | Euler1dExplicit::run(void)
  0.00%  10.029ms  |   main
  0.00%  10.029ms  cuMemHostAlloc
  0.00%  10.029ms  | __pgi_uacc_cuda_get_buffer
  0.00%  10.029ms  |   __pgi_uacc_cuda_dataup1
  0.00%  10.029ms  |     __pgi_uacc_dataup1
  0.00%  10.029ms  |       __pgi_uacc_dataupx
  0.00%  10.029ms  |         __pgi_uacc_dataonb
  0.00%  10.029ms  |           InviscidFlux::__complete_object_constructor__(void)
  0.00%  10.029ms  Euler1d::apply_boundary_conditions(void)
  0.00%  10.029ms  _IO_file_xsputn@@GLIBC_2.2.5
  0.00%  10.029ms  | fwrite
  0.00%  10.029ms  |   std::basic_ostream<char, char>& std::__ostream_insert<char, std::char_traits<char>>(std::basic_ostream<char, char>&, char const *, long)
  0.00%  10.029ms  |     Euler1dExplicit::run(void)
  0.00%  10.029ms  |       main
  0.00%  10.029ms  __GI_memcpy
  0.00%  10.029ms  | fillfuncinfo
  0.00%  10.029ms  |   __pgi_uacc_cuda_launch
  0.00%  10.029ms  |     __pgi_uacc_launch
  0.00%  10.029ms  |       MUSCLReconstruction::compute_face_values(void)
  0.00%  10.029ms  free@@GLIBC_2.2.5
  0.00%  10.029ms  | MUSCLReconstruction::compute_face_values(void)
  0.00%  10.029ms  _ZNK10__cxxabiv121__vmi_class_type_info12__do_dyncastElNS_17__class_type_info10__sub_kindEPKS1_PKvS4_S6_RNS1_16__dyncast_resultE
  0.00%  10.029ms  | __dynamic_cast
  0.00%  10.029ms  |   char const & std::use_facet<std::ctype<char>>(std::locale const &)
  0.00%  10.029ms  |     _ZNKSt7num_putIcSt19ostreambuf_iteratorIcSt11char_traitsIcEEE15_M_insert_floatIdEES3_S3_RSt8ios_baseccT_
  0.00%  10.029ms  |       _ZNKSt7num_putIcSt19ostreambuf_iteratorIcSt11char_traitsIcEEE6do_putES3_RSt8ios_basecd
  0.00%  10.029ms  |         _ZNSo9_M_insertIdEERSoT_
  0.00%  10.029ms  |           Euler1dExplicit::postprocess(std::basic_string<char, std::char_traits<char>, std::allocator<char>>)
  0.00%  10.029ms  |             main
  0.00%  10.029ms  __pgi_uacc_dataexitstart
  0.00%  10.029ms  | Euler1dExplicit::run(void)
  0.00%  10.029ms  |   main
  0.00%  10.029ms  _ZNSo6sentryC1ERSo
  0.00%  10.029ms  | std::basic_ostream<char, char>& std::__ostream_insert<char, std::char_traits<char>>(std::basic_ostream<char, char>&, char const *, long)
  0.00%  10.029ms  |   Euler1dExplicit::run(void)
  0.00%  10.029ms  |     main
  0.00%  10.029ms  __pgi_uacc_dataexitdone
  0.00%  10.029ms  | Euler1dExplicit::run(void)
  0.00%  10.029ms  |   main
  0.00%  10.029ms  __pgi_uacc_cuda_free
  0.00%  10.029ms  | __pgi_uacc_free
  0.00%  10.029ms  |   do_delete
  0.00%  10.029ms  |     __pgi_uacc_excontig_search
  0.00%  10.029ms  |       __pgi_uacc_delete
  0.00%  10.029ms  |         __pgi_uacc_dataoffb2
  0.00%  10.029ms  |           Euler1d::compute_inviscid_fluxes_cellwise(double**, double**, double**, double*)
  0.00%  10.029ms  |             Euler1dExplicit::run(void)
  0.00%  10.029ms  |               main
  0.00%  10.029ms  __printf_fp
  0.00%  10.029ms  | _IO_vfprintf
  0.00%  10.029ms  |   vsnprintf
  0.00%  10.029ms  |     std::__convert_from_v(__locale_struct* const &, char*, int, char const *, ...)
  0.00%  10.029ms  |       _ZNKSt7num_putIcSt19ostreambuf_iteratorIcSt11char_traitsIcEEE15_M_insert_floatIdEES3_S3_RSt8ios_baseccT_
  0.00%  10.029ms  |         _ZNKSt7num_putIcSt19ostreambuf_iteratorIcSt11char_traitsIcEEE6do_putES3_RSt8ios_basecd
  0.00%  10.029ms  |           _ZNSo9_M_insertIdEERSoT_
  0.00%  10.029ms  |             Euler1dExplicit::postprocess(std::basic_string<char, std::char_traits<char>, std::allocator<char>>)
  0.00%  10.029ms  |               main
  0.00%  10.029ms  fwrite
  0.00%  10.029ms  | _ZNKSt7num_putIcSt19ostreambuf_iteratorIcSt11char_traitsIcEEE15_M_insert_floatIdEES3_S3_RSt8ios_baseccT_
  0.00%  10.029ms  |   _ZNKSt7num_putIcSt19ostreambuf_iteratorIcSt11char_traitsIcEEE6do_putES3_RSt8ios_basecd
  0.00%  10.029ms  |     _ZNSo9_M_insertIdEERSoT_
  0.00%  10.029ms  |       Euler1dExplicit::run(void)
  0.00%  10.029ms  |         main
  0.00%  10.029ms  __pgi_uacc_present_add
  0.00%  10.029ms  | do_create
  0.00%  10.029ms  |   __pgi_uacc_excontig_search
  0.00%  10.029ms  |     __pgi_uacc_create
  0.00%  10.029ms  |       __pgi_uacc_dataonb
  0.00%  10.029ms  |         Euler1d::compute_inviscid_fluxes_cellwise(double**, double**, double**, double*)
  0.00%  10.029ms  |           Euler1dExplicit::run(void)
  0.00%  10.029ms  |             main
  0.00%  10.029ms  cuEventCreate
  0.00%  10.029ms  | __pgi_uacc_cuda_download_event
  0.00%  10.029ms  |   __pgi_uacc_cuda_datadown1
  0.00%  10.029ms  |     __pgi_uacc_datadown1
  0.00%  10.029ms  |       do_datadown
  0.00%  10.029ms  |         __pgi_uacc_contig_recurse
  0.00%  10.029ms  |           __pgi_uacc_contig_recurse
  0.00%  10.029ms  |             __pgi_uacc_contig_search
  0.00%  10.029ms  |               __pgi_uacc_datadownx
  0.00%  10.029ms  |                 __pgi_uacc_datadowna
  0.00%  10.029ms  |                   Euler1dExplicit::run(void)
  0.00%  10.029ms  |                     main
  0.00%  10.029ms  rb_fixup
  0.00%  10.029ms  | __pgi_uacc_rb2_delete
  0.00%  10.029ms  |   do_delete
  0.00%  10.029ms  |     __pgi_uacc_excontig_recurse
  0.00%  10.029ms  |       __pgi_uacc_excontig_recurse
  0.00%  10.029ms  |         __pgi_uacc_excontig_search
  0.00%  10.029ms  |           __pgi_uacc_delete
  0.00%  10.029ms  |             __pgi_uacc_dataoffb2
  0.00%  10.029ms  |               Euler1dExplicit::run(void)
  0.00%  10.029ms  |                 main
  0.00%  10.029ms  _ZNKSt7num_putIcSt19ostreambuf_iteratorIcSt11char_traitsIcEEE6do_putES3_RSt8ios_basecl
  0.00%  10.029ms  | _ZNSo9_M_insertIlEERSoT_
  0.00%  10.029ms  |   Euler1dExplicit::run(void)
  0.00%  10.029ms  |     main
  0.00%  10.029ms  Euler1d::compute_source_term(double**, double**, double*)
  0.00%  10.029ms  _int_malloc
  0.00%  10.029ms  | malloc
  0.00%  10.029ms  |   Euler1d::compute_inviscid_fluxes_cellwise(double**, double**, double**, double*)
  0.00%  10.029ms  |     Euler1dExplicit::run(void)
  0.00%  10.029ms  |       main
  0.00%  10.029ms  __mpn_mul_1
  0.00%  10.029ms    hack_digit.15675
  0.00%  10.029ms      __printf_fp
  0.00%  10.029ms        _IO_vfprintf
  0.00%  10.029ms          vsnprintf
  0.00%  10.029ms            std::__convert_from_v(__locale_struct* const &, char*, int, char const *, ...)
  0.00%  10.029ms              _ZNKSt7num_putIcSt19ostreambuf_iteratorIcSt11char_traitsIcEEE15_M_insert_floatIdEES3_S3_RSt8ios_baseccT_
  0.00%  10.029ms                _ZNKSt7num_putIcSt19ostreambuf_iteratorIcSt11char_traitsIcEEE6do_putES3_RSt8ios_basecd
  0.00%  10.029ms                  _ZNSo9_M_insertIdEERSoT_
  0.00%  10.029ms                    Euler1dExplicit::postprocess(std::basic_string<char, std::char_traits<char>, std::allocator<char>>)
  0.00%  10.029ms                      main

======== Data collected at 100Hz frequency
