----------------------------------------
Begin PBS Prologue Fri Jan  6 15:48:18 EST 2017 1483735698
Job ID:		75657642.gm-1r16-n04.guillimin.clumeq.ca
Username:	akashi
Group:		rck-371-01
Nodes:		aw-4r13-n28
End PBS Prologue Fri Jan  6 15:48:18 EST 2017 1483735698
----------------------------------------
Unsteady: 10000 1 0 0 vanleer 0.2 0.2 1
Euler1d: Using Van Leer numerical flux.
Euler1d: No slope reconstruction to be used.
MUSCLReconstruction: Using Van Albada limiter
Euler1d: Using MUSCL face reconstruction.
Euler1dExplicit: Using 1-stage TVD RK scheme; loaded coefficients.
Euler1dExplicit: run(): Step 0 - Time = 0
Euler1dExplicit: run(): Step 10 - Time = 0.000148922
Euler1dExplicit: run(): Step 20 - Time = 0.000286333
Euler1dExplicit: run(): Step 30 - Time = 0.000419455
Euler1dExplicit: run(): Step 40 - Time = 0.000550908
Euler1dExplicit: run(): Step 50 - Time = 0.000681936
Euler1dExplicit: run(): Step 60 - Time = 0.000812931
Euler1dExplicit: run(): Step 70 - Time = 0.000943926
Euler1dExplicit: run(): Step 80 - Time = 0.00107492
Euler1dExplicit: run(): Step 90 - Time = 0.00120592
Euler1dExplicit: run(): Step 100 - Time = 0.00133691
Euler1dExplicit: run(): Step 110 - Time = 0.00146791
Euler1dExplicit: run(): Step 120 - Time = 0.0015989
Euler1dExplicit: run(): Step 130 - Time = 0.0017299
Euler1dExplicit: run(): Step 140 - Time = 0.00186089
Euler1dExplicit: run(): Step 150 - Time = 0.00199189
Euler1dExplicit: run(): Step 160 - Time = 0.00212288
Euler1dExplicit: run(): Step 170 - Time = 0.00225388
Euler1dExplicit: run(): Step 180 - Time = 0.00238488
Euler1dExplicit: run(): Step 190 - Time = 0.00251587
Euler1dExplicit: run(): Step 200 - Time = 0.00264687
Euler1dExplicit: run(): Step 210 - Time = 0.00277786
Euler1dExplicit: run(): Step 220 - Time = 0.00290886
Euler1dExplicit: run(): Step 230 - Time = 0.00303985
Euler1dExplicit: run(): Step 240 - Time = 0.00317085
Euler1dExplicit: run(): Step 250 - Time = 0.00330184
Euler1dExplicit: run(): Step 260 - Time = 0.00343284
Euler1dExplicit: run(): Step 270 - Time = 0.00356383
Euler1dExplicit: run(): Step 280 - Time = 0.00369483
Euler1dExplicit: run(): Step 290 - Time = 0.00382582
Euler1dExplicit: run(): Step 300 - Time = 0.00395682
Euler1dExplicit: run(): Step 310 - Time = 0.00408781
Euler1dExplicit: run(): Step 320 - Time = 0.00421881
Euler1dExplicit: run(): Step 330 - Time = 0.00434981
Euler1dExplicit: run(): Step 340 - Time = 0.0044808
Euler1dExplicit: run(): Step 350 - Time = 0.0046118
Euler1dExplicit: run(): Step 360 - Time = 0.00474279
Euler1dExplicit: run(): Step 370 - Time = 0.00487379
Euler1dExplicit: run(): Step 380 - Time = 0.00500478
Euler1dExplicit: run(): Step 390 - Time = 0.00513578
Euler1dExplicit: run(): Step 400 - Time = 0.00526677
Euler1dExplicit: run(): Step 410 - Time = 0.00539777
Euler1dExplicit: run(): Step 420 - Time = 0.00552876
Euler1dExplicit: run(): Step 430 - Time = 0.00565976
Euler1dExplicit: run(): Step 440 - Time = 0.00579075
Euler1dExplicit: run(): Step 450 - Time = 0.00592175
Euler1dExplicit: run(): Step 460 - Time = 0.00605275
Euler1dExplicit: run(): Step 470 - Time = 0.00618374
Euler1dExplicit: run(): Step 480 - Time = 0.00631474
Euler1dExplicit: run(): Step 490 - Time = 0.00644573
Euler1dExplicit: run(): Step 500 - Time = 0.00657673
Euler1dExplicit: run(): Step 510 - Time = 0.00670772
Euler1dExplicit: run(): Step 520 - Time = 0.00683872
Euler1dExplicit: run(): Step 530 - Time = 0.00696971
Euler1dExplicit: run(): Step 540 - Time = 0.00710071
Euler1dExplicit: run(): Step 550 - Time = 0.0072317
Euler1dExplicit: run(): Step 560 - Time = 0.0073627
Euler1dExplicit: run(): Step 570 - Time = 0.00749369
Euler1dExplicit: run(): Step 580 - Time = 0.00762469
Euler1dExplicit: run(): Step 590 - Time = 0.00775569
Euler1dExplicit: run(): Step 600 - Time = 0.00788668
Euler1dExplicit: run(): Step 610 - Time = 0.00801768
Euler1dExplicit: run(): Step 620 - Time = 0.00814867
Euler1dExplicit: run(): Step 630 - Time = 0.00827967
Euler1dExplicit: run(): Step 640 - Time = 0.00841066
Euler1dExplicit: run(): Step 650 - Time = 0.00854166
Euler1dExplicit: run(): Step 660 - Time = 0.00867265
Euler1dExplicit: run(): Step 670 - Time = 0.00880365
Euler1dExplicit: run(): Step 680 - Time = 0.00893464
Euler1dExplicit: run(): Step 690 - Time = 0.00906564
Euler1dExplicit: run(): Step 700 - Time = 0.00919663
Euler1dExplicit: run(): Step 710 - Time = 0.00932763
Euler1dExplicit: run(): Step 720 - Time = 0.00945862
Euler1dExplicit: run(): Step 730 - Time = 0.00958962
Euler1dExplicit: run(): Step 740 - Time = 0.00972062
Euler1dExplicit: run(): Step 750 - Time = 0.00985161
Euler1dExplicit: run(): Step 760 - Time = 0.00998261
Euler1dExplicit: run(): Step 770 - Time = 0.0101136
Euler1dExplicit: run(): Step 780 - Time = 0.0102446
Euler1dExplicit: run(): Step 790 - Time = 0.0103756
Euler1dExplicit: run(): Step 800 - Time = 0.0105066
Euler1dExplicit: run(): Step 810 - Time = 0.0106376
Euler1dExplicit: run(): Step 820 - Time = 0.0107686
Euler1dExplicit: run(): Step 830 - Time = 0.0108996
Euler1dExplicit: run(): Step 840 - Time = 0.0110306
Euler1dExplicit: run(): Step 850 - Time = 0.0111616
Euler1dExplicit: run(): Step 860 - Time = 0.0112926
Euler1dExplicit: run(): Step 870 - Time = 0.0114236
Euler1dExplicit: run(): Step 880 - Time = 0.0115546
Euler1dExplicit: run(): Step 890 - Time = 0.0116855
Euler1dExplicit: run(): Step 900 - Time = 0.0118165
Euler1dExplicit: run(): Step 910 - Time = 0.0119475
Euler1dExplicit: run(): Step 920 - Time = 0.0120785
Euler1dExplicit: run(): Step 930 - Time = 0.0122095
Euler1dExplicit: run(): Step 940 - Time = 0.0123405
Euler1dExplicit: run(): Step 950 - Time = 0.0124715
Euler1dExplicit: run(): Step 960 - Time = 0.0126025
Euler1dExplicit: run(): Step 970 - Time = 0.0127335
Euler1dExplicit: run(): Step 980 - Time = 0.0128645
Euler1dExplicit: run(): Step 990 - Time = 0.0129955
Euler1dExplicit: run(): Step 1000 - Time = 0.0131265
Euler1dExplicit: run(): Step 1010 - Time = 0.0132575
Euler1dExplicit: run(): Step 1020 - Time = 0.0133885
Euler1dExplicit: run(): Step 1030 - Time = 0.0135195
Euler1dExplicit: run(): Step 1040 - Time = 0.0136505
Euler1dExplicit: run(): Step 1050 - Time = 0.0137815
Euler1dExplicit: run(): Step 1060 - Time = 0.0139125
Euler1dExplicit: run(): Step 1070 - Time = 0.0140435
Euler1dExplicit: run(): Step 1080 - Time = 0.0141745
Euler1dExplicit: run(): Step 1090 - Time = 0.0143055
Euler1dExplicit: run(): Step 1100 - Time = 0.0144364
Euler1dExplicit: run(): Step 1110 - Time = 0.0145674
Euler1dExplicit: run(): Step 1120 - Time = 0.0146984
Euler1dExplicit: run(): Step 1130 - Time = 0.0148294
Euler1dExplicit: run(): Step 1140 - Time = 0.0149604
Euler1dExplicit: run(): Step 1150 - Time = 0.0150914
Euler1dExplicit: run(): Step 1160 - Time = 0.0152224
Euler1dExplicit: run(): Step 1170 - Time = 0.0153534
Euler1dExplicit: run(): Step 1180 - Time = 0.0154844
Euler1dExplicit: run(): Step 1190 - Time = 0.0156154
Euler1dExplicit: run(): Step 1200 - Time = 0.0157464
Euler1dExplicit: run(): Step 1210 - Time = 0.0158774
Euler1dExplicit: run(): Step 1220 - Time = 0.0160084
Euler1dExplicit: run(): Step 1230 - Time = 0.0161394
Euler1dExplicit: run(): Step 1240 - Time = 0.0162704
Euler1dExplicit: run(): Step 1250 - Time = 0.0164014
Euler1dExplicit: run(): Step 1260 - Time = 0.0165324
Euler1dExplicit: run(): Step 1270 - Time = 0.0166634
Euler1dExplicit: run(): Step 1280 - Time = 0.0167944
Euler1dExplicit: run(): Step 1290 - Time = 0.0169254
Euler1dExplicit: run(): Step 1300 - Time = 0.0170564
Euler1dExplicit: run(): Step 1310 - Time = 0.0171874
Euler1dExplicit: run(): Step 1320 - Time = 0.0173183
Euler1dExplicit: run(): Step 1330 - Time = 0.0174493
Euler1dExplicit: run(): Step 1340 - Time = 0.0175803
Euler1dExplicit: run(): Step 1350 - Time = 0.0177113
Euler1dExplicit: run(): Step 1360 - Time = 0.0178423
Euler1dExplicit: run(): Step 1370 - Time = 0.0179733
Euler1dExplicit: run(): Step 1380 - Time = 0.0181043
Euler1dExplicit: run(): Step 1390 - Time = 0.0182353
Euler1dExplicit: run(): Step 1400 - Time = 0.0183663
Euler1dExplicit: run(): Step 1410 - Time = 0.0184973
Euler1dExplicit: run(): Step 1420 - Time = 0.0186283
Euler1dExplicit: run(): Step 1430 - Time = 0.0187593
Euler1dExplicit: run(): Step 1440 - Time = 0.0188903
Euler1dExplicit: run(): Step 1450 - Time = 0.0190213
Euler1dExplicit: run(): Step 1460 - Time = 0.0191523
Euler1dExplicit: run(): Step 1470 - Time = 0.0192833
Euler1dExplicit: run(): Step 1480 - Time = 0.0194143
Euler1dExplicit: run(): Step 1490 - Time = 0.0195453
Euler1dExplicit: run(): Step 1500 - Time = 0.0196763
Euler1dExplicit: run(): Step 1510 - Time = 0.0198073
Euler1dExplicit: run(): Step 1520 - Time = 0.0199383
Euler1dExplicit: run(): Step 1530 - Time = 0.0200692
Euler1dExplicit: run(): Step 1540 - Time = 0.0202002
Euler1dExplicit: run(): Step 1550 - Time = 0.0203312
Euler1dExplicit: run(): Step 1560 - Time = 0.0204622
Euler1dExplicit: run(): Step 1570 - Time = 0.0205932
Euler1dExplicit: run(): Step 1580 - Time = 0.0207242
Euler1dExplicit: run(): Step 1590 - Time = 0.0208552
Euler1dExplicit: run(): Step 1600 - Time = 0.0209862
Euler1dExplicit: run(): Step 1610 - Time = 0.0211172
Euler1dExplicit: run(): Step 1620 - Time = 0.0212482
Euler1dExplicit: run(): Step 1630 - Time = 0.0213792
Euler1dExplicit: run(): Step 1640 - Time = 0.0215102
Euler1dExplicit: run(): Step 1650 - Time = 0.0216412
Euler1dExplicit: run(): Step 1660 - Time = 0.0217722
Euler1dExplicit: run(): Step 1670 - Time = 0.0219032
Euler1dExplicit: run(): Step 1680 - Time = 0.0220342
Euler1dExplicit: run(): Step 1690 - Time = 0.0221652
Euler1dExplicit: run(): Step 1700 - Time = 0.0222962
Euler1dExplicit: run(): Step 1710 - Time = 0.0224272
Euler1dExplicit: run(): Step 1720 - Time = 0.0225582
Euler1dExplicit: run(): Step 1730 - Time = 0.0226892
Euler1dExplicit: run(): Step 1740 - Time = 0.0228202
Euler1dExplicit: run(): Step 1750 - Time = 0.0229511
Euler1dExplicit: run(): Step 1760 - Time = 0.0230821
Euler1dExplicit: run(): Step 1770 - Time = 0.0232131
Euler1dExplicit: run(): Step 1780 - Time = 0.0233441
Euler1dExplicit: run(): Step 1790 - Time = 0.0234751
Euler1dExplicit: run(): Step 1800 - Time = 0.0236061
Euler1dExplicit: run(): Step 1810 - Time = 0.0237371
Euler1dExplicit: run(): Step 1820 - Time = 0.0238681
Euler1dExplicit: run(): Step 1830 - Time = 0.0239991
Euler1dExplicit: run(): Step 1840 - Time = 0.0241301
Euler1dExplicit: run(): Step 1850 - Time = 0.0242611
Euler1dExplicit: run(): Step 1860 - Time = 0.0243921
Euler1dExplicit: run(): Step 1870 - Time = 0.0245231
Euler1dExplicit: run(): Step 1880 - Time = 0.0246541
Euler1dExplicit: run(): Step 1890 - Time = 0.0247851
Euler1dExplicit: run(): Step 1900 - Time = 0.0249161
Euler1dExplicit: run(): Step 1910 - Time = 0.0250471
Euler1dExplicit: run(): Step 1920 - Time = 0.0251781
Euler1dExplicit: run(): Step 1930 - Time = 0.0253091
Euler1dExplicit: run(): Step 1940 - Time = 0.0254401
Euler1dExplicit: run(): Step 1950 - Time = 0.0255711
Euler1dExplicit: run(): Step 1960 - Time = 0.025702
Euler1dExplicit: run(): Step 1970 - Time = 0.025833
Euler1dExplicit: run(): Step 1980 - Time = 0.025964
Euler1dExplicit: run(): Step 1990 - Time = 0.026095
Euler1dExplicit: run(): Step 2000 - Time = 0.026226
Euler1dExplicit: run(): Step 2010 - Time = 0.026357
Euler1dExplicit: run(): Step 2020 - Time = 0.026488
Euler1dExplicit: run(): Step 2030 - Time = 0.026619
Euler1dExplicit: run(): Step 2040 - Time = 0.02675
Euler1dExplicit: run(): Step 2050 - Time = 0.026881
Euler1dExplicit: run(): Step 2060 - Time = 0.027012
Euler1dExplicit: run(): Step 2070 - Time = 0.027143
Euler1dExplicit: run(): Step 2080 - Time = 0.027274
Euler1dExplicit: run(): Step 2090 - Time = 0.027405
Euler1dExplicit: run(): Step 2100 - Time = 0.027536
Euler1dExplicit: run(): Step 2110 - Time = 0.027667
Euler1dExplicit: run(): Step 2120 - Time = 0.027798
Euler1dExplicit: run(): Step 2130 - Time = 0.027929
Euler1dExplicit: run(): Step 2140 - Time = 0.02806
Euler1dExplicit: run(): Step 2150 - Time = 0.028191
Euler1dExplicit: run(): Step 2160 - Time = 0.028322
Euler1dExplicit: run(): Step 2170 - Time = 0.028453
Euler1dExplicit: run(): Step 2180 - Time = 0.0285839
Euler1dExplicit: run(): Step 2190 - Time = 0.0287149
Euler1dExplicit: run(): Step 2200 - Time = 0.0288459
Euler1dExplicit: run(): Step 2210 - Time = 0.0289769
Euler1dExplicit: run(): Step 2220 - Time = 0.0291079
Euler1dExplicit: run(): Step 2230 - Time = 0.0292389
Euler1dExplicit: run(): Step 2240 - Time = 0.0293699
Euler1dExplicit: run(): Step 2250 - Time = 0.0295009
Euler1dExplicit: run(): Step 2260 - Time = 0.0296319
Euler1dExplicit: run(): Step 2270 - Time = 0.0297629
Euler1dExplicit: run(): Step 2280 - Time = 0.0298939
Euler1dExplicit: run(): Step 2290 - Time = 0.0300249
Euler1dExplicit: run(): Step 2300 - Time = 0.0301559
Euler1dExplicit: run(): Step 2310 - Time = 0.0302869
Euler1dExplicit: run(): Step 2320 - Time = 0.0304179
Euler1dExplicit: run(): Step 2330 - Time = 0.0305489
Euler1dExplicit: run(): Step 2340 - Time = 0.0306799
Euler1dExplicit: run(): Step 2350 - Time = 0.0308109
Euler1dExplicit: run(): Step 2360 - Time = 0.0309419
Euler1dExplicit: run(): Step 2370 - Time = 0.0310729
Euler1dExplicit: run(): Step 2380 - Time = 0.0312039
Euler1dExplicit: run(): Step 2390 - Time = 0.0313349
Euler1dExplicit: run(): Step 2400 - Time = 0.0314658
Euler1dExplicit: run(): Step 2410 - Time = 0.0315968
Euler1dExplicit: run(): Step 2420 - Time = 0.0317278
Euler1dExplicit: run(): Step 2430 - Time = 0.0318588
Euler1dExplicit: run(): Step 2440 - Time = 0.0319898
Euler1dExplicit: run(): Step 2450 - Time = 0.0321208
Euler1dExplicit: run(): Step 2460 - Time = 0.0322518
Euler1dExplicit: run(): Step 2470 - Time = 0.0323828
Euler1dExplicit: run(): Step 2480 - Time = 0.0325138
Euler1dExplicit: run(): Step 2490 - Time = 0.0326448
Euler1dExplicit: run(): Step 2500 - Time = 0.0327758
Euler1dExplicit: run(): Step 2510 - Time = 0.0329068
Euler1dExplicit: run(): Step 2520 - Time = 0.0330378
Euler1dExplicit: run(): Step 2530 - Time = 0.0331688
Euler1dExplicit: run(): Step 2540 - Time = 0.0332998
Euler1dExplicit: run(): Step 2550 - Time = 0.0334308
Euler1dExplicit: run(): Step 2560 - Time = 0.0335618
Euler1dExplicit: run(): Step 2570 - Time = 0.0336928
Euler1dExplicit: run(): Step 2580 - Time = 0.0338238
Euler1dExplicit: run(): Step 2590 - Time = 0.0339548
Euler1dExplicit: run(): Step 2600 - Time = 0.0340858
Euler1dExplicit: run(): Step 2610 - Time = 0.0342167
Euler1dExplicit: run(): Step 2620 - Time = 0.0343477
Euler1dExplicit: run(): Step 2630 - Time = 0.0344787
Euler1dExplicit: run(): Step 2640 - Time = 0.0346097
Euler1dExplicit: run(): Step 2650 - Time = 0.0347407
Euler1dExplicit: run(): Step 2660 - Time = 0.0348717
Euler1dExplicit: run(): Step 2670 - Time = 0.0350027
Euler1dExplicit: run(): Step 2680 - Time = 0.0351337
Euler1dExplicit: run(): Step 2690 - Time = 0.0352647
Euler1dExplicit: run(): Step 2700 - Time = 0.0353957
Euler1dExplicit: run(): Step 2710 - Time = 0.0355267
Euler1dExplicit: run(): Step 2720 - Time = 0.0356577
Euler1dExplicit: run(): Step 2730 - Time = 0.0357887
Euler1dExplicit: run(): Step 2740 - Time = 0.0359197
Euler1dExplicit: run(): Step 2750 - Time = 0.0360507
Euler1dExplicit: run(): Step 2760 - Time = 0.0361817
Euler1dExplicit: run(): Step 2770 - Time = 0.0363127
Euler1dExplicit: run(): Step 2780 - Time = 0.0364437
Euler1dExplicit: run(): Step 2790 - Time = 0.0365747
Euler1dExplicit: run(): Step 2800 - Time = 0.0367057
Euler1dExplicit: run(): Step 2810 - Time = 0.0368367
Euler1dExplicit: run(): Step 2820 - Time = 0.0369677
Euler1dExplicit: run(): Step 2830 - Time = 0.0370986
Euler1dExplicit: run(): Step 2840 - Time = 0.0372296
Euler1dExplicit: run(): Step 2850 - Time = 0.0373606
Euler1dExplicit: run(): Step 2860 - Time = 0.0374916
Euler1dExplicit: run(): Step 2870 - Time = 0.0376226
Euler1dExplicit: run(): Step 2880 - Time = 0.0377536
Euler1dExplicit: run(): Step 2890 - Time = 0.0378846
Euler1dExplicit: run(): Step 2900 - Time = 0.0380156
Euler1dExplicit: run(): Step 2910 - Time = 0.0381466
Euler1dExplicit: run(): Step 2920 - Time = 0.0382776
Euler1dExplicit: run(): Step 2930 - Time = 0.0384086
Euler1dExplicit: run(): Step 2940 - Time = 0.0385396
Euler1dExplicit: run(): Step 2950 - Time = 0.0386706
Euler1dExplicit: run(): Step 2960 - Time = 0.0388016
Euler1dExplicit: run(): Step 2970 - Time = 0.0389326
Euler1dExplicit: run(): Step 2980 - Time = 0.0390636
Euler1dExplicit: run(): Step 2990 - Time = 0.0391946
Euler1dExplicit: run(): Step 3000 - Time = 0.0393256
Euler1dExplicit: run(): Step 3010 - Time = 0.0394566
Euler1dExplicit: run(): Step 3020 - Time = 0.0395876
Euler1dExplicit: run(): Step 3030 - Time = 0.0397186
Euler1dExplicit: run(): Step 3040 - Time = 0.0398495
Euler1dExplicit: run(): Step 3050 - Time = 0.0399805
Euler1dExplicit: run(): Step 3060 - Time = 0.0401115
Euler1dExplicit: run(): Step 3070 - Time = 0.0402425
Euler1dExplicit: run(): Step 3080 - Time = 0.0403735
Euler1dExplicit: run(): Step 3090 - Time = 0.0405045
Euler1dExplicit: run(): Step 3100 - Time = 0.0406355
Euler1dExplicit: run(): Step 3110 - Time = 0.0407665
Euler1dExplicit: run(): Step 3120 - Time = 0.0408975
Euler1dExplicit: run(): Step 3130 - Time = 0.0410285
Euler1dExplicit: run(): Step 3140 - Time = 0.0411595
Euler1dExplicit: run(): Step 3150 - Time = 0.0412905
Euler1dExplicit: run(): Step 3160 - Time = 0.0414215
Euler1dExplicit: run(): Step 3170 - Time = 0.0415525
Euler1dExplicit: run(): Step 3180 - Time = 0.0416835
Euler1dExplicit: run(): Step 3190 - Time = 0.0418145
Euler1dExplicit: run(): Step 3200 - Time = 0.0419455
Euler1dExplicit: run(): Step 3210 - Time = 0.0420765
Euler1dExplicit: run(): Step 3220 - Time = 0.0422075
Euler1dExplicit: run(): Step 3230 - Time = 0.0423385
Euler1dExplicit: run(): Step 3240 - Time = 0.0424695
Euler1dExplicit: run(): Step 3250 - Time = 0.0426005
Euler1dExplicit: run(): Step 3260 - Time = 0.0427314
Euler1dExplicit: run(): Step 3270 - Time = 0.0428624
Euler1dExplicit: run(): Step 3280 - Time = 0.0429934
Euler1dExplicit: run(): Step 3290 - Time = 0.0431244
Euler1dExplicit: run(): Step 3300 - Time = 0.0432554
Euler1dExplicit: run(): Step 3310 - Time = 0.0433864
Euler1dExplicit: run(): Step 3320 - Time = 0.0435174
Euler1dExplicit: run(): Step 3330 - Time = 0.0436484
Euler1dExplicit: run(): Step 3340 - Time = 0.0437794
Euler1dExplicit: run(): Step 3350 - Time = 0.0439104
Euler1dExplicit: run(): Step 3360 - Time = 0.0440414
Euler1dExplicit: run(): Step 3370 - Time = 0.0441724
Euler1dExplicit: run(): Step 3380 - Time = 0.0443034
Euler1dExplicit: run(): Step 3390 - Time = 0.0444344
Euler1dExplicit: run(): Step 3400 - Time = 0.0445654
Euler1dExplicit: run(): Step 3410 - Time = 0.0446964
Euler1dExplicit: run(): Step 3420 - Time = 0.0448274
Euler1dExplicit: run(): Step 3430 - Time = 0.0449584
Euler1dExplicit: run(): Step 3440 - Time = 0.0450894
Euler1dExplicit: run(): Step 3450 - Time = 0.0452204
Euler1dExplicit: run(): Step 3460 - Time = 0.0453514
Euler1dExplicit: run(): Step 3470 - Time = 0.0454823
Euler1dExplicit: run(): Step 3480 - Time = 0.0456133
Euler1dExplicit: run(): Step 3490 - Time = 0.0457443
Euler1dExplicit: run(): Step 3500 - Time = 0.0458753
Euler1dExplicit: run(): Step 3510 - Time = 0.0460063
Euler1dExplicit: run(): Step 3520 - Time = 0.0461373
Euler1dExplicit: run(): Step 3530 - Time = 0.0462683
Euler1dExplicit: run(): Step 3540 - Time = 0.0463993
Euler1dExplicit: run(): Step 3550 - Time = 0.0465303
Euler1dExplicit: run(): Step 3560 - Time = 0.0466613
Euler1dExplicit: run(): Step 3570 - Time = 0.0467923
Euler1dExplicit: run(): Step 3580 - Time = 0.0469233
Euler1dExplicit: run(): Step 3590 - Time = 0.0470543
Euler1dExplicit: run(): Step 3600 - Time = 0.0471853
Euler1dExplicit: run(): Step 3610 - Time = 0.0473163
Euler1dExplicit: run(): Step 3620 - Time = 0.0474473
Euler1dExplicit: run(): Step 3630 - Time = 0.0475783
Euler1dExplicit: run(): Step 3640 - Time = 0.0477093
Euler1dExplicit: run(): Step 3650 - Time = 0.0478403
Euler1dExplicit: run(): Step 3660 - Time = 0.0479713
Euler1dExplicit: run(): Step 3670 - Time = 0.0481023
Euler1dExplicit: run(): Step 3680 - Time = 0.0482333
Euler1dExplicit: run(): Step 3690 - Time = 0.0483642
Euler1dExplicit: run(): Step 3700 - Time = 0.0484952
Euler1dExplicit: run(): Step 3710 - Time = 0.0486262
Euler1dExplicit: run(): Step 3720 - Time = 0.0487572
Euler1dExplicit: run(): Step 3730 - Time = 0.0488882
Euler1dExplicit: run(): Step 3740 - Time = 0.0490192
Euler1dExplicit: run(): Step 3750 - Time = 0.0491502
Euler1dExplicit: run(): Step 3760 - Time = 0.0492812
Euler1dExplicit: run(): Step 3770 - Time = 0.0494122
Euler1dExplicit: run(): Step 3780 - Time = 0.0495432
Euler1dExplicit: run(): Step 3790 - Time = 0.0496742
Euler1dExplicit: run(): Step 3800 - Time = 0.0498052
Euler1dExplicit: run(): Step 3810 - Time = 0.0499362
Euler1dExplicit: run(): Step 3820 - Time = 0.0500672
Euler1dExplicit: run(): Step 3830 - Time = 0.0501982
Euler1dExplicit: run(): Step 3840 - Time = 0.0503292
Euler1dExplicit: run(): Step 3850 - Time = 0.0504602
Euler1dExplicit: run(): Step 3860 - Time = 0.0505912
Euler1dExplicit: run(): Step 3870 - Time = 0.0507222
Euler1dExplicit: run(): Step 3880 - Time = 0.0508532
Euler1dExplicit: run(): Step 3890 - Time = 0.0509842
Euler1dExplicit: run(): Step 3900 - Time = 0.0511151
Euler1dExplicit: run(): Step 3910 - Time = 0.0512461
Euler1dExplicit: run(): Step 3920 - Time = 0.0513771
Euler1dExplicit: run(): Step 3930 - Time = 0.0515081
Euler1dExplicit: run(): Step 3940 - Time = 0.0516391
Euler1dExplicit: run(): Step 3950 - Time = 0.0517701
Euler1dExplicit: run(): Step 3960 - Time = 0.0519011
Euler1dExplicit: run(): Step 3970 - Time = 0.0520321
Euler1dExplicit: run(): Step 3980 - Time = 0.0521631
Euler1dExplicit: run(): Step 3990 - Time = 0.0522941
Euler1dExplicit: run(): Step 4000 - Time = 0.0524251
Euler1dExplicit: run(): Step 4010 - Time = 0.0525561
Euler1dExplicit: run(): Step 4020 - Time = 0.0526871
Euler1dExplicit: run(): Step 4030 - Time = 0.0528181
Euler1dExplicit: run(): Step 4040 - Time = 0.0529491
Euler1dExplicit: run(): Step 4050 - Time = 0.0530801
Euler1dExplicit: run(): Step 4060 - Time = 0.0532111
Euler1dExplicit: run(): Step 4070 - Time = 0.0533421
Euler1dExplicit: run(): Step 4080 - Time = 0.0534731
Euler1dExplicit: run(): Step 4090 - Time = 0.0536041
Euler1dExplicit: run(): Step 4100 - Time = 0.0537351
Euler1dExplicit: run(): Step 4110 - Time = 0.0538661
Euler1dExplicit: run(): Step 4120 - Time = 0.053997
Euler1dExplicit: run(): Step 4130 - Time = 0.054128
Euler1dExplicit: run(): Step 4140 - Time = 0.054259
Euler1dExplicit: run(): Step 4150 - Time = 0.05439
Euler1dExplicit: run(): Step 4160 - Time = 0.054521
Euler1dExplicit: run(): Step 4170 - Time = 0.054652
Euler1dExplicit: run(): Step 4180 - Time = 0.054783
Euler1dExplicit: run(): Step 4190 - Time = 0.054914
Euler1dExplicit: run(): Step 4200 - Time = 0.055045
Euler1dExplicit: run(): Step 4210 - Time = 0.055176
Euler1dExplicit: run(): Step 4220 - Time = 0.055307
Euler1dExplicit: run(): Step 4230 - Time = 0.055438
Euler1dExplicit: run(): Step 4240 - Time = 0.055569
Euler1dExplicit: run(): Step 4250 - Time = 0.0557
Euler1dExplicit: run(): Step 4260 - Time = 0.055831
Euler1dExplicit: run(): Step 4270 - Time = 0.055962
Euler1dExplicit: run(): Step 4280 - Time = 0.056093
Euler1dExplicit: run(): Step 4290 - Time = 0.056224
Euler1dExplicit: run(): Step 4300 - Time = 0.056355
Euler1dExplicit: run(): Step 4310 - Time = 0.056486
Euler1dExplicit: run(): Step 4320 - Time = 0.056617
Euler1dExplicit: run(): Step 4330 - Time = 0.056748
Euler1dExplicit: run(): Step 4340 - Time = 0.0568789
Euler1dExplicit: run(): Step 4350 - Time = 0.0570099
Euler1dExplicit: run(): Step 4360 - Time = 0.0571409
Euler1dExplicit: run(): Step 4370 - Time = 0.0572719
Euler1dExplicit: run(): Step 4380 - Time = 0.0574029
Euler1dExplicit: run(): Step 4390 - Time = 0.0575339
Euler1dExplicit: run(): Step 4400 - Time = 0.0576649
Euler1dExplicit: run(): Step 4410 - Time = 0.0577959
Euler1dExplicit: run(): Step 4420 - Time = 0.0579269
Euler1dExplicit: run(): Step 4430 - Time = 0.0580579
Euler1dExplicit: run(): Step 4440 - Time = 0.0581889
Euler1dExplicit: run(): Step 4450 - Time = 0.0583199
Euler1dExplicit: run(): Step 4460 - Time = 0.0584509
Euler1dExplicit: run(): Step 4470 - Time = 0.0585819
Euler1dExplicit: run(): Step 4480 - Time = 0.0587129
Euler1dExplicit: run(): Step 4490 - Time = 0.0588439
Euler1dExplicit: run(): Step 4500 - Time = 0.0589749
Euler1dExplicit: run(): Step 4510 - Time = 0.0591059
Euler1dExplicit: run(): Step 4520 - Time = 0.0592369
Euler1dExplicit: run(): Step 4530 - Time = 0.0593679
Euler1dExplicit: run(): Step 4540 - Time = 0.0594989
Euler1dExplicit: run(): Step 4550 - Time = 0.0596298
Euler1dExplicit: run(): Step 4560 - Time = 0.0597608
Euler1dExplicit: run(): Step 4570 - Time = 0.0598918
Euler1dExplicit: run(): Step 4580 - Time = 0.0600228
Euler1dExplicit: run(): Step 4590 - Time = 0.0601538
Euler1dExplicit: run(): Step 4600 - Time = 0.0602848
Euler1dExplicit: run(): Step 4610 - Time = 0.0604158
Euler1dExplicit: run(): Step 4620 - Time = 0.0605468
Euler1dExplicit: run(): Step 4630 - Time = 0.0606778
Euler1dExplicit: run(): Step 4640 - Time = 0.0608088
Euler1dExplicit: run(): Step 4650 - Time = 0.0609398
Euler1dExplicit: run(): Step 4660 - Time = 0.0610708
Euler1dExplicit: run(): Step 4670 - Time = 0.0612018
Euler1dExplicit: run(): Step 4680 - Time = 0.0613328
Euler1dExplicit: run(): Step 4690 - Time = 0.0614638
Euler1dExplicit: run(): Step 4700 - Time = 0.0615948
Euler1dExplicit: run(): Step 4710 - Time = 0.0617258
Euler1dExplicit: run(): Step 4720 - Time = 0.0618568
Euler1dExplicit: run(): Step 4730 - Time = 0.0619878
Euler1dExplicit: run(): Step 4740 - Time = 0.0621188
Euler1dExplicit: run(): Step 4750 - Time = 0.0622498
Euler1dExplicit: run(): Step 4760 - Time = 0.0623808
Euler1dExplicit: run(): Step 4770 - Time = 0.0625117
Euler1dExplicit: run(): Step 4780 - Time = 0.0626427
Euler1dExplicit: run(): Step 4790 - Time = 0.0627737
Euler1dExplicit: run(): Step 4800 - Time = 0.0629047
Euler1dExplicit: run(): Step 4810 - Time = 0.0630357
Euler1dExplicit: run(): Step 4820 - Time = 0.0631667
Euler1dExplicit: run(): Step 4830 - Time = 0.0632977
Euler1dExplicit: run(): Step 4840 - Time = 0.0634287
Euler1dExplicit: run(): Step 4850 - Time = 0.0635597
Euler1dExplicit: run(): Step 4860 - Time = 0.0636907
Euler1dExplicit: run(): Step 4870 - Time = 0.0638217
Euler1dExplicit: run(): Step 4880 - Time = 0.0639527
Euler1dExplicit: run(): Step 4890 - Time = 0.0640837
Euler1dExplicit: run(): Step 4900 - Time = 0.0642147
Euler1dExplicit: run(): Step 4910 - Time = 0.0643457
Euler1dExplicit: run(): Step 4920 - Time = 0.0644767
Euler1dExplicit: run(): Step 4930 - Time = 0.0646077
Euler1dExplicit: run(): Step 4940 - Time = 0.0647387
Euler1dExplicit: run(): Step 4950 - Time = 0.0648697
Euler1dExplicit: run(): Step 4960 - Time = 0.0650007
Euler1dExplicit: run(): Step 4970 - Time = 0.0651317
Euler1dExplicit: run(): Step 4980 - Time = 0.0652626
Euler1dExplicit: run(): Step 4990 - Time = 0.0653936
Euler1dExplicit: run(): Step 5000 - Time = 0.0655246
Euler1dExplicit: run(): Step 5010 - Time = 0.0656556
Euler1dExplicit: run(): Step 5020 - Time = 0.0657866
Euler1dExplicit: run(): Step 5030 - Time = 0.0659176
Euler1dExplicit: run(): Step 5040 - Time = 0.0660486
Euler1dExplicit: run(): Step 5050 - Time = 0.0661796
Euler1dExplicit: run(): Step 5060 - Time = 0.0663106
Euler1dExplicit: run(): Step 5070 - Time = 0.0664416
Euler1dExplicit: run(): Step 5080 - Time = 0.0665726
Euler1dExplicit: run(): Step 5090 - Time = 0.0667036
Euler1dExplicit: run(): Step 5100 - Time = 0.0668346
Euler1dExplicit: run(): Step 5110 - Time = 0.0669656
Euler1dExplicit: run(): Step 5120 - Time = 0.0670966
Euler1dExplicit: run(): Step 5130 - Time = 0.0672276
Euler1dExplicit: run(): Step 5140 - Time = 0.0673586
Euler1dExplicit: run(): Step 5150 - Time = 0.0674896
Euler1dExplicit: run(): Step 5160 - Time = 0.0676206
Euler1dExplicit: run(): Step 5170 - Time = 0.0677516
Euler1dExplicit: run(): Step 5180 - Time = 0.0678826
Euler1dExplicit: run(): Step 5190 - Time = 0.0680136
Euler1dExplicit: run(): Step 5200 - Time = 0.0681445
Euler1dExplicit: run(): Step 5210 - Time = 0.0682755
Euler1dExplicit: run(): Step 5220 - Time = 0.0684065
Euler1dExplicit: run(): Step 5230 - Time = 0.0685375
Euler1dExplicit: run(): Step 5240 - Time = 0.0686685
Euler1dExplicit: run(): Step 5250 - Time = 0.0687995
Euler1dExplicit: run(): Step 5260 - Time = 0.0689305
Euler1dExplicit: run(): Step 5270 - Time = 0.0690615
Euler1dExplicit: run(): Step 5280 - Time = 0.0691925
Euler1dExplicit: run(): Step 5290 - Time = 0.0693235
Euler1dExplicit: run(): Step 5300 - Time = 0.0694545
Euler1dExplicit: run(): Step 5310 - Time = 0.0695855
Euler1dExplicit: run(): Step 5320 - Time = 0.0697165
Euler1dExplicit: run(): Step 5330 - Time = 0.0698475
Euler1dExplicit: run(): Step 5340 - Time = 0.0699785
Euler1dExplicit: run(): Step 5350 - Time = 0.0701095
Euler1dExplicit: run(): Step 5360 - Time = 0.0702405
Euler1dExplicit: run(): Step 5370 - Time = 0.0703715
Euler1dExplicit: run(): Step 5380 - Time = 0.0705025
Euler1dExplicit: run(): Step 5390 - Time = 0.0706335
Euler1dExplicit: run(): Step 5400 - Time = 0.0707645
Euler1dExplicit: run(): Step 5410 - Time = 0.0708954
Euler1dExplicit: run(): Step 5420 - Time = 0.0710264
Euler1dExplicit: run(): Step 5430 - Time = 0.0711574
Euler1dExplicit: run(): Step 5440 - Time = 0.0712884
Euler1dExplicit: run(): Step 5450 - Time = 0.0714194
Euler1dExplicit: run(): Step 5460 - Time = 0.0715504
Euler1dExplicit: run(): Step 5470 - Time = 0.0716814
Euler1dExplicit: run(): Step 5480 - Time = 0.0718124
Euler1dExplicit: run(): Step 5490 - Time = 0.0719434
Euler1dExplicit: run(): Step 5500 - Time = 0.0720744
Euler1dExplicit: run(): Step 5510 - Time = 0.0722054
Euler1dExplicit: run(): Step 5520 - Time = 0.0723364
Euler1dExplicit: run(): Step 5530 - Time = 0.0724674
Euler1dExplicit: run(): Step 5540 - Time = 0.0725984
Euler1dExplicit: run(): Step 5550 - Time = 0.0727294
Euler1dExplicit: run(): Step 5560 - Time = 0.0728604
Euler1dExplicit: run(): Step 5570 - Time = 0.0729914
Euler1dExplicit: run(): Step 5580 - Time = 0.0731224
Euler1dExplicit: run(): Step 5590 - Time = 0.0732534
Euler1dExplicit: run(): Step 5600 - Time = 0.0733844
Euler1dExplicit: run(): Step 5610 - Time = 0.0735154
Euler1dExplicit: run(): Step 5620 - Time = 0.0736464
Euler1dExplicit: run(): Step 5630 - Time = 0.0737773
Euler1dExplicit: run(): Step 5640 - Time = 0.0739083
Euler1dExplicit: run(): Step 5650 - Time = 0.0740393
Euler1dExplicit: run(): Step 5660 - Time = 0.0741703
Euler1dExplicit: run(): Step 5670 - Time = 0.0743013
Euler1dExplicit: run(): Step 5680 - Time = 0.0744323
Euler1dExplicit: run(): Step 5690 - Time = 0.0745633
Euler1dExplicit: run(): Step 5700 - Time = 0.0746943
Euler1dExplicit: run(): Step 5710 - Time = 0.0748253
Euler1dExplicit: run(): Step 5720 - Time = 0.0749563
Euler1dExplicit: run(): Step 5730 - Time = 0.0750873
Euler1dExplicit: run(): Step 5740 - Time = 0.0752183
Euler1dExplicit: run(): Step 5750 - Time = 0.0753493
Euler1dExplicit: run(): Step 5760 - Time = 0.0754803
Euler1dExplicit: run(): Step 5770 - Time = 0.0756113
Euler1dExplicit: run(): Step 5780 - Time = 0.0757423
Euler1dExplicit: run(): Step 5790 - Time = 0.0758733
Euler1dExplicit: run(): Step 5800 - Time = 0.0760043
Euler1dExplicit: run(): Step 5810 - Time = 0.0761353
Euler1dExplicit: run(): Step 5820 - Time = 0.0762663
Euler1dExplicit: run(): Step 5830 - Time = 0.0763973
Euler1dExplicit: run(): Step 5840 - Time = 0.0765282
Euler1dExplicit: run(): Step 5850 - Time = 0.0766592
Euler1dExplicit: run(): Step 5860 - Time = 0.0767902
Euler1dExplicit: run(): Step 5870 - Time = 0.0769212
Euler1dExplicit: run(): Step 5880 - Time = 0.0770522
Euler1dExplicit: run(): Step 5890 - Time = 0.0771832
Euler1dExplicit: run(): Step 5900 - Time = 0.0773142
Euler1dExplicit: run(): Step 5910 - Time = 0.0774452
Euler1dExplicit: run(): Step 5920 - Time = 0.0775762
Euler1dExplicit: run(): Step 5930 - Time = 0.0777072
Euler1dExplicit: run(): Step 5940 - Time = 0.0778382
Euler1dExplicit: run(): Step 5950 - Time = 0.0779692
Euler1dExplicit: run(): Step 5960 - Time = 0.0781002
Euler1dExplicit: run(): Step 5970 - Time = 0.0782312
Euler1dExplicit: run(): Step 5980 - Time = 0.0783622
Euler1dExplicit: run(): Step 5990 - Time = 0.0784932
Euler1dExplicit: run(): Step 6000 - Time = 0.0786242
Euler1dExplicit: run(): Step 6010 - Time = 0.0787552
Euler1dExplicit: run(): Step 6020 - Time = 0.0788862
Euler1dExplicit: run(): Step 6030 - Time = 0.0790172
Euler1dExplicit: run(): Step 6040 - Time = 0.0791482
Euler1dExplicit: run(): Step 6050 - Time = 0.0792792
Euler1dExplicit: run(): Step 6060 - Time = 0.0794101
Euler1dExplicit: run(): Step 6070 - Time = 0.0795411
Euler1dExplicit: run(): Step 6080 - Time = 0.0796721
Euler1dExplicit: run(): Step 6090 - Time = 0.0798031
Euler1dExplicit: run(): Step 6100 - Time = 0.0799341
Euler1dExplicit: run(): Step 6110 - Time = 0.0800651
Euler1dExplicit: run(): Step 6120 - Time = 0.0801961
Euler1dExplicit: run(): Step 6130 - Time = 0.0803271
Euler1dExplicit: run(): Step 6140 - Time = 0.0804581
Euler1dExplicit: run(): Step 6150 - Time = 0.0805891
Euler1dExplicit: run(): Step 6160 - Time = 0.0807201
Euler1dExplicit: run(): Step 6170 - Time = 0.0808511
Euler1dExplicit: run(): Step 6180 - Time = 0.0809821
Euler1dExplicit: run(): Step 6190 - Time = 0.0811131
Euler1dExplicit: run(): Step 6200 - Time = 0.0812441
Euler1dExplicit: run(): Step 6210 - Time = 0.0813751
Euler1dExplicit: run(): Step 6220 - Time = 0.0815061
Euler1dExplicit: run(): Step 6230 - Time = 0.0816371
Euler1dExplicit: run(): Step 6240 - Time = 0.0817681
Euler1dExplicit: run(): Step 6250 - Time = 0.0818991
Euler1dExplicit: run(): Step 6260 - Time = 0.0820301
Euler1dExplicit: run(): Step 6270 - Time = 0.0821611
Euler1dExplicit: run(): Step 6280 - Time = 0.082292
Euler1dExplicit: run(): Step 6290 - Time = 0.082423
Euler1dExplicit: run(): Step 6300 - Time = 0.082554
Euler1dExplicit: run(): Step 6310 - Time = 0.082685
Euler1dExplicit: run(): Step 6320 - Time = 0.082816
Euler1dExplicit: run(): Step 6330 - Time = 0.082947
Euler1dExplicit: run(): Step 6340 - Time = 0.083078
Euler1dExplicit: run(): Step 6350 - Time = 0.083209
Euler1dExplicit: run(): Step 6360 - Time = 0.08334
Euler1dExplicit: run(): Step 6370 - Time = 0.083471
Euler1dExplicit: run(): Step 6380 - Time = 0.083602
Euler1dExplicit: run(): Step 6390 - Time = 0.083733
Euler1dExplicit: run(): Step 6400 - Time = 0.083864
Euler1dExplicit: run(): Step 6410 - Time = 0.083995
Euler1dExplicit: run(): Step 6420 - Time = 0.084126
Euler1dExplicit: run(): Step 6430 - Time = 0.084257
Euler1dExplicit: run(): Step 6440 - Time = 0.084388
Euler1dExplicit: run(): Step 6450 - Time = 0.084519
Euler1dExplicit: run(): Step 6460 - Time = 0.08465
Euler1dExplicit: run(): Step 6470 - Time = 0.084781
Euler1dExplicit: run(): Step 6480 - Time = 0.084912
Euler1dExplicit: run(): Step 6490 - Time = 0.0850429
Euler1dExplicit: run(): Step 6500 - Time = 0.0851739
Euler1dExplicit: run(): Step 6510 - Time = 0.0853049
Euler1dExplicit: run(): Step 6520 - Time = 0.0854359
Euler1dExplicit: run(): Step 6530 - Time = 0.0855669
Euler1dExplicit: run(): Step 6540 - Time = 0.0856979
Euler1dExplicit: run(): Step 6550 - Time = 0.0858289
Euler1dExplicit: run(): Step 6560 - Time = 0.0859599
Euler1dExplicit: run(): Step 6570 - Time = 0.0860909
Euler1dExplicit: run(): Step 6580 - Time = 0.0862219
Euler1dExplicit: run(): Step 6590 - Time = 0.0863529
Euler1dExplicit: run(): Step 6600 - Time = 0.0864839
Euler1dExplicit: run(): Step 6610 - Time = 0.0866149
Euler1dExplicit: run(): Step 6620 - Time = 0.0867459
Euler1dExplicit: run(): Step 6630 - Time = 0.0868769
Euler1dExplicit: run(): Step 6640 - Time = 0.0870079
Euler1dExplicit: run(): Step 6650 - Time = 0.0871389
Euler1dExplicit: run(): Step 6660 - Time = 0.0872699
Euler1dExplicit: run(): Step 6670 - Time = 0.0874009
Euler1dExplicit: run(): Step 6680 - Time = 0.0875319
Euler1dExplicit: run(): Step 6690 - Time = 0.0876629
Euler1dExplicit: run(): Step 6700 - Time = 0.0877939
Euler1dExplicit: run(): Step 6710 - Time = 0.0879248
Euler1dExplicit: run(): Step 6720 - Time = 0.0880558
Euler1dExplicit: run(): Step 6730 - Time = 0.0881868
Euler1dExplicit: run(): Step 6740 - Time = 0.0883178
Euler1dExplicit: run(): Step 6750 - Time = 0.0884488
Euler1dExplicit: run(): Step 6760 - Time = 0.0885798
Euler1dExplicit: run(): Step 6770 - Time = 0.0887108
Euler1dExplicit: run(): Step 6780 - Time = 0.0888418
Euler1dExplicit: run(): Step 6790 - Time = 0.0889728
Euler1dExplicit: run(): Step 6800 - Time = 0.0891038
Euler1dExplicit: run(): Step 6810 - Time = 0.0892348
Euler1dExplicit: run(): Step 6820 - Time = 0.0893658
Euler1dExplicit: run(): Step 6830 - Time = 0.0894968
Euler1dExplicit: run(): Step 6840 - Time = 0.0896278
Euler1dExplicit: run(): Step 6850 - Time = 0.0897588
Euler1dExplicit: run(): Step 6860 - Time = 0.0898898
Euler1dExplicit: run(): Step 6870 - Time = 0.0900208
Euler1dExplicit: run(): Step 6880 - Time = 0.0901518
Euler1dExplicit: run(): Step 6890 - Time = 0.0902828
Euler1dExplicit: run(): Step 6900 - Time = 0.0904138
Euler1dExplicit: run(): Step 6910 - Time = 0.0905448
Euler1dExplicit: run(): Step 6920 - Time = 0.0906757
Euler1dExplicit: run(): Step 6930 - Time = 0.0908067
Euler1dExplicit: run(): Step 6940 - Time = 0.0909377
Euler1dExplicit: run(): Step 6950 - Time = 0.0910687
Euler1dExplicit: run(): Step 6960 - Time = 0.0911997
Euler1dExplicit: run(): Step 6970 - Time = 0.0913307
Euler1dExplicit: run(): Step 6980 - Time = 0.0914617
Euler1dExplicit: run(): Step 6990 - Time = 0.0915927
Euler1dExplicit: run(): Step 7000 - Time = 0.0917237
Euler1dExplicit: run(): Step 7010 - Time = 0.0918547
Euler1dExplicit: run(): Step 7020 - Time = 0.0919857
Euler1dExplicit: run(): Step 7030 - Time = 0.0921167
Euler1dExplicit: run(): Step 7040 - Time = 0.0922477
Euler1dExplicit: run(): Step 7050 - Time = 0.0923787
Euler1dExplicit: run(): Step 7060 - Time = 0.0925097
Euler1dExplicit: run(): Step 7070 - Time = 0.0926407
Euler1dExplicit: run(): Step 7080 - Time = 0.0927717
Euler1dExplicit: run(): Step 7090 - Time = 0.0929027
Euler1dExplicit: run(): Step 7100 - Time = 0.0930337
Euler1dExplicit: run(): Step 7110 - Time = 0.0931647
Euler1dExplicit: run(): Step 7120 - Time = 0.0932957
Euler1dExplicit: run(): Step 7130 - Time = 0.0934267
Euler1dExplicit: run(): Step 7140 - Time = 0.0935576
Euler1dExplicit: run(): Step 7150 - Time = 0.0936886
Euler1dExplicit: run(): Step 7160 - Time = 0.0938196
Euler1dExplicit: run(): Step 7170 - Time = 0.0939506
Euler1dExplicit: run(): Step 7180 - Time = 0.0940816
Euler1dExplicit: run(): Step 7190 - Time = 0.0942126
Euler1dExplicit: run(): Step 7200 - Time = 0.0943436
Euler1dExplicit: run(): Step 7210 - Time = 0.0944746
Euler1dExplicit: run(): Step 7220 - Time = 0.0946056
Euler1dExplicit: run(): Step 7230 - Time = 0.0947366
Euler1dExplicit: run(): Step 7240 - Time = 0.0948676
Euler1dExplicit: run(): Step 7250 - Time = 0.0949986
Euler1dExplicit: run(): Step 7260 - Time = 0.0951296
Euler1dExplicit: run(): Step 7270 - Time = 0.0952606
Euler1dExplicit: run(): Step 7280 - Time = 0.0953916
Euler1dExplicit: run(): Step 7290 - Time = 0.0955226
Euler1dExplicit: run(): Step 7300 - Time = 0.0956536
Euler1dExplicit: run(): Step 7310 - Time = 0.0957846
Euler1dExplicit: run(): Step 7320 - Time = 0.0959156
Euler1dExplicit: run(): Step 7330 - Time = 0.0960466
Euler1dExplicit: run(): Step 7340 - Time = 0.0961776
Euler1dExplicit: run(): Step 7350 - Time = 0.0963085
Euler1dExplicit: run(): Step 7360 - Time = 0.0964395
Euler1dExplicit: run(): Step 7370 - Time = 0.0965705
Euler1dExplicit: run(): Step 7380 - Time = 0.0967015
Euler1dExplicit: run(): Step 7390 - Time = 0.0968325
Euler1dExplicit: run(): Step 7400 - Time = 0.0969635
Euler1dExplicit: run(): Step 7410 - Time = 0.0970945
Euler1dExplicit: run(): Step 7420 - Time = 0.0972255
Euler1dExplicit: run(): Step 7430 - Time = 0.0973565
Euler1dExplicit: run(): Step 7440 - Time = 0.0974875
Euler1dExplicit: run(): Step 7450 - Time = 0.0976185
Euler1dExplicit: run(): Step 7460 - Time = 0.0977495
Euler1dExplicit: run(): Step 7470 - Time = 0.0978805
Euler1dExplicit: run(): Step 7480 - Time = 0.0980115
Euler1dExplicit: run(): Step 7490 - Time = 0.0981425
Euler1dExplicit: run(): Step 7500 - Time = 0.0982735
Euler1dExplicit: run(): Step 7510 - Time = 0.0984045
Euler1dExplicit: run(): Step 7520 - Time = 0.0985355
Euler1dExplicit: run(): Step 7530 - Time = 0.0986665
Euler1dExplicit: run(): Step 7540 - Time = 0.0987975
Euler1dExplicit: run(): Step 7550 - Time = 0.0989285
Euler1dExplicit: run(): Step 7560 - Time = 0.0990595
Euler1dExplicit: run(): Step 7570 - Time = 0.0991904
Euler1dExplicit: run(): Step 7580 - Time = 0.0993214
Euler1dExplicit: run(): Step 7590 - Time = 0.0994524
Euler1dExplicit: run(): Step 7600 - Time = 0.0995834
Euler1dExplicit: run(): Step 7610 - Time = 0.0997144
Euler1dExplicit: run(): Step 7620 - Time = 0.0998454
Euler1dExplicit: run(): Step 7630 - Time = 0.0999764
Euler1dExplicit: run(): Step 7640 - Time = 0.100107
Euler1dExplicit: run(): Step 7650 - Time = 0.100238
Euler1dExplicit: run(): Step 7660 - Time = 0.100369
Euler1dExplicit: run(): Step 7670 - Time = 0.1005
Euler1dExplicit: run(): Step 7680 - Time = 0.100631
Euler1dExplicit: run(): Step 7690 - Time = 0.100762
Euler1dExplicit: run(): Step 7700 - Time = 0.100893
Euler1dExplicit: run(): Step 7710 - Time = 0.101024
Euler1dExplicit: run(): Step 7720 - Time = 0.101155
Euler1dExplicit: run(): Step 7730 - Time = 0.101286
Euler1dExplicit: run(): Step 7740 - Time = 0.101417
Euler1dExplicit: run(): Step 7750 - Time = 0.101548
Euler1dExplicit: run(): Step 7760 - Time = 0.101679
Euler1dExplicit: run(): Step 7770 - Time = 0.10181
Euler1dExplicit: run(): Step 7780 - Time = 0.101941
Euler1dExplicit: run(): Step 7790 - Time = 0.102072
Euler1dExplicit: run(): Step 7800 - Time = 0.102203
Euler1dExplicit: run(): Step 7810 - Time = 0.102334
Euler1dExplicit: run(): Step 7820 - Time = 0.102465
Euler1dExplicit: run(): Step 7830 - Time = 0.102596
Euler1dExplicit: run(): Step 7840 - Time = 0.102727
Euler1dExplicit: run(): Step 7850 - Time = 0.102858
Euler1dExplicit: run(): Step 7860 - Time = 0.102989
Euler1dExplicit: run(): Step 7870 - Time = 0.10312
Euler1dExplicit: run(): Step 7880 - Time = 0.103251
Euler1dExplicit: run(): Step 7890 - Time = 0.103382
Euler1dExplicit: run(): Step 7900 - Time = 0.103513
Euler1dExplicit: run(): Step 7910 - Time = 0.103644
Euler1dExplicit: run(): Step 7920 - Time = 0.103775
Euler1dExplicit: run(): Step 7930 - Time = 0.103906
Euler1dExplicit: run(): Step 7940 - Time = 0.104037
Euler1dExplicit: run(): Step 7950 - Time = 0.104168
Euler1dExplicit: run(): Step 7960 - Time = 0.104299
Euler1dExplicit: run(): Step 7970 - Time = 0.10443
Euler1dExplicit: run(): Step 7980 - Time = 0.104561
Euler1dExplicit: run(): Step 7990 - Time = 0.104692
Euler1dExplicit: run(): Step 8000 - Time = 0.104823
Euler1dExplicit: run(): Step 8010 - Time = 0.104954
Euler1dExplicit: run(): Step 8020 - Time = 0.105085
Euler1dExplicit: run(): Step 8030 - Time = 0.105216
Euler1dExplicit: run(): Step 8040 - Time = 0.105347
Euler1dExplicit: run(): Step 8050 - Time = 0.105478
Euler1dExplicit: run(): Step 8060 - Time = 0.105609
Euler1dExplicit: run(): Step 8070 - Time = 0.10574
Euler1dExplicit: run(): Step 8080 - Time = 0.105871
Euler1dExplicit: run(): Step 8090 - Time = 0.106002
Euler1dExplicit: run(): Step 8100 - Time = 0.106133
Euler1dExplicit: run(): Step 8110 - Time = 0.106264
Euler1dExplicit: run(): Step 8120 - Time = 0.106395
Euler1dExplicit: run(): Step 8130 - Time = 0.106526
Euler1dExplicit: run(): Step 8140 - Time = 0.106657
Euler1dExplicit: run(): Step 8150 - Time = 0.106788
Euler1dExplicit: run(): Step 8160 - Time = 0.106919
Euler1dExplicit: run(): Step 8170 - Time = 0.10705
Euler1dExplicit: run(): Step 8180 - Time = 0.107181
Euler1dExplicit: run(): Step 8190 - Time = 0.107312
Euler1dExplicit: run(): Step 8200 - Time = 0.107443
Euler1dExplicit: run(): Step 8210 - Time = 0.107574
Euler1dExplicit: run(): Step 8220 - Time = 0.107705
Euler1dExplicit: run(): Step 8230 - Time = 0.107836
Euler1dExplicit: run(): Step 8240 - Time = 0.107967
Euler1dExplicit: run(): Step 8250 - Time = 0.108098
Euler1dExplicit: run(): Step 8260 - Time = 0.108229
Euler1dExplicit: run(): Step 8270 - Time = 0.10836
Euler1dExplicit: run(): Step 8280 - Time = 0.108491
Euler1dExplicit: run(): Step 8290 - Time = 0.108622
Euler1dExplicit: run(): Step 8300 - Time = 0.108753
Euler1dExplicit: run(): Step 8310 - Time = 0.108884
Euler1dExplicit: run(): Step 8320 - Time = 0.109015
Euler1dExplicit: run(): Step 8330 - Time = 0.109146
Euler1dExplicit: run(): Step 8340 - Time = 0.109277
Euler1dExplicit: run(): Step 8350 - Time = 0.109408
Euler1dExplicit: run(): Step 8360 - Time = 0.109539
Euler1dExplicit: run(): Step 8370 - Time = 0.10967
Euler1dExplicit: run(): Step 8380 - Time = 0.109801
Euler1dExplicit: run(): Step 8390 - Time = 0.109932
Euler1dExplicit: run(): Step 8400 - Time = 0.110063
Euler1dExplicit: run(): Step 8410 - Time = 0.110194
Euler1dExplicit: run(): Step 8420 - Time = 0.110325
Euler1dExplicit: run(): Step 8430 - Time = 0.110456
Euler1dExplicit: run(): Step 8440 - Time = 0.110587
Euler1dExplicit: run(): Step 8450 - Time = 0.110718
Euler1dExplicit: run(): Step 8460 - Time = 0.110849
Euler1dExplicit: run(): Step 8470 - Time = 0.11098
Euler1dExplicit: run(): Step 8480 - Time = 0.111111
Euler1dExplicit: run(): Step 8490 - Time = 0.111242
Euler1dExplicit: run(): Step 8500 - Time = 0.111373
Euler1dExplicit: run(): Step 8510 - Time = 0.111504
Euler1dExplicit: run(): Step 8520 - Time = 0.111635
Euler1dExplicit: run(): Step 8530 - Time = 0.111766
Euler1dExplicit: run(): Step 8540 - Time = 0.111897
Euler1dExplicit: run(): Step 8550 - Time = 0.112028
Euler1dExplicit: run(): Step 8560 - Time = 0.112159
Euler1dExplicit: run(): Step 8570 - Time = 0.11229
Euler1dExplicit: run(): Step 8580 - Time = 0.112421
Euler1dExplicit: run(): Step 8590 - Time = 0.112552
Euler1dExplicit: run(): Step 8600 - Time = 0.112683
Euler1dExplicit: run(): Step 8610 - Time = 0.112814
Euler1dExplicit: run(): Step 8620 - Time = 0.112945
Euler1dExplicit: run(): Step 8630 - Time = 0.113076
Euler1dExplicit: run(): Step 8640 - Time = 0.113207
Euler1dExplicit: run(): Step 8650 - Time = 0.113338
Euler1dExplicit: run(): Step 8660 - Time = 0.113469
Euler1dExplicit: run(): Step 8670 - Time = 0.1136
Euler1dExplicit: run(): Step 8680 - Time = 0.113731
Euler1dExplicit: run(): Step 8690 - Time = 0.113862
Euler1dExplicit: run(): Step 8700 - Time = 0.113993
Euler1dExplicit: run(): Step 8710 - Time = 0.114124
Euler1dExplicit: run(): Step 8720 - Time = 0.114255
Euler1dExplicit: run(): Step 8730 - Time = 0.114386
Euler1dExplicit: run(): Step 8740 - Time = 0.114517
Euler1dExplicit: run(): Step 8750 - Time = 0.114648
Euler1dExplicit: run(): Step 8760 - Time = 0.114779
Euler1dExplicit: run(): Step 8770 - Time = 0.11491
Euler1dExplicit: run(): Step 8780 - Time = 0.115041
Euler1dExplicit: run(): Step 8790 - Time = 0.115172
Euler1dExplicit: run(): Step 8800 - Time = 0.115303
Euler1dExplicit: run(): Step 8810 - Time = 0.115434
Euler1dExplicit: run(): Step 8820 - Time = 0.115565
Euler1dExplicit: run(): Step 8830 - Time = 0.115696
Euler1dExplicit: run(): Step 8840 - Time = 0.115827
Euler1dExplicit: run(): Step 8850 - Time = 0.115958
Euler1dExplicit: run(): Step 8860 - Time = 0.116089
Euler1dExplicit: run(): Step 8870 - Time = 0.11622
Euler1dExplicit: run(): Step 8880 - Time = 0.116351
Euler1dExplicit: run(): Step 8890 - Time = 0.116482
Euler1dExplicit: run(): Step 8900 - Time = 0.116613
Euler1dExplicit: run(): Step 8910 - Time = 0.116744
Euler1dExplicit: run(): Step 8920 - Time = 0.116875
Euler1dExplicit: run(): Step 8930 - Time = 0.117006
Euler1dExplicit: run(): Step 8940 - Time = 0.117137
Euler1dExplicit: run(): Step 8950 - Time = 0.117268
Euler1dExplicit: run(): Step 8960 - Time = 0.117399
Euler1dExplicit: run(): Step 8970 - Time = 0.11753
Euler1dExplicit: run(): Step 8980 - Time = 0.117661
Euler1dExplicit: run(): Step 8990 - Time = 0.117792
Euler1dExplicit: run(): Step 9000 - Time = 0.117923
Euler1dExplicit: run(): Step 9010 - Time = 0.118054
Euler1dExplicit: run(): Step 9020 - Time = 0.118185
Euler1dExplicit: run(): Step 9030 - Time = 0.118316
Euler1dExplicit: run(): Step 9040 - Time = 0.118447
Euler1dExplicit: run(): Step 9050 - Time = 0.118578
Euler1dExplicit: run(): Step 9060 - Time = 0.118709
Euler1dExplicit: run(): Step 9070 - Time = 0.11884
Euler1dExplicit: run(): Step 9080 - Time = 0.118971
Euler1dExplicit: run(): Step 9090 - Time = 0.119102
Euler1dExplicit: run(): Step 9100 - Time = 0.119233
Euler1dExplicit: run(): Step 9110 - Time = 0.119364
Euler1dExplicit: run(): Step 9120 - Time = 0.119495
Euler1dExplicit: run(): Step 9130 - Time = 0.119626
Euler1dExplicit: run(): Step 9140 - Time = 0.119757
Euler1dExplicit: run(): Step 9150 - Time = 0.119888
Euler1dExplicit: run(): Step 9160 - Time = 0.120019
Euler1dExplicit: run(): Step 9170 - Time = 0.12015
Euler1dExplicit: run(): Step 9180 - Time = 0.120281
Euler1dExplicit: run(): Step 9190 - Time = 0.120412
Euler1dExplicit: run(): Step 9200 - Time = 0.120543
Euler1dExplicit: run(): Step 9210 - Time = 0.120674
Euler1dExplicit: run(): Step 9220 - Time = 0.120805
Euler1dExplicit: run(): Step 9230 - Time = 0.120936
Euler1dExplicit: run(): Step 9240 - Time = 0.121067
Euler1dExplicit: run(): Step 9250 - Time = 0.121198
Euler1dExplicit: run(): Step 9260 - Time = 0.121329
Euler1dExplicit: run(): Step 9270 - Time = 0.12146
Euler1dExplicit: run(): Step 9280 - Time = 0.121591
Euler1dExplicit: run(): Step 9290 - Time = 0.121722
Euler1dExplicit: run(): Step 9300 - Time = 0.121853
Euler1dExplicit: run(): Step 9310 - Time = 0.121984
Euler1dExplicit: run(): Step 9320 - Time = 0.122115
Euler1dExplicit: run(): Step 9330 - Time = 0.122246
Euler1dExplicit: run(): Step 9340 - Time = 0.122377
Euler1dExplicit: run(): Step 9350 - Time = 0.122508
Euler1dExplicit: run(): Step 9360 - Time = 0.122639
Euler1dExplicit: run(): Step 9370 - Time = 0.12277
Euler1dExplicit: run(): Step 9380 - Time = 0.122901
Euler1dExplicit: run(): Step 9390 - Time = 0.123032
Euler1dExplicit: run(): Step 9400 - Time = 0.123163
Euler1dExplicit: run(): Step 9410 - Time = 0.123294
Euler1dExplicit: run(): Step 9420 - Time = 0.123425
Euler1dExplicit: run(): Step 9430 - Time = 0.123556
Euler1dExplicit: run(): Step 9440 - Time = 0.123687
Euler1dExplicit: run(): Step 9450 - Time = 0.123818
Euler1dExplicit: run(): Step 9460 - Time = 0.123949
Euler1dExplicit: run(): Step 9470 - Time = 0.12408
Euler1dExplicit: run(): Step 9480 - Time = 0.124211
Euler1dExplicit: run(): Step 9490 - Time = 0.124342
Euler1dExplicit: run(): Step 9500 - Time = 0.124473
Euler1dExplicit: run(): Step 9510 - Time = 0.124604
Euler1dExplicit: run(): Step 9520 - Time = 0.124735
Euler1dExplicit: run(): Step 9530 - Time = 0.124866
Euler1dExplicit: run(): Step 9540 - Time = 0.124997
Euler1dExplicit: run(): Step 9550 - Time = 0.125128
Euler1dExplicit: run(): Step 9560 - Time = 0.125259
Euler1dExplicit: run(): Step 9570 - Time = 0.12539
Euler1dExplicit: run(): Step 9580 - Time = 0.125521
Euler1dExplicit: run(): Step 9590 - Time = 0.125652
Euler1dExplicit: run(): Step 9600 - Time = 0.125783
Euler1dExplicit: run(): Step 9610 - Time = 0.125914
Euler1dExplicit: run(): Step 9620 - Time = 0.126044
Euler1dExplicit: run(): Step 9630 - Time = 0.126175
Euler1dExplicit: run(): Step 9640 - Time = 0.126306
Euler1dExplicit: run(): Step 9650 - Time = 0.126437
Euler1dExplicit: run(): Step 9660 - Time = 0.126568
Euler1dExplicit: run(): Step 9670 - Time = 0.126699
Euler1dExplicit: run(): Step 9680 - Time = 0.12683
Euler1dExplicit: run(): Step 9690 - Time = 0.126961
Euler1dExplicit: run(): Step 9700 - Time = 0.127092
Euler1dExplicit: run(): Step 9710 - Time = 0.127223
Euler1dExplicit: run(): Step 9720 - Time = 0.127354
Euler1dExplicit: run(): Step 9730 - Time = 0.127485
Euler1dExplicit: run(): Step 9740 - Time = 0.127616
Euler1dExplicit: run(): Step 9750 - Time = 0.127747
Euler1dExplicit: run(): Step 9760 - Time = 0.127878
Euler1dExplicit: run(): Step 9770 - Time = 0.128009
Euler1dExplicit: run(): Step 9780 - Time = 0.12814
Euler1dExplicit: run(): Step 9790 - Time = 0.128271
Euler1dExplicit: run(): Step 9800 - Time = 0.128402
Euler1dExplicit: run(): Step 9810 - Time = 0.128533
Euler1dExplicit: run(): Step 9820 - Time = 0.128664
Euler1dExplicit: run(): Step 9830 - Time = 0.128795
Euler1dExplicit: run(): Step 9840 - Time = 0.128926
Euler1dExplicit: run(): Step 9850 - Time = 0.129057
Euler1dExplicit: run(): Step 9860 - Time = 0.129188
Euler1dExplicit: run(): Step 9870 - Time = 0.129319
Euler1dExplicit: run(): Step 9880 - Time = 0.12945
Euler1dExplicit: run(): Step 9890 - Time = 0.129581
Euler1dExplicit: run(): Step 9900 - Time = 0.129712
Euler1dExplicit: run(): Step 9910 - Time = 0.129843
Euler1dExplicit: run(): Step 9920 - Time = 0.129974
Euler1dExplicit: run(): Step 9930 - Time = 0.130105
Euler1dExplicit: run(): Step 9940 - Time = 0.130236
Euler1dExplicit: run(): Step 9950 - Time = 0.130367
Euler1dExplicit: run(): Step 9960 - Time = 0.130498
Euler1dExplicit: run(): Step 9970 - Time = 0.130629
Euler1dExplicit: run(): Step 9980 - Time = 0.13076
Euler1dExplicit: run(): Step 9990 - Time = 0.130891
Euler1dExplicit: run(): Step 10000 - Time = 0.131022
Euler1dExplicit: run(): Step 10010 - Time = 0.131153
Euler1dExplicit: run(): Step 10020 - Time = 0.131284
Euler1dExplicit: run(): Step 10030 - Time = 0.131415
Euler1dExplicit: run(): Step 10040 - Time = 0.131546
Euler1dExplicit: run(): Step 10050 - Time = 0.131677
Euler1dExplicit: run(): Step 10060 - Time = 0.131808
Euler1dExplicit: run(): Step 10070 - Time = 0.131939
Euler1dExplicit: run(): Step 10080 - Time = 0.13207
Euler1dExplicit: run(): Step 10090 - Time = 0.132201
Euler1dExplicit: run(): Step 10100 - Time = 0.132332
Euler1dExplicit: run(): Step 10110 - Time = 0.132463
Euler1dExplicit: run(): Step 10120 - Time = 0.132594
Euler1dExplicit: run(): Step 10130 - Time = 0.132725
Euler1dExplicit: run(): Step 10140 - Time = 0.132856
Euler1dExplicit: run(): Step 10150 - Time = 0.132987
Euler1dExplicit: run(): Step 10160 - Time = 0.133118
Euler1dExplicit: run(): Step 10170 - Time = 0.133249
Euler1dExplicit: run(): Step 10180 - Time = 0.13338
Euler1dExplicit: run(): Step 10190 - Time = 0.133511
Euler1dExplicit: run(): Step 10200 - Time = 0.133642
Euler1dExplicit: run(): Step 10210 - Time = 0.133773
Euler1dExplicit: run(): Step 10220 - Time = 0.133904
Euler1dExplicit: run(): Step 10230 - Time = 0.134035
Euler1dExplicit: run(): Step 10240 - Time = 0.134166
Euler1dExplicit: run(): Step 10250 - Time = 0.134297
Euler1dExplicit: run(): Step 10260 - Time = 0.134428
Euler1dExplicit: run(): Step 10270 - Time = 0.134559
Euler1dExplicit: run(): Step 10280 - Time = 0.13469
Euler1dExplicit: run(): Step 10290 - Time = 0.134821
Euler1dExplicit: run(): Step 10300 - Time = 0.134952
Euler1dExplicit: run(): Step 10310 - Time = 0.135083
Euler1dExplicit: run(): Step 10320 - Time = 0.135214
Euler1dExplicit: run(): Step 10330 - Time = 0.135345
Euler1dExplicit: run(): Step 10340 - Time = 0.135476
Euler1dExplicit: run(): Step 10350 - Time = 0.135607
Euler1dExplicit: run(): Step 10360 - Time = 0.135738
Euler1dExplicit: run(): Step 10370 - Time = 0.135869
Euler1dExplicit: run(): Step 10380 - Time = 0.136
Euler1dExplicit: run(): Step 10390 - Time = 0.136131
Euler1dExplicit: run(): Step 10400 - Time = 0.136262
Euler1dExplicit: run(): Step 10410 - Time = 0.136393
Euler1dExplicit: run(): Step 10420 - Time = 0.136524
Euler1dExplicit: run(): Step 10430 - Time = 0.136655
Euler1dExplicit: run(): Step 10440 - Time = 0.136786
Euler1dExplicit: run(): Step 10450 - Time = 0.136917
Euler1dExplicit: run(): Step 10460 - Time = 0.137048
Euler1dExplicit: run(): Step 10470 - Time = 0.137179
Euler1dExplicit: run(): Step 10480 - Time = 0.13731
Euler1dExplicit: run(): Step 10490 - Time = 0.137441
Euler1dExplicit: run(): Step 10500 - Time = 0.137572
Euler1dExplicit: run(): Step 10510 - Time = 0.137703
Euler1dExplicit: run(): Step 10520 - Time = 0.137834
Euler1dExplicit: run(): Step 10530 - Time = 0.137965
Euler1dExplicit: run(): Step 10540 - Time = 0.138096
Euler1dExplicit: run(): Step 10550 - Time = 0.138227
Euler1dExplicit: run(): Step 10560 - Time = 0.138358
Euler1dExplicit: run(): Step 10570 - Time = 0.138489
Euler1dExplicit: run(): Step 10580 - Time = 0.13862
Euler1dExplicit: run(): Step 10590 - Time = 0.138751
Euler1dExplicit: run(): Step 10600 - Time = 0.138882
Euler1dExplicit: run(): Step 10610 - Time = 0.139013
Euler1dExplicit: run(): Step 10620 - Time = 0.139144
Euler1dExplicit: run(): Step 10630 - Time = 0.139275
Euler1dExplicit: run(): Step 10640 - Time = 0.139406
Euler1dExplicit: run(): Step 10650 - Time = 0.139537
Euler1dExplicit: run(): Step 10660 - Time = 0.139668
Euler1dExplicit: run(): Step 10670 - Time = 0.139799
Euler1dExplicit: run(): Step 10680 - Time = 0.13993
Euler1dExplicit: run(): Step 10690 - Time = 0.140061
Euler1dExplicit: run(): Step 10700 - Time = 0.140192
Euler1dExplicit: run(): Step 10710 - Time = 0.140323
Euler1dExplicit: run(): Step 10720 - Time = 0.140454
Euler1dExplicit: run(): Step 10730 - Time = 0.140585
Euler1dExplicit: run(): Step 10740 - Time = 0.140716
Euler1dExplicit: run(): Step 10750 - Time = 0.140847
Euler1dExplicit: run(): Step 10760 - Time = 0.140978
Euler1dExplicit: run(): Step 10770 - Time = 0.141109
Euler1dExplicit: run(): Step 10780 - Time = 0.14124
Euler1dExplicit: run(): Step 10790 - Time = 0.141371
Euler1dExplicit: run(): Step 10800 - Time = 0.141502
Euler1dExplicit: run(): Step 10810 - Time = 0.141633
Euler1dExplicit: run(): Step 10820 - Time = 0.141764
Euler1dExplicit: run(): Step 10830 - Time = 0.141895
Euler1dExplicit: run(): Step 10840 - Time = 0.142026
Euler1dExplicit: run(): Step 10850 - Time = 0.142157
Euler1dExplicit: run(): Step 10860 - Time = 0.142288
Euler1dExplicit: run(): Step 10870 - Time = 0.142419
Euler1dExplicit: run(): Step 10880 - Time = 0.14255
Euler1dExplicit: run(): Step 10890 - Time = 0.142681
Euler1dExplicit: run(): Step 10900 - Time = 0.142812
Euler1dExplicit: run(): Step 10910 - Time = 0.142943
Euler1dExplicit: run(): Step 10920 - Time = 0.143074
Euler1dExplicit: run(): Step 10930 - Time = 0.143205
Euler1dExplicit: run(): Step 10940 - Time = 0.143336
Euler1dExplicit: run(): Step 10950 - Time = 0.143467
Euler1dExplicit: run(): Step 10960 - Time = 0.143598
Euler1dExplicit: run(): Step 10970 - Time = 0.143729
Euler1dExplicit: run(): Step 10980 - Time = 0.14386
Euler1dExplicit: run(): Step 10990 - Time = 0.143991
Euler1dExplicit: run(): Step 11000 - Time = 0.144122
Euler1dExplicit: run(): Step 11010 - Time = 0.144253
Euler1dExplicit: run(): Step 11020 - Time = 0.144384
Euler1dExplicit: run(): Step 11030 - Time = 0.144515
Euler1dExplicit: run(): Step 11040 - Time = 0.144646
Euler1dExplicit: run(): Step 11050 - Time = 0.144777
Euler1dExplicit: run(): Step 11060 - Time = 0.144908
Euler1dExplicit: run(): Step 11070 - Time = 0.145039
Euler1dExplicit: run(): Step 11080 - Time = 0.14517
Euler1dExplicit: run(): Step 11090 - Time = 0.145301
Euler1dExplicit: run(): Step 11100 - Time = 0.145432
Euler1dExplicit: run(): Step 11110 - Time = 0.145563
Euler1dExplicit: run(): Step 11120 - Time = 0.145694
Euler1dExplicit: run(): Step 11130 - Time = 0.145825
Euler1dExplicit: run(): Step 11140 - Time = 0.145956
Euler1dExplicit: run(): Step 11150 - Time = 0.146087
Euler1dExplicit: run(): Step 11160 - Time = 0.146218
Euler1dExplicit: run(): Step 11170 - Time = 0.146349
Euler1dExplicit: run(): Step 11180 - Time = 0.14648
Euler1dExplicit: run(): Step 11190 - Time = 0.146611
Euler1dExplicit: run(): Step 11200 - Time = 0.146742
Euler1dExplicit: run(): Step 11210 - Time = 0.146873
Euler1dExplicit: run(): Step 11220 - Time = 0.147004
Euler1dExplicit: run(): Step 11230 - Time = 0.147135
Euler1dExplicit: run(): Step 11240 - Time = 0.147266
Euler1dExplicit: run(): Step 11250 - Time = 0.147397
Euler1dExplicit: run(): Step 11260 - Time = 0.147528
Euler1dExplicit: run(): Step 11270 - Time = 0.147659
Euler1dExplicit: run(): Step 11280 - Time = 0.14779
Euler1dExplicit: run(): Step 11290 - Time = 0.147921
Euler1dExplicit: run(): Step 11300 - Time = 0.148052
Euler1dExplicit: run(): Step 11310 - Time = 0.148183
Euler1dExplicit: run(): Step 11320 - Time = 0.148314
Euler1dExplicit: run(): Step 11330 - Time = 0.148445
Euler1dExplicit: run(): Step 11340 - Time = 0.148576
Euler1dExplicit: run(): Step 11350 - Time = 0.148707
Euler1dExplicit: run(): Step 11360 - Time = 0.148838
Euler1dExplicit: run(): Step 11370 - Time = 0.148969
Euler1dExplicit: run(): Step 11380 - Time = 0.1491
Euler1dExplicit: run(): Step 11390 - Time = 0.149231
Euler1dExplicit: run(): Step 11400 - Time = 0.149362
Euler1dExplicit: run(): Step 11410 - Time = 0.149493
Euler1dExplicit: run(): Step 11420 - Time = 0.149624
Euler1dExplicit: run(): Step 11430 - Time = 0.149755
Euler1dExplicit: run(): Step 11440 - Time = 0.149886
Euler1dExplicit: run(): Step 11450 - Time = 0.150017
Euler1dExplicit: run(): Step 11460 - Time = 0.150148
Euler1dExplicit: run(): Step 11470 - Time = 0.150279
Euler1dExplicit: run(): Step 11480 - Time = 0.15041
Euler1dExplicit: run(): Step 11490 - Time = 0.150541
Euler1dExplicit: run(): Step 11500 - Time = 0.150672
Euler1dExplicit: run(): Step 11510 - Time = 0.150803
Euler1dExplicit: run(): Step 11520 - Time = 0.150934
Euler1dExplicit: run(): Step 11530 - Time = 0.151065
Euler1dExplicit: run(): Step 11540 - Time = 0.151196
Euler1dExplicit: run(): Step 11550 - Time = 0.151327
Euler1dExplicit: run(): Step 11560 - Time = 0.151458
Euler1dExplicit: run(): Step 11570 - Time = 0.151589
Euler1dExplicit: run(): Step 11580 - Time = 0.15172
Euler1dExplicit: run(): Step 11590 - Time = 0.151851
Euler1dExplicit: run(): Step 11600 - Time = 0.151982
Euler1dExplicit: run(): Step 11610 - Time = 0.152113
Euler1dExplicit: run(): Step 11620 - Time = 0.152244
Euler1dExplicit: run(): Step 11630 - Time = 0.152375
Euler1dExplicit: run(): Step 11640 - Time = 0.152506
Euler1dExplicit: run(): Step 11650 - Time = 0.152637
Euler1dExplicit: run(): Step 11660 - Time = 0.152768
Euler1dExplicit: run(): Step 11670 - Time = 0.152899
Euler1dExplicit: run(): Step 11680 - Time = 0.15303
Euler1dExplicit: run(): Step 11690 - Time = 0.153161
Euler1dExplicit: run(): Step 11700 - Time = 0.153292
Euler1dExplicit: run(): Step 11710 - Time = 0.153423
Euler1dExplicit: run(): Step 11720 - Time = 0.153554
Euler1dExplicit: run(): Step 11730 - Time = 0.153685
Euler1dExplicit: run(): Step 11740 - Time = 0.153816
Euler1dExplicit: run(): Step 11750 - Time = 0.153947
Euler1dExplicit: run(): Step 11760 - Time = 0.154078
Euler1dExplicit: run(): Step 11770 - Time = 0.154208
Euler1dExplicit: run(): Step 11780 - Time = 0.154339
Euler1dExplicit: run(): Step 11790 - Time = 0.15447
Euler1dExplicit: run(): Step 11800 - Time = 0.154601
Euler1dExplicit: run(): Step 11810 - Time = 0.154732
Euler1dExplicit: run(): Step 11820 - Time = 0.154863
Euler1dExplicit: run(): Step 11830 - Time = 0.154994
Euler1dExplicit: run(): Step 11840 - Time = 0.155125
Euler1dExplicit: run(): Step 11850 - Time = 0.155256
Euler1dExplicit: run(): Step 11860 - Time = 0.155387
Euler1dExplicit: run(): Step 11870 - Time = 0.155518
Euler1dExplicit: run(): Step 11880 - Time = 0.155649
Euler1dExplicit: run(): Step 11890 - Time = 0.15578
Euler1dExplicit: run(): Step 11900 - Time = 0.155911
Euler1dExplicit: run(): Step 11910 - Time = 0.156042
Euler1dExplicit: run(): Step 11920 - Time = 0.156173
Euler1dExplicit: run(): Step 11930 - Time = 0.156304
Euler1dExplicit: run(): Step 11940 - Time = 0.156435
Euler1dExplicit: run(): Step 11950 - Time = 0.156566
Euler1dExplicit: run(): Step 11960 - Time = 0.156697
Euler1dExplicit: run(): Step 11970 - Time = 0.156828
Euler1dExplicit: run(): Step 11980 - Time = 0.156959
Euler1dExplicit: run(): Step 11990 - Time = 0.15709
Euler1dExplicit: run(): Step 12000 - Time = 0.157221
Euler1dExplicit: run(): Step 12010 - Time = 0.157352
Euler1dExplicit: run(): Step 12020 - Time = 0.157483
Euler1dExplicit: run(): Step 12030 - Time = 0.157614
Euler1dExplicit: run(): Step 12040 - Time = 0.157745
Euler1dExplicit: run(): Step 12050 - Time = 0.157876
Euler1dExplicit: run(): Step 12060 - Time = 0.158007
Euler1dExplicit: run(): Step 12070 - Time = 0.158138
Euler1dExplicit: run(): Step 12080 - Time = 0.158269
Euler1dExplicit: run(): Step 12090 - Time = 0.1584
Euler1dExplicit: run(): Step 12100 - Time = 0.158531
Euler1dExplicit: run(): Step 12110 - Time = 0.158662
Euler1dExplicit: run(): Step 12120 - Time = 0.158793
Euler1dExplicit: run(): Step 12130 - Time = 0.158924
Euler1dExplicit: run(): Step 12140 - Time = 0.159055
Euler1dExplicit: run(): Step 12150 - Time = 0.159186
Euler1dExplicit: run(): Step 12160 - Time = 0.159317
Euler1dExplicit: run(): Step 12170 - Time = 0.159448
Euler1dExplicit: run(): Step 12180 - Time = 0.159579
Euler1dExplicit: run(): Step 12190 - Time = 0.15971
Euler1dExplicit: run(): Step 12200 - Time = 0.159841
Euler1dExplicit: run(): Step 12210 - Time = 0.159972
Euler1dExplicit: run(): Step 12220 - Time = 0.160103
Euler1dExplicit: run(): Step 12230 - Time = 0.160234
Euler1dExplicit: run(): Step 12240 - Time = 0.160365
Euler1dExplicit: run(): Step 12250 - Time = 0.160496
Euler1dExplicit: run(): Step 12260 - Time = 0.160627
Euler1dExplicit: run(): Step 12270 - Time = 0.160758
Euler1dExplicit: run(): Step 12280 - Time = 0.160889
Euler1dExplicit: run(): Step 12290 - Time = 0.16102
Euler1dExplicit: run(): Step 12300 - Time = 0.161151
Euler1dExplicit: run(): Step 12310 - Time = 0.161282
Euler1dExplicit: run(): Step 12320 - Time = 0.161413
Euler1dExplicit: run(): Step 12330 - Time = 0.161544
Euler1dExplicit: run(): Step 12340 - Time = 0.161675
Euler1dExplicit: run(): Step 12350 - Time = 0.161806
Euler1dExplicit: run(): Step 12360 - Time = 0.161937
Euler1dExplicit: run(): Step 12370 - Time = 0.162068
Euler1dExplicit: run(): Step 12380 - Time = 0.162199
Euler1dExplicit: run(): Step 12390 - Time = 0.16233
Euler1dExplicit: run(): Step 12400 - Time = 0.162461
Euler1dExplicit: run(): Step 12410 - Time = 0.162592
Euler1dExplicit: run(): Step 12420 - Time = 0.162723
Euler1dExplicit: run(): Step 12430 - Time = 0.162854
Euler1dExplicit: run(): Step 12440 - Time = 0.162985
Euler1dExplicit: run(): Step 12450 - Time = 0.163116
Euler1dExplicit: run(): Step 12460 - Time = 0.163247
Euler1dExplicit: run(): Step 12470 - Time = 0.163378
Euler1dExplicit: run(): Step 12480 - Time = 0.163509
Euler1dExplicit: run(): Step 12490 - Time = 0.16364
Euler1dExplicit: run(): Step 12500 - Time = 0.163771
Euler1dExplicit: run(): Step 12510 - Time = 0.163902
Euler1dExplicit: run(): Step 12520 - Time = 0.164033
Euler1dExplicit: run(): Step 12530 - Time = 0.164164
Euler1dExplicit: run(): Step 12540 - Time = 0.164295
Euler1dExplicit: run(): Step 12550 - Time = 0.164426
Euler1dExplicit: run(): Step 12560 - Time = 0.164557
Euler1dExplicit: run(): Step 12570 - Time = 0.164688
Euler1dExplicit: run(): Step 12580 - Time = 0.164819
Euler1dExplicit: run(): Step 12590 - Time = 0.16495
Euler1dExplicit: run(): Step 12600 - Time = 0.165081
Euler1dExplicit: run(): Step 12610 - Time = 0.165212
Euler1dExplicit: run(): Step 12620 - Time = 0.165343
Euler1dExplicit: run(): Step 12630 - Time = 0.165474
Euler1dExplicit: run(): Step 12640 - Time = 0.165605
Euler1dExplicit: run(): Step 12650 - Time = 0.165736
Euler1dExplicit: run(): Step 12660 - Time = 0.165867
Euler1dExplicit: run(): Step 12670 - Time = 0.165998
Euler1dExplicit: run(): Step 12680 - Time = 0.166129
Euler1dExplicit: run(): Step 12690 - Time = 0.16626
Euler1dExplicit: run(): Step 12700 - Time = 0.166391
Euler1dExplicit: run(): Step 12710 - Time = 0.166522
Euler1dExplicit: run(): Step 12720 - Time = 0.166653
Euler1dExplicit: run(): Step 12730 - Time = 0.166784
Euler1dExplicit: run(): Step 12740 - Time = 0.166915
Euler1dExplicit: run(): Step 12750 - Time = 0.167046
Euler1dExplicit: run(): Step 12760 - Time = 0.167177
Euler1dExplicit: run(): Step 12770 - Time = 0.167308
Euler1dExplicit: run(): Step 12780 - Time = 0.167439
Euler1dExplicit: run(): Step 12790 - Time = 0.16757
Euler1dExplicit: run(): Step 12800 - Time = 0.167701
Euler1dExplicit: run(): Step 12810 - Time = 0.167832
Euler1dExplicit: run(): Step 12820 - Time = 0.167963
Euler1dExplicit: run(): Step 12830 - Time = 0.168094
Euler1dExplicit: run(): Step 12840 - Time = 0.168225
Euler1dExplicit: run(): Step 12850 - Time = 0.168356
Euler1dExplicit: run(): Step 12860 - Time = 0.168487
Euler1dExplicit: run(): Step 12870 - Time = 0.168618
Euler1dExplicit: run(): Step 12880 - Time = 0.168749
Euler1dExplicit: run(): Step 12890 - Time = 0.16888
Euler1dExplicit: run(): Step 12900 - Time = 0.169011
Euler1dExplicit: run(): Step 12910 - Time = 0.169142
Euler1dExplicit: run(): Step 12920 - Time = 0.169273
Euler1dExplicit: run(): Step 12930 - Time = 0.169404
Euler1dExplicit: run(): Step 12940 - Time = 0.169535
Euler1dExplicit: run(): Step 12950 - Time = 0.169666
Euler1dExplicit: run(): Step 12960 - Time = 0.169797
Euler1dExplicit: run(): Step 12970 - Time = 0.169928
Euler1dExplicit: run(): Step 12980 - Time = 0.170059
Euler1dExplicit: run(): Step 12990 - Time = 0.17019
Euler1dExplicit: run(): Step 13000 - Time = 0.170321
Euler1dExplicit: run(): Step 13010 - Time = 0.170452
Euler1dExplicit: run(): Step 13020 - Time = 0.170583
Euler1dExplicit: run(): Step 13030 - Time = 0.170714
Euler1dExplicit: run(): Step 13040 - Time = 0.170845
Euler1dExplicit: run(): Step 13050 - Time = 0.170976
Euler1dExplicit: run(): Step 13060 - Time = 0.171107
Euler1dExplicit: run(): Step 13070 - Time = 0.171238
Euler1dExplicit: run(): Step 13080 - Time = 0.171369
Euler1dExplicit: run(): Step 13090 - Time = 0.1715
Euler1dExplicit: run(): Step 13100 - Time = 0.171631
Euler1dExplicit: run(): Step 13110 - Time = 0.171762
Euler1dExplicit: run(): Step 13120 - Time = 0.171893
Euler1dExplicit: run(): Step 13130 - Time = 0.172024
Euler1dExplicit: run(): Step 13140 - Time = 0.172155
Euler1dExplicit: run(): Step 13150 - Time = 0.172286
Euler1dExplicit: run(): Step 13160 - Time = 0.172417
Euler1dExplicit: run(): Step 13170 - Time = 0.172548
Euler1dExplicit: run(): Step 13180 - Time = 0.172679
Euler1dExplicit: run(): Step 13190 - Time = 0.17281
Euler1dExplicit: run(): Step 13200 - Time = 0.172941
Euler1dExplicit: run(): Step 13210 - Time = 0.173072
Euler1dExplicit: run(): Step 13220 - Time = 0.173203
Euler1dExplicit: run(): Step 13230 - Time = 0.173334
Euler1dExplicit: run(): Step 13240 - Time = 0.173465
Euler1dExplicit: run(): Step 13250 - Time = 0.173596
Euler1dExplicit: run(): Step 13260 - Time = 0.173727
Euler1dExplicit: run(): Step 13270 - Time = 0.173858
Euler1dExplicit: run(): Step 13280 - Time = 0.173989
Euler1dExplicit: run(): Step 13290 - Time = 0.17412
Euler1dExplicit: run(): Step 13300 - Time = 0.174251
Euler1dExplicit: run(): Step 13310 - Time = 0.174382
Euler1dExplicit: run(): Step 13320 - Time = 0.174513
Euler1dExplicit: run(): Step 13330 - Time = 0.174644
Euler1dExplicit: run(): Step 13340 - Time = 0.174775
Euler1dExplicit: run(): Step 13350 - Time = 0.174906
Euler1dExplicit: run(): Step 13360 - Time = 0.175037
Euler1dExplicit: run(): Step 13370 - Time = 0.175168
Euler1dExplicit: run(): Step 13380 - Time = 0.175299
Euler1dExplicit: run(): Step 13390 - Time = 0.17543
Euler1dExplicit: run(): Step 13400 - Time = 0.175561
Euler1dExplicit: run(): Step 13410 - Time = 0.175692
Euler1dExplicit: run(): Step 13420 - Time = 0.175823
Euler1dExplicit: run(): Step 13430 - Time = 0.175954
Euler1dExplicit: run(): Step 13440 - Time = 0.176085
Euler1dExplicit: run(): Step 13450 - Time = 0.176216
Euler1dExplicit: run(): Step 13460 - Time = 0.176347
Euler1dExplicit: run(): Step 13470 - Time = 0.176478
Euler1dExplicit: run(): Step 13480 - Time = 0.176609
Euler1dExplicit: run(): Step 13490 - Time = 0.17674
Euler1dExplicit: run(): Step 13500 - Time = 0.176871
Euler1dExplicit: run(): Step 13510 - Time = 0.177002
Euler1dExplicit: run(): Step 13520 - Time = 0.177133
Euler1dExplicit: run(): Step 13530 - Time = 0.177264
Euler1dExplicit: run(): Step 13540 - Time = 0.177395
Euler1dExplicit: run(): Step 13550 - Time = 0.177526
Euler1dExplicit: run(): Step 13560 - Time = 0.177657
Euler1dExplicit: run(): Step 13570 - Time = 0.177788
Euler1dExplicit: run(): Step 13580 - Time = 0.177919
Euler1dExplicit: run(): Step 13590 - Time = 0.17805
Euler1dExplicit: run(): Step 13600 - Time = 0.178181
Euler1dExplicit: run(): Step 13610 - Time = 0.178312
Euler1dExplicit: run(): Step 13620 - Time = 0.178443
Euler1dExplicit: run(): Step 13630 - Time = 0.178574
Euler1dExplicit: run(): Step 13640 - Time = 0.178705
Euler1dExplicit: run(): Step 13650 - Time = 0.178836
Euler1dExplicit: run(): Step 13660 - Time = 0.178967
Euler1dExplicit: run(): Step 13670 - Time = 0.179098
Euler1dExplicit: run(): Step 13680 - Time = 0.179229
Euler1dExplicit: run(): Step 13690 - Time = 0.17936
Euler1dExplicit: run(): Step 13700 - Time = 0.179491
Euler1dExplicit: run(): Step 13710 - Time = 0.179622
Euler1dExplicit: run(): Step 13720 - Time = 0.179753
Euler1dExplicit: run(): Step 13730 - Time = 0.179884
Euler1dExplicit: run(): Step 13740 - Time = 0.180015
Euler1dExplicit: run(): Step 13750 - Time = 0.180146
Euler1dExplicit: run(): Step 13760 - Time = 0.180277
Euler1dExplicit: run(): Step 13770 - Time = 0.180408
Euler1dExplicit: run(): Step 13780 - Time = 0.180539
Euler1dExplicit: run(): Step 13790 - Time = 0.18067
Euler1dExplicit: run(): Step 13800 - Time = 0.180801
Euler1dExplicit: run(): Step 13810 - Time = 0.180932
Euler1dExplicit: run(): Step 13820 - Time = 0.181063
Euler1dExplicit: run(): Step 13830 - Time = 0.181194
Euler1dExplicit: run(): Step 13840 - Time = 0.181325
Euler1dExplicit: run(): Step 13850 - Time = 0.181456
Euler1dExplicit: run(): Step 13860 - Time = 0.181587
Euler1dExplicit: run(): Step 13870 - Time = 0.181718
Euler1dExplicit: run(): Step 13880 - Time = 0.181849
Euler1dExplicit: run(): Step 13890 - Time = 0.18198
Euler1dExplicit: run(): Step 13900 - Time = 0.182111
Euler1dExplicit: run(): Step 13910 - Time = 0.182242
Euler1dExplicit: run(): Step 13920 - Time = 0.182373
Euler1dExplicit: run(): Step 13930 - Time = 0.182503
Euler1dExplicit: run(): Step 13940 - Time = 0.182634
Euler1dExplicit: run(): Step 13950 - Time = 0.182765
Euler1dExplicit: run(): Step 13960 - Time = 0.182896
Euler1dExplicit: run(): Step 13970 - Time = 0.183027
Euler1dExplicit: run(): Step 13980 - Time = 0.183158
Euler1dExplicit: run(): Step 13990 - Time = 0.183289
Euler1dExplicit: run(): Step 14000 - Time = 0.18342
Euler1dExplicit: run(): Step 14010 - Time = 0.183551
Euler1dExplicit: run(): Step 14020 - Time = 0.183682
Euler1dExplicit: run(): Step 14030 - Time = 0.183813
Euler1dExplicit: run(): Step 14040 - Time = 0.183944
Euler1dExplicit: run(): Step 14050 - Time = 0.184075
Euler1dExplicit: run(): Step 14060 - Time = 0.184206
Euler1dExplicit: run(): Step 14070 - Time = 0.184337
Euler1dExplicit: run(): Step 14080 - Time = 0.184468
Euler1dExplicit: run(): Step 14090 - Time = 0.184599
Euler1dExplicit: run(): Step 14100 - Time = 0.18473
Euler1dExplicit: run(): Step 14110 - Time = 0.184861
Euler1dExplicit: run(): Step 14120 - Time = 0.184992
Euler1dExplicit: run(): Step 14130 - Time = 0.185123
Euler1dExplicit: run(): Step 14140 - Time = 0.185254
Euler1dExplicit: run(): Step 14150 - Time = 0.185385
Euler1dExplicit: run(): Step 14160 - Time = 0.185516
Euler1dExplicit: run(): Step 14170 - Time = 0.185647
Euler1dExplicit: run(): Step 14180 - Time = 0.185778
Euler1dExplicit: run(): Step 14190 - Time = 0.185909
Euler1dExplicit: run(): Step 14200 - Time = 0.18604
Euler1dExplicit: run(): Step 14210 - Time = 0.186171
Euler1dExplicit: run(): Step 14220 - Time = 0.186302
Euler1dExplicit: run(): Step 14230 - Time = 0.186433
Euler1dExplicit: run(): Step 14240 - Time = 0.186564
Euler1dExplicit: run(): Step 14250 - Time = 0.186695
Euler1dExplicit: run(): Step 14260 - Time = 0.186826
Euler1dExplicit: run(): Step 14270 - Time = 0.186957
Euler1dExplicit: run(): Step 14280 - Time = 0.187088
Euler1dExplicit: run(): Step 14290 - Time = 0.187219
Euler1dExplicit: run(): Step 14300 - Time = 0.18735
Euler1dExplicit: run(): Step 14310 - Time = 0.187481
Euler1dExplicit: run(): Step 14320 - Time = 0.187612
Euler1dExplicit: run(): Step 14330 - Time = 0.187743
Euler1dExplicit: run(): Step 14340 - Time = 0.187874
Euler1dExplicit: run(): Step 14350 - Time = 0.188005
Euler1dExplicit: run(): Step 14360 - Time = 0.188136
Euler1dExplicit: run(): Step 14370 - Time = 0.188267
Euler1dExplicit: run(): Step 14380 - Time = 0.188398
Euler1dExplicit: run(): Step 14390 - Time = 0.188529
Euler1dExplicit: run(): Step 14400 - Time = 0.18866
Euler1dExplicit: run(): Step 14410 - Time = 0.188791
Euler1dExplicit: run(): Step 14420 - Time = 0.188922
Euler1dExplicit: run(): Step 14430 - Time = 0.189053
Euler1dExplicit: run(): Step 14440 - Time = 0.189184
Euler1dExplicit: run(): Step 14450 - Time = 0.189315
Euler1dExplicit: run(): Step 14460 - Time = 0.189446
Euler1dExplicit: run(): Step 14470 - Time = 0.189577
Euler1dExplicit: run(): Step 14480 - Time = 0.189708
Euler1dExplicit: run(): Step 14490 - Time = 0.189839
Euler1dExplicit: run(): Step 14500 - Time = 0.18997
Euler1dExplicit: run(): Step 14510 - Time = 0.190101
Euler1dExplicit: run(): Step 14520 - Time = 0.190232
Euler1dExplicit: run(): Step 14530 - Time = 0.190363
Euler1dExplicit: run(): Step 14540 - Time = 0.190494
Euler1dExplicit: run(): Step 14550 - Time = 0.190625
Euler1dExplicit: run(): Step 14560 - Time = 0.190756
Euler1dExplicit: run(): Step 14570 - Time = 0.190887
Euler1dExplicit: run(): Step 14580 - Time = 0.191018
Euler1dExplicit: run(): Step 14590 - Time = 0.191149
Euler1dExplicit: run(): Step 14600 - Time = 0.19128
Euler1dExplicit: run(): Step 14610 - Time = 0.191411
Euler1dExplicit: run(): Step 14620 - Time = 0.191542
Euler1dExplicit: run(): Step 14630 - Time = 0.191673
Euler1dExplicit: run(): Step 14640 - Time = 0.191804
Euler1dExplicit: run(): Step 14650 - Time = 0.191935
Euler1dExplicit: run(): Step 14660 - Time = 0.192066
Euler1dExplicit: run(): Step 14670 - Time = 0.192197
Euler1dExplicit: run(): Step 14680 - Time = 0.192328
Euler1dExplicit: run(): Step 14690 - Time = 0.192459
Euler1dExplicit: run(): Step 14700 - Time = 0.19259
Euler1dExplicit: run(): Step 14710 - Time = 0.192721
Euler1dExplicit: run(): Step 14720 - Time = 0.192852
Euler1dExplicit: run(): Step 14730 - Time = 0.192983
Euler1dExplicit: run(): Step 14740 - Time = 0.193114
Euler1dExplicit: run(): Step 14750 - Time = 0.193245
Euler1dExplicit: run(): Step 14760 - Time = 0.193376
Euler1dExplicit: run(): Step 14770 - Time = 0.193507
Euler1dExplicit: run(): Step 14780 - Time = 0.193638
Euler1dExplicit: run(): Step 14790 - Time = 0.193769
Euler1dExplicit: run(): Step 14800 - Time = 0.1939
Euler1dExplicit: run(): Step 14810 - Time = 0.194031
Euler1dExplicit: run(): Step 14820 - Time = 0.194162
Euler1dExplicit: run(): Step 14830 - Time = 0.194293
Euler1dExplicit: run(): Step 14840 - Time = 0.194424
Euler1dExplicit: run(): Step 14850 - Time = 0.194555
Euler1dExplicit: run(): Step 14860 - Time = 0.194686
Euler1dExplicit: run(): Step 14870 - Time = 0.194817
Euler1dExplicit: run(): Step 14880 - Time = 0.194948
Euler1dExplicit: run(): Step 14890 - Time = 0.195079
Euler1dExplicit: run(): Step 14900 - Time = 0.19521
Euler1dExplicit: run(): Step 14910 - Time = 0.195341
Euler1dExplicit: run(): Step 14920 - Time = 0.195472
Euler1dExplicit: run(): Step 14930 - Time = 0.195603
Euler1dExplicit: run(): Step 14940 - Time = 0.195734
Euler1dExplicit: run(): Step 14950 - Time = 0.195865
Euler1dExplicit: run(): Step 14960 - Time = 0.195996
Euler1dExplicit: run(): Step 14970 - Time = 0.196127
Euler1dExplicit: run(): Step 14980 - Time = 0.196258
Euler1dExplicit: run(): Step 14990 - Time = 0.196389
Euler1dExplicit: run(): Step 15000 - Time = 0.19652
Euler1dExplicit: run(): Step 15010 - Time = 0.196651
Euler1dExplicit: run(): Step 15020 - Time = 0.196782
Euler1dExplicit: run(): Step 15030 - Time = 0.196913
Euler1dExplicit: run(): Step 15040 - Time = 0.197044
Euler1dExplicit: run(): Step 15050 - Time = 0.197175
Euler1dExplicit: run(): Step 15060 - Time = 0.197306
Euler1dExplicit: run(): Step 15070 - Time = 0.197437
Euler1dExplicit: run(): Step 15080 - Time = 0.197568
Euler1dExplicit: run(): Step 15090 - Time = 0.197699
Euler1dExplicit: run(): Step 15100 - Time = 0.19783
Euler1dExplicit: run(): Step 15110 - Time = 0.197961
Euler1dExplicit: run(): Step 15120 - Time = 0.198092
Euler1dExplicit: run(): Step 15130 - Time = 0.198223
Euler1dExplicit: run(): Step 15140 - Time = 0.198354
Euler1dExplicit: run(): Step 15150 - Time = 0.198485
Euler1dExplicit: run(): Step 15160 - Time = 0.198616
Euler1dExplicit: run(): Step 15170 - Time = 0.198747
Euler1dExplicit: run(): Step 15180 - Time = 0.198878
Euler1dExplicit: run(): Step 15190 - Time = 0.199009
Euler1dExplicit: run(): Step 15200 - Time = 0.19914
Euler1dExplicit: run(): Step 15210 - Time = 0.199271
Euler1dExplicit: run(): Step 15220 - Time = 0.199402
Euler1dExplicit: run(): Step 15230 - Time = 0.199533
Euler1dExplicit: run(): Step 15240 - Time = 0.199664
Euler1dExplicit: run(): Step 15250 - Time = 0.199795
Euler1dExplicit: run(): Step 15260 - Time = 0.199926
Euler1dExplicit: run(): Done. Number of time steps = 15266, final time = 0.200004
----------------------------------------
Begin PBS Epilogue Fri Jan  6 16:06:51 EST 2017 1483736811
Job ID:		75657642.gm-1r16-n04.guillimin.clumeq.ca
Username:	akashi
Group:		rck-371-01
Job Name:	sodst_acc_gpu
Session:	3783
Limits:		neednodes=1:ppn=1:gpus=1,nodes=1:ppn=1:gpus=1,walltime=00:20:00
Resources:	cput=00:18:03,energy_used=0,mem=178268kb,vmem=96708224kb,walltime=00:18:33
Queue:		k20
Account:	rck-371-aa
Exit code:	0
Nodes:	aw-4r13-n28
Killing leftovers...

End PBS Epilogue Fri Jan  6 16:06:51 EST 2017 1483736811
----------------------------------------
